#
# There is insufficient memory for the Java Runtime Environment to continue.
# Native memory allocation (mmap) failed to map 20971520 bytes for G1 virtual space
# Possible reasons:
#   The system is out of physical RAM or swap space
#   The process is running with CompressedOops enabled, and the Java Heap may be blocking the growth of the native heap
# Possible solutions:
#   Reduce memory load on the system
#   Increase physical memory or swap space
#   Check if swap backing store is full
#   Decrease Java heap size (-Xmx/-Xms)
#   Decrease number of Java threads
#   Decrease Java thread stack sizes (-Xss)
#   Set larger code cache with -XX:ReservedCodeCacheSize=
#   JVM is running with Unscaled Compressed Oops mode in which the Java heap is
#     placed in the first 4GB address space. The Java Heap base address is the
#     maximum limit for the native heap growth. Please use -XX:HeapBaseMinAddress
#     to set the Java Heap base and to place the Java Heap above 4GB virtual address.
# This output file may be truncated or incomplete.
#
#  Out of Memory Error (os_windows.cpp:3769), pid=13696, tid=14904
#
# JRE version: OpenJDK Runtime Environment (17.0.6) (build 17.0.6+0-b2043.56-10027231)
# Java VM: OpenJDK 64-Bit Server VM (17.0.6+0-b2043.56-10027231, mixed mode, tiered, compressed oops, compressed class ptrs, g1 gc, windows-amd64)
# No core dump will be written. Minidumps are not enabled by default on client versions of Windows
#

---------------  S U M M A R Y ------------

Command Line: --add-opens=java.base/java.util=ALL-UNNAMED --add-opens=java.base/java.lang=ALL-UNNAMED --add-opens=java.base/java.lang.invoke=ALL-UNNAMED --add-opens=java.prefs/java.util.prefs=ALL-UNNAMED --add-opens=java.base/java.nio.charset=ALL-UNNAMED --add-opens=java.base/java.net=ALL-UNNAMED --add-opens=java.base/java.util.concurrent.atomic=ALL-UNNAMED -Xmx2048m -Dfile.encoding=UTF-8 -Duser.country=FR -Duser.language=fr -Duser.variant org.gradle.launcher.daemon.bootstrap.GradleDaemon 8.0

Host: 11th Gen Intel(R) Core(TM) i5-1155G7 @ 2.50GHz, 8 cores, 11G,  Windows 11 , 64 bit Build 22621 (10.0.22621.3235)
Time: Mon Mar 25 23:56:19 2024 Greenwich elapsed time: 268.980344 seconds (0d 0h 4m 28s)

---------------  T H R E A D  ---------------

Current thread (0x0000022a561a2ad0):  VMThread "VM Thread" [stack: 0x000000aa4e700000,0x000000aa4e800000] [id=14904]

Stack: [0x000000aa4e700000,0x000000aa4e800000]
Native frames: (J=compiled Java code, j=interpreted, Vv=VM code, C=native code)
V  [jvm.dll+0x683c9a]
V  [jvm.dll+0x8427a4]
V  [jvm.dll+0x843f9e]
V  [jvm.dll+0x844603]
V  [jvm.dll+0x249b75]
V  [jvm.dll+0x680b69]
V  [jvm.dll+0x67505a]
V  [jvm.dll+0x309acb]
V  [jvm.dll+0x310f86]
V  [jvm.dll+0x3608ee]
V  [jvm.dll+0x360b1f]
V  [jvm.dll+0x2dfbf8]
V  [jvm.dll+0x2e2ce6]
V  [jvm.dll+0x2ed478]
V  [jvm.dll+0x322150]
V  [jvm.dll+0x848ccb]
V  [jvm.dll+0x849a04]
V  [jvm.dll+0x849f1d]
V  [jvm.dll+0x84a2f4]
V  [jvm.dll+0x84a3c0]
V  [jvm.dll+0x7f274a]
V  [jvm.dll+0x682ad5]
C  [ucrtbase.dll+0x29363]
C  [KERNEL32.DLL+0x1257d]
C  [ntdll.dll+0x5aa58]

VM_Operation (0x000000aa4e3ff9b0): G1Concurrent, mode: safepoint, requested by thread 0x0000022a3c392fb0


---------------  P R O C E S S  ---------------

Threads class SMR info:
_java_thread_list=0x0000022a63ab54c0, length=53, elements={
0x0000022a3c3249f0, 0x0000022a561a3570, 0x0000022a56c50230, 0x0000022a56c25f90,
0x0000022a56c26b40, 0x0000022a56c566c0, 0x0000022a56c5b090, 0x0000022a56c5bd70,
0x0000022a56c5c810, 0x0000022a56c5d200, 0x0000022a56dfcf50, 0x0000022a56e01c50,
0x0000022a5840d020, 0x0000022a58515210, 0x0000022a5853a690, 0x0000022a584f0f40,
0x0000022a584eda50, 0x0000022a584f0a70, 0x0000022a584ed580, 0x0000022a584edf20,
0x0000022a584eed90, 0x0000022a5c6a7eb0, 0x0000022a5c6a8d20, 0x0000022a5c6a44f0,
0x0000022a5c6a49c0, 0x0000022a5c6a3680, 0x0000022a5c6a96c0, 0x0000022a5c6a7510,
0x0000022a5acf7470, 0x0000022a5acf7e10, 0x0000022a5acf87b0, 0x0000022a5acfb300,
0x0000022a5e5d8880, 0x0000022a5eb67750, 0x0000022a606fd100, 0x0000022a606fc760,
0x0000022a5ce44a10, 0x0000022a5ce453b0, 0x0000022a609a11b0, 0x0000022a609a1680,
0x0000022a60616080, 0x0000022a60613530, 0x0000022a5e4d0680, 0x0000022a5e6bb420,
0x0000022a641c0980, 0x0000022a641c1320, 0x0000022a600973c0, 0x0000022a6062af70,
0x0000022a6062b910, 0x0000022a6062cc50, 0x0000022a5c794a50, 0x0000022a56fcc690,
0x0000022a5ce44070
}

Java Threads: ( => current thread )
  0x0000022a3c3249f0 JavaThread "main" [_thread_blocked, id=7516, stack(0x000000aa4e100000,0x000000aa4e200000)]
  0x0000022a561a3570 JavaThread "Reference Handler" daemon [_thread_blocked, id=7984, stack(0x000000aa4e800000,0x000000aa4e900000)]
  0x0000022a56c50230 JavaThread "Finalizer" daemon [_thread_blocked, id=2416, stack(0x000000aa4e900000,0x000000aa4ea00000)]
  0x0000022a56c25f90 JavaThread "Signal Dispatcher" daemon [_thread_blocked, id=9308, stack(0x000000aa4ea00000,0x000000aa4eb00000)]
  0x0000022a56c26b40 JavaThread "Attach Listener" daemon [_thread_blocked, id=13540, stack(0x000000aa4eb00000,0x000000aa4ec00000)]
  0x0000022a56c566c0 JavaThread "Service Thread" daemon [_thread_blocked, id=13268, stack(0x000000aa4ec00000,0x000000aa4ed00000)]
  0x0000022a56c5b090 JavaThread "Monitor Deflation Thread" daemon [_thread_blocked, id=7932, stack(0x000000aa4ed00000,0x000000aa4ee00000)]
  0x0000022a56c5bd70 JavaThread "C2 CompilerThread0" daemon [_thread_blocked, id=15684, stack(0x000000aa4ee00000,0x000000aa4ef00000)]
  0x0000022a56c5c810 JavaThread "C1 CompilerThread0" daemon [_thread_blocked, id=11564, stack(0x000000aa4ef00000,0x000000aa4f000000)]
  0x0000022a56c5d200 JavaThread "Sweeper thread" daemon [_thread_blocked, id=11136, stack(0x000000aa4f000000,0x000000aa4f100000)]
  0x0000022a56dfcf50 JavaThread "Common-Cleaner" daemon [_thread_blocked, id=11680, stack(0x000000aa4f100000,0x000000aa4f200000)]
  0x0000022a56e01c50 JavaThread "Notification Thread" daemon [_thread_blocked, id=13200, stack(0x000000aa4f200000,0x000000aa4f300000)]
  0x0000022a5840d020 JavaThread "Daemon health stats" [_thread_blocked, id=7628, stack(0x000000aa4fa00000,0x000000aa4fb00000)]
  0x0000022a58515210 JavaThread "Incoming local TCP Connector on port 59750" [_thread_in_native, id=14452, stack(0x000000aa4f500000,0x000000aa4f600000)]
  0x0000022a5853a690 JavaThread "Daemon periodic checks" [_thread_blocked, id=14252, stack(0x000000aa4fb00000,0x000000aa4fc00000)]
  0x0000022a584f0f40 JavaThread "Cache worker for journal cache (C:\Users\yk5fe\.gradle\caches\journal-1)" [_thread_blocked, id=3304, stack(0x000000aa50700000,0x000000aa50800000)]
  0x0000022a584eda50 JavaThread "File lock request listener" [_thread_in_native, id=12900, stack(0x000000aa50800000,0x000000aa50900000)]
  0x0000022a584f0a70 JavaThread "Cache worker for file hash cache (C:\Users\yk5fe\.gradle\caches\8.0\fileHashes)" [_thread_blocked, id=13800, stack(0x000000aa50900000,0x000000aa50a00000)]
  0x0000022a584ed580 JavaThread "File watcher server" daemon [_thread_blocked, id=7476, stack(0x000000aa50b00000,0x000000aa50c00000)]
  0x0000022a584edf20 JavaThread "File watcher consumer" daemon [_thread_blocked, id=8852, stack(0x000000aa50c00000,0x000000aa50d00000)]
  0x0000022a584eed90 JavaThread "Cache worker for file content cache (C:\Users\yk5fe\.gradle\caches\8.0\fileContent)" [_thread_blocked, id=8188, stack(0x000000aa50f00000,0x000000aa51000000)]
  0x0000022a5c6a7eb0 JavaThread "Cache worker for execution history cache (C:\Users\yk5fe\.gradle\caches\8.0\executionHistory)" [_thread_blocked, id=11664, stack(0x000000aa51200000,0x000000aa51300000)]
  0x0000022a5c6a8d20 JavaThread "jar transforms" [_thread_blocked, id=9172, stack(0x000000aa51300000,0x000000aa51400000)]
  0x0000022a5c6a44f0 JavaThread "jar transforms Thread 2" [_thread_blocked, id=3016, stack(0x000000aa51400000,0x000000aa51500000)]
  0x0000022a5c6a49c0 JavaThread "Cache worker for kotlin-dsl (C:\Users\yk5fe\.gradle\caches\8.0\kotlin-dsl)" [_thread_blocked, id=10796, stack(0x000000aa51500000,0x000000aa51600000)]
  0x0000022a5c6a3680 JavaThread "jar transforms Thread 3" [_thread_blocked, id=10712, stack(0x000000aa51600000,0x000000aa51700000)]
  0x0000022a5c6a96c0 JavaThread "jar transforms Thread 4" [_thread_blocked, id=6588, stack(0x000000aa51700000,0x000000aa51800000)]
  0x0000022a5c6a7510 JavaThread "jar transforms Thread 5" [_thread_blocked, id=13024, stack(0x000000aa51a00000,0x000000aa51b00000)]
  0x0000022a5acf7470 JavaThread "jar transforms Thread 6" [_thread_blocked, id=8200, stack(0x000000aa56b00000,0x000000aa56c00000)]
  0x0000022a5acf7e10 JavaThread "jar transforms Thread 7" [_thread_blocked, id=7624, stack(0x000000aa56c00000,0x000000aa56d00000)]
  0x0000022a5acf87b0 JavaThread "jar transforms Thread 8" [_thread_blocked, id=15940, stack(0x000000aa56d00000,0x000000aa56e00000)]
  0x0000022a5acfb300 JavaThread "Memory manager" [_thread_blocked, id=16204, stack(0x000000aa57000000,0x000000aa57100000)]
  0x0000022a5e5d8880 JavaThread "RMI Scheduler(0)" daemon [_thread_blocked, id=4032, stack(0x000000aa58000000,0x000000aa58100000)]
  0x0000022a5eb67750 JavaThread "RMI GC Daemon" daemon [_thread_blocked, id=2368, stack(0x000000aa58200000,0x000000aa58300000)]
  0x0000022a606fd100 JavaThread "RMI TCP Accept-0" daemon [_thread_in_native, id=13244, stack(0x000000aa58300000,0x000000aa58400000)]
  0x0000022a606fc760 JavaThread "RMI Reaper" [_thread_blocked, id=15992, stack(0x000000aa58400000,0x000000aa58500000)]
  0x0000022a5ce44a10 JavaThread "ForkJoinPool.commonPool-worker-1" daemon [_thread_blocked, id=1224, stack(0x000000aa58d00000,0x000000aa58e00000)]
  0x0000022a5ce453b0 JavaThread "ForkJoinPool.commonPool-worker-2" daemon [_thread_blocked, id=8028, stack(0x000000aa58e00000,0x000000aa58f00000)]
  0x0000022a609a11b0 JavaThread "ForkJoinPool.commonPool-worker-3" daemon [_thread_blocked, id=10260, stack(0x000000aa58f00000,0x000000aa59000000)]
  0x0000022a609a1680 JavaThread "ForkJoinPool.commonPool-worker-6" daemon [_thread_blocked, id=5704, stack(0x000000aa59200000,0x000000aa59300000)]
  0x0000022a60616080 JavaThread "RMI TCP Connection(3)-127.0.0.1" daemon [_thread_in_native, id=10956, stack(0x000000aa57f00000,0x000000aa58000000)]
  0x0000022a60613530 JavaThread "ForkJoinPool.commonPool-worker-8" daemon [_thread_blocked, id=4488, stack(0x000000aa58b00000,0x000000aa58c00000)]
  0x0000022a5e4d0680 JavaThread "ForkJoinPool.commonPool-worker-9" daemon [_thread_blocked, id=2508, stack(0x000000aa58c00000,0x000000aa58d00000)]
  0x0000022a5e6bb420 JavaThread "Daemon Thread 3" [_thread_blocked, id=6036, stack(0x000000aa4de00000,0x000000aa4df00000)]
  0x0000022a641c0980 JavaThread "Handler for socket connection from /127.0.0.1:59750 to /127.0.0.1:60254" [_thread_in_native, id=7560, stack(0x000000aa4df00000,0x000000aa4e000000)]
  0x0000022a641c1320 JavaThread "Cancel handler" [_thread_blocked, id=12924, stack(0x000000aa4e000000,0x000000aa4e100000)]
  0x0000022a600973c0 JavaThread "Daemon worker Thread 3" [_thread_blocked, id=4496, stack(0x000000aa4f400000,0x000000aa4f500000)]
  0x0000022a6062af70 JavaThread "Asynchronous log dispatcher for DefaultDaemonConnection: socket connection from /127.0.0.1:59750 to /127.0.0.1:60254" [_thread_blocked, id=1976, stack(0x000000aa4fc00000,0x000000aa4fd00000)]
  0x0000022a6062b910 JavaThread "Stdin handler" [_thread_blocked, id=12340, stack(0x000000aa4fd00000,0x000000aa4fe00000)]
  0x0000022a6062cc50 JavaThread "Daemon client event forwarder" [_thread_blocked, id=15032, stack(0x000000aa4fe00000,0x000000aa4ff00000)]
  0x0000022a5c794a50 JavaThread "included builds" [_thread_blocked, id=1772, stack(0x000000aa56a00000,0x000000aa56b00000)]
  0x0000022a56fcc690 JavaThread "C2 CompilerThread1" daemon [_thread_blocked, id=7748, stack(0x000000aa4ff00000,0x000000aa50000000)]
  0x0000022a5ce44070 JavaThread "ForkJoinPool.commonPool-worker-10" daemon [_thread_blocked, id=14312, stack(0x000000aa57c00000,0x000000aa57d00000)]

Other Threads:
=>0x0000022a561a2ad0 VMThread "VM Thread" [stack: 0x000000aa4e700000,0x000000aa4e800000] [id=14904]
  0x0000022a56e02120 WatcherThread [stack: 0x000000aa4f300000,0x000000aa4f400000] [id=16264]
  0x0000022a3c382070 GCTaskThread "GC Thread#0" [stack: 0x000000aa4e200000,0x000000aa4e300000] [id=7152]
  0x0000022a57e31da0 GCTaskThread "GC Thread#1" [stack: 0x000000aa4f600000,0x000000aa4f700000] [id=3716]
  0x0000022a57e32050 GCTaskThread "GC Thread#2" [stack: 0x000000aa4f700000,0x000000aa4f800000] [id=1096]
  0x0000022a57e32300 GCTaskThread "GC Thread#3" [stack: 0x000000aa4f800000,0x000000aa4f900000] [id=5220]
  0x0000022a58166480 GCTaskThread "GC Thread#4" [stack: 0x000000aa4f900000,0x000000aa4fa00000] [id=1564]
  0x0000022a59693280 GCTaskThread "GC Thread#5" [stack: 0x000000aa50300000,0x000000aa50400000] [id=11632]
  0x0000022a59693530 GCTaskThread "GC Thread#6" [stack: 0x000000aa50400000,0x000000aa50500000] [id=6780]
  0x0000022a596937e0 GCTaskThread "GC Thread#7" [stack: 0x000000aa50500000,0x000000aa50600000] [id=14644]
  0x0000022a3c392fb0 ConcurrentGCThread "G1 Main Marker" [stack: 0x000000aa4e300000,0x000000aa4e400000] [id=13908]
  0x0000022a3c3939c0 ConcurrentGCThread "G1 Conc#0" [stack: 0x000000aa4e400000,0x000000aa4e500000] [id=1832]
  0x0000022a58020150 ConcurrentGCThread "G1 Conc#1" [stack: 0x000000aa50600000,0x000000aa50700000] [id=9724]
  0x0000022a3c3deab0 ConcurrentGCThread "G1 Refine#0" [stack: 0x000000aa4e500000,0x000000aa4e600000] [id=9036]
  0x0000022a5c74a490 ConcurrentGCThread "G1 Refine#1" [stack: 0x000000aa56e00000,0x000000aa56f00000] [id=16356]
  0x0000022a5e519f00 ConcurrentGCThread "G1 Refine#2" [stack: 0x000000aa57300000,0x000000aa57400000] [id=7916]
  0x0000022a5e51b040 ConcurrentGCThread "G1 Refine#3" [stack: 0x000000aa57400000,0x000000aa57500000] [id=15884]
  0x0000022a5e51b600 ConcurrentGCThread "G1 Refine#4" [stack: 0x000000aa57500000,0x000000aa57600000] [id=4060]
  0x0000022a56019a80 ConcurrentGCThread "G1 Service" [stack: 0x000000aa4e600000,0x000000aa4e700000] [id=3168]

Threads with active compile tasks:
C2 CompilerThread0   268993 17468       4       org.gradle.internal.snapshot.DirectorySnapshot::accept (108 bytes)
C1 CompilerThread0   268993 17483       3       java.lang.InterruptedException::<init> (5 bytes)
C2 CompilerThread1   268993 17457       4       com.google.gson.stream.JsonWriter::string (169 bytes)

VM state: at safepoint (normal execution)

VM Mutex/Monitor currently owned by a thread:  ([mutex/lock_event])
[0x0000022a3c321750] Threads_lock - owner thread: 0x0000022a561a2ad0
[0x0000022a3c320160] Heap_lock - owner thread: 0x0000022a3c392fb0

Heap address: 0x0000000080000000, size: 2048 MB, Compressed Oops mode: 32-bit

CDS archive(s) not mapped
Compressed class space mapped at: 0x0000000100000000-0x0000000140000000, reserved size: 1073741824
Narrow klass base: 0x0000000000000000, Narrow klass shift: 3, Narrow klass range: 0x140000000

GC Precious Log:
 CPUs: 8 total, 8 available
 Memory: 12037M
 Large Page Support: Disabled
 NUMA Support: Disabled
 Compressed Oops: Enabled (32-bit)
 Heap Region Size: 1M
 Heap Min Capacity: 8M
 Heap Initial Capacity: 190M
 Heap Max Capacity: 2G
 Pre-touch: Disabled
 Parallel Workers: 8
 Concurrent Workers: 2
 Concurrent Refinement Workers: 8
 Periodic GC: Disabled

Heap:
 garbage-first heap   total 215040K, used 138692K [0x0000000080000000, 0x0000000100000000)
  region size 1024K, 13 young (13312K), 7 survivors (7168K)
 Metaspace       used 121649K, committed 122624K, reserved 1155072K
  class space    used 16704K, committed 17152K, reserved 1048576K

Heap Regions: E=young(eden), S=young(survivor), O=old, HS=humongous(starts), HC=humongous(continues), CS=collection set, F=free, OA=open archive, CA=closed archive, TAMS=top-at-mark-start (previous, next)
|   0|0x0000000080000000, 0x0000000080100000, 0x0000000080100000|100%|HS|  |TAMS 0x0000000080100000, 0x0000000080000000| Complete 
|   1|0x0000000080100000, 0x0000000080200000, 0x0000000080200000|100%|HC|  |TAMS 0x0000000080200000, 0x0000000080100000| Complete 
|   2|0x0000000080200000, 0x0000000080300000, 0x0000000080300000|100%|HC|  |TAMS 0x0000000080300000, 0x0000000080200000| Complete 
|   3|0x0000000080300000, 0x0000000080400000, 0x0000000080400000|100%|HC|  |TAMS 0x0000000080400000, 0x0000000080300000| Complete 
|   4|0x0000000080400000, 0x0000000080500000, 0x0000000080500000|100%| O|  |TAMS 0x0000000080500000, 0x0000000080400000| Untracked 
|   5|0x0000000080500000, 0x0000000080600000, 0x0000000080600000|100%| O|  |TAMS 0x0000000080600000, 0x0000000080500000| Untracked 
|   6|0x0000000080600000, 0x0000000080700000, 0x0000000080700000|100%| O|  |TAMS 0x0000000080700000, 0x0000000080600000| Untracked 
|   7|0x0000000080700000, 0x0000000080800000, 0x0000000080800000|100%| O|  |TAMS 0x0000000080800000, 0x0000000080700000| Untracked 
|   8|0x0000000080800000, 0x0000000080900000, 0x0000000080900000|100%| O|  |TAMS 0x0000000080900000, 0x0000000080800000| Untracked 
|   9|0x0000000080900000, 0x0000000080a00000, 0x0000000080a00000|100%| O|  |TAMS 0x0000000080a00000, 0x0000000080900000| Untracked 
|  10|0x0000000080a00000, 0x0000000080b00000, 0x0000000080b00000|100%| O|  |TAMS 0x0000000080b00000, 0x0000000080a00000| Untracked 
|  11|0x0000000080b00000, 0x0000000080c00000, 0x0000000080c00000|100%| O|  |TAMS 0x0000000080c00000, 0x0000000080b00000| Untracked 
|  12|0x0000000080c00000, 0x0000000080d00000, 0x0000000080d00000|100%| O|  |TAMS 0x0000000080d00000, 0x0000000080c00000| Untracked 
|  13|0x0000000080d00000, 0x0000000080e00000, 0x0000000080e00000|100%| O|  |TAMS 0x0000000080e00000, 0x0000000080d00000| Untracked 
|  14|0x0000000080e00000, 0x0000000080f00000, 0x0000000080f00000|100%| O|  |TAMS 0x0000000080f00000, 0x0000000080e00000| Untracked 
|  15|0x0000000080f00000, 0x0000000081000000, 0x0000000081000000|100%| O|  |TAMS 0x0000000081000000, 0x0000000080f00000| Untracked 
|  16|0x0000000081000000, 0x0000000081100000, 0x0000000081100000|100%| O|  |TAMS 0x0000000081100000, 0x0000000081000000| Untracked 
|  17|0x0000000081100000, 0x0000000081200000, 0x0000000081200000|100%| O|  |TAMS 0x0000000081200000, 0x0000000081100000| Untracked 
|  18|0x0000000081200000, 0x0000000081300000, 0x0000000081300000|100%| O|  |TAMS 0x0000000081300000, 0x0000000081200000| Untracked 
|  19|0x0000000081300000, 0x0000000081400000, 0x0000000081400000|100%| O|  |TAMS 0x0000000081400000, 0x0000000081300000| Updating 
|  20|0x0000000081400000, 0x0000000081500000, 0x0000000081500000|100%| O|  |TAMS 0x0000000081500000, 0x0000000081400000| Untracked 
|  21|0x0000000081500000, 0x0000000081600000, 0x0000000081600000|100%| O|  |TAMS 0x0000000081600000, 0x0000000081500000| Untracked 
|  22|0x0000000081600000, 0x0000000081700000, 0x0000000081700000|100%| O|  |TAMS 0x0000000081700000, 0x0000000081600000| Updating 
|  23|0x0000000081700000, 0x0000000081800000, 0x0000000081800000|100%| O|  |TAMS 0x0000000081800000, 0x0000000081700000| Untracked 
|  24|0x0000000081800000, 0x0000000081900000, 0x0000000081900000|100%| O|  |TAMS 0x0000000081900000, 0x0000000081800000| Untracked 
|  25|0x0000000081900000, 0x0000000081a00000, 0x0000000081a00000|100%| O|  |TAMS 0x0000000081a00000, 0x0000000081900000| Updating 
|  26|0x0000000081a00000, 0x0000000081b00000, 0x0000000081b00000|100%| O|  |TAMS 0x0000000081b00000, 0x0000000081a00000| Updating 
|  27|0x0000000081b00000, 0x0000000081c00000, 0x0000000081c00000|100%| O|  |TAMS 0x0000000081c00000, 0x0000000081b00000| Updating 
|  28|0x0000000081c00000, 0x0000000081d00000, 0x0000000081d00000|100%| O|  |TAMS 0x0000000081d00000, 0x0000000081c00000| Updating 
|  29|0x0000000081d00000, 0x0000000081e00000, 0x0000000081e00000|100%| O|  |TAMS 0x0000000081e00000, 0x0000000081d00000| Updating 
|  30|0x0000000081e00000, 0x0000000081f00000, 0x0000000081f00000|100%|HS|  |TAMS 0x0000000081f00000, 0x0000000081e00000| Complete 
|  31|0x0000000081f00000, 0x0000000082000000, 0x0000000082000000|100%|HS|  |TAMS 0x0000000082000000, 0x0000000081f00000| Complete 
|  32|0x0000000082000000, 0x0000000082100000, 0x0000000082100000|100%|HS|  |TAMS 0x0000000082100000, 0x0000000082000000| Complete 
|  33|0x0000000082100000, 0x0000000082200000, 0x0000000082200000|100%|HC|  |TAMS 0x0000000082200000, 0x0000000082100000| Complete 
|  34|0x0000000082200000, 0x0000000082300000, 0x0000000082300000|100%|HS|  |TAMS 0x0000000082300000, 0x0000000082200000| Complete 
|  35|0x0000000082300000, 0x0000000082400000, 0x0000000082400000|100%|HS|  |TAMS 0x0000000082400000, 0x0000000082300000| Complete 
|  36|0x0000000082400000, 0x0000000082500000, 0x0000000082500000|100%|HC|  |TAMS 0x0000000082500000, 0x0000000082400000| Complete 
|  37|0x0000000082500000, 0x0000000082600000, 0x0000000082600000|100%|HC|  |TAMS 0x0000000082600000, 0x0000000082500000| Complete 
|  38|0x0000000082600000, 0x0000000082700000, 0x0000000082700000|100%|HC|  |TAMS 0x0000000082700000, 0x0000000082600000| Complete 
|  39|0x0000000082700000, 0x0000000082800000, 0x0000000082800000|100%| O|  |TAMS 0x0000000082800000, 0x0000000082700000| Updating 
|  40|0x0000000082800000, 0x0000000082900000, 0x0000000082900000|100%| O|  |TAMS 0x0000000082900000, 0x0000000082800000| Updating 
|  41|0x0000000082900000, 0x0000000082a00000, 0x0000000082a00000|100%| O|  |TAMS 0x0000000082a00000, 0x0000000082900000| Untracked 
|  42|0x0000000082a00000, 0x0000000082b00000, 0x0000000082b00000|100%| O|  |TAMS 0x0000000082b00000, 0x0000000082a00000| Untracked 
|  43|0x0000000082b00000, 0x0000000082c00000, 0x0000000082c00000|100%| O|  |TAMS 0x0000000082c00000, 0x0000000082b00000| Untracked 
|  44|0x0000000082c00000, 0x0000000082d00000, 0x0000000082d00000|100%| O|  |TAMS 0x0000000082d00000, 0x0000000082c00000| Untracked 
|  45|0x0000000082d00000, 0x0000000082e00000, 0x0000000082e00000|100%| O|  |TAMS 0x0000000082e00000, 0x0000000082d00000| Untracked 
|  46|0x0000000082e00000, 0x0000000082f00000, 0x0000000082f00000|100%| O|  |TAMS 0x0000000082f00000, 0x0000000082e00000| Untracked 
|  47|0x0000000082f00000, 0x0000000083000000, 0x0000000083000000|100%| O|  |TAMS 0x0000000083000000, 0x0000000082f00000| Untracked 
|  48|0x0000000083000000, 0x0000000083100000, 0x0000000083100000|100%| O|  |TAMS 0x0000000083100000, 0x0000000083000000| Untracked 
|  49|0x0000000083100000, 0x00000000831d6c00, 0x0000000083200000| 83%| O|  |TAMS 0x00000000831d6c00, 0x0000000083100000| Updating 
|  50|0x0000000083200000, 0x0000000083300000, 0x0000000083300000|100%| O|  |TAMS 0x0000000083300000, 0x0000000083200000| Untracked 
|  51|0x0000000083300000, 0x0000000083400000, 0x0000000083400000|100%| O|  |TAMS 0x0000000083400000, 0x0000000083300000| Untracked 
|  52|0x0000000083400000, 0x0000000083500000, 0x0000000083500000|100%| O|  |TAMS 0x0000000083500000, 0x0000000083400000| Updating 
|  53|0x0000000083500000, 0x0000000083600000, 0x0000000083600000|100%| O|  |TAMS 0x0000000083600000, 0x0000000083500000| Updating 
|  54|0x0000000083600000, 0x0000000083700000, 0x0000000083700000|100%| O|  |TAMS 0x0000000083700000, 0x0000000083600000| Untracked 
|  55|0x0000000083700000, 0x0000000083800000, 0x0000000083800000|100%| O|  |TAMS 0x0000000083800000, 0x0000000083700000| Updating 
|  56|0x0000000083800000, 0x0000000083900000, 0x0000000083900000|100%| O|  |TAMS 0x0000000083900000, 0x0000000083800000| Updating 
|  57|0x0000000083900000, 0x0000000083a00000, 0x0000000083a00000|100%| O|  |TAMS 0x0000000083a00000, 0x0000000083900000| Untracked 
|  58|0x0000000083a00000, 0x0000000083b00000, 0x0000000083b00000|100%| O|  |TAMS 0x0000000083b00000, 0x0000000083a00000| Untracked 
|  59|0x0000000083b00000, 0x0000000083c00000, 0x0000000083c00000|100%| O|  |TAMS 0x0000000083c00000, 0x0000000083b00000| Updating 
|  60|0x0000000083c00000, 0x0000000083d00000, 0x0000000083d00000|100%| O|  |TAMS 0x0000000083d00000, 0x0000000083c00000| Updating 
|  61|0x0000000083d00000, 0x0000000083e00000, 0x0000000083e00000|100%| O|  |TAMS 0x0000000083e00000, 0x0000000083d00000| Updating 
|  62|0x0000000083e00000, 0x0000000083f00000, 0x0000000083f00000|100%| O|  |TAMS 0x0000000083f00000, 0x0000000083e00000| Untracked 
|  63|0x0000000083f00000, 0x0000000084000000, 0x0000000084000000|100%| O|  |TAMS 0x0000000084000000, 0x0000000083f00000| Untracked 
|  64|0x0000000084000000, 0x0000000084100000, 0x0000000084100000|100%| O|  |TAMS 0x0000000084100000, 0x0000000084000000| Updating 
|  65|0x0000000084100000, 0x0000000084200000, 0x0000000084200000|100%| O|  |TAMS 0x0000000084200000, 0x0000000084100000| Updating 
|  66|0x0000000084200000, 0x0000000084300000, 0x0000000084300000|100%| O|  |TAMS 0x0000000084300000, 0x0000000084200000| Untracked 
|  67|0x0000000084300000, 0x0000000084400000, 0x0000000084400000|100%| O|  |TAMS 0x0000000084400000, 0x0000000084300000| Untracked 
|  68|0x0000000084400000, 0x0000000084500000, 0x0000000084500000|100%| O|  |TAMS 0x0000000084500000, 0x0000000084400000| Updating 
|  69|0x0000000084500000, 0x0000000084600000, 0x0000000084600000|100%| O|  |TAMS 0x0000000084600000, 0x0000000084500000| Untracked 
|  70|0x0000000084600000, 0x0000000084700000, 0x0000000084700000|100%| O|  |TAMS 0x0000000084700000, 0x0000000084600000| Untracked 
|  71|0x0000000084700000, 0x0000000084800000, 0x0000000084800000|100%| O|  |TAMS 0x0000000084800000, 0x0000000084700000| Untracked 
|  72|0x0000000084800000, 0x0000000084900000, 0x0000000084900000|100%| O|  |TAMS 0x0000000084900000, 0x0000000084800000| Updating 
|  73|0x0000000084900000, 0x0000000084a00000, 0x0000000084a00000|100%| O|  |TAMS 0x0000000084a00000, 0x0000000084900000| Updating 
|  74|0x0000000084a00000, 0x0000000084b00000, 0x0000000084b00000|100%| O|  |TAMS 0x0000000084b00000, 0x0000000084a00000| Updating 
|  75|0x0000000084b00000, 0x0000000084c00000, 0x0000000084c00000|100%| O|  |TAMS 0x0000000084c00000, 0x0000000084b00000| Updating 
|  76|0x0000000084c00000, 0x0000000084d00000, 0x0000000084d00000|100%| O|  |TAMS 0x0000000084d00000, 0x0000000084c00000| Updating 
|  77|0x0000000084d00000, 0x0000000084e00000, 0x0000000084e00000|100%| O|  |TAMS 0x0000000084e00000, 0x0000000084d00000| Updating 
|  78|0x0000000084e00000, 0x0000000084f00000, 0x0000000084f00000|100%| O|  |TAMS 0x0000000084f00000, 0x0000000084e00000| Untracked 
|  79|0x0000000084f00000, 0x0000000085000000, 0x0000000085000000|100%|HS|  |TAMS 0x0000000084f00000, 0x0000000084f00000| Complete 
|  80|0x0000000085000000, 0x0000000085100000, 0x0000000085100000|100%|HC|  |TAMS 0x0000000085000000, 0x0000000085000000| Complete 
|  81|0x0000000085100000, 0x0000000085200000, 0x0000000085200000|100%| O|  |TAMS 0x0000000085200000, 0x0000000085100000| Updating 
|  82|0x0000000085200000, 0x0000000085300000, 0x0000000085300000|100%| O|  |TAMS 0x0000000085300000, 0x0000000085200000| Updating 
|  83|0x0000000085300000, 0x0000000085400000, 0x0000000085400000|100%| O|  |TAMS 0x0000000085400000, 0x0000000085300000| Updating 
|  84|0x0000000085400000, 0x0000000085500000, 0x0000000085500000|100%| O|  |TAMS 0x0000000085500000, 0x0000000085400000| Untracked 
|  85|0x0000000085500000, 0x0000000085600000, 0x0000000085600000|100%| O|  |TAMS 0x0000000085600000, 0x0000000085500000| Updating 
|  86|0x0000000085600000, 0x0000000085700000, 0x0000000085700000|100%| O|  |TAMS 0x0000000085700000, 0x0000000085600000| Updating 
|  87|0x0000000085700000, 0x0000000085800000, 0x0000000085800000|100%| O|  |TAMS 0x0000000085800000, 0x0000000085700000| Updating 
|  88|0x0000000085800000, 0x0000000085900000, 0x0000000085900000|100%| O|  |TAMS 0x0000000085900000, 0x0000000085800000| Untracked 
|  89|0x0000000085900000, 0x0000000085a00000, 0x0000000085a00000|100%| O|  |TAMS 0x0000000085a00000, 0x0000000085900000| Updating 
|  90|0x0000000085a00000, 0x0000000085b00000, 0x0000000085b00000|100%| O|  |TAMS 0x0000000085b00000, 0x0000000085a00000| Untracked 
|  91|0x0000000085b00000, 0x0000000085c00000, 0x0000000085c00000|100%| O|  |TAMS 0x0000000085c00000, 0x0000000085b00000| Updating 
|  92|0x0000000085c00000, 0x0000000085d00000, 0x0000000085d00000|100%| O|  |TAMS 0x0000000085d00000, 0x0000000085c00000| Untracked 
|  93|0x0000000085d00000, 0x0000000085e00000, 0x0000000085e00000|100%| O|  |TAMS 0x0000000085e00000, 0x0000000085d00000| Updating 
|  94|0x0000000085e00000, 0x0000000085e00000, 0x0000000085f00000|  0%| F|  |TAMS 0x0000000085e00000, 0x0000000085e00000| Untracked 
|  95|0x0000000085f00000, 0x0000000086000000, 0x0000000086000000|100%| O|  |TAMS 0x0000000086000000, 0x0000000085f00000| Updating 
|  96|0x0000000086000000, 0x0000000086100000, 0x0000000086100000|100%| O|  |TAMS 0x0000000086100000, 0x0000000086000000| Updating 
|  97|0x0000000086100000, 0x0000000086200000, 0x0000000086200000|100%| O|  |TAMS 0x0000000086200000, 0x0000000086100000| Updating 
|  98|0x0000000086200000, 0x0000000086300000, 0x0000000086300000|100%| O|  |TAMS 0x0000000086300000, 0x0000000086200000| Updating 
|  99|0x0000000086300000, 0x0000000086400000, 0x0000000086400000|100%| O|  |TAMS 0x0000000086400000, 0x0000000086300000| Updating 
| 100|0x0000000086400000, 0x0000000086500000, 0x0000000086500000|100%| O|  |TAMS 0x0000000086500000, 0x0000000086400000| Updating 
| 101|0x0000000086500000, 0x0000000086600000, 0x0000000086600000|100%| O|  |TAMS 0x0000000086600000, 0x0000000086500000| Updating 
| 102|0x0000000086600000, 0x0000000086700000, 0x0000000086700000|100%| O|  |TAMS 0x0000000086700000, 0x0000000086600000| Updating 
| 103|0x0000000086700000, 0x0000000086800000, 0x0000000086800000|100%| O|  |TAMS 0x0000000086800000, 0x0000000086700000| Updating 
| 104|0x0000000086800000, 0x0000000086900000, 0x0000000086900000|100%| O|  |TAMS 0x0000000086900000, 0x0000000086800000| Untracked 
| 105|0x0000000086900000, 0x0000000086a00000, 0x0000000086a00000|100%| O|  |TAMS 0x0000000086a00000, 0x0000000086900000| Untracked 
| 106|0x0000000086a00000, 0x0000000086b00000, 0x0000000086b00000|100%| O|  |TAMS 0x0000000086b00000, 0x0000000086a00000| Untracked 
| 107|0x0000000086b00000, 0x0000000086b00000, 0x0000000086c00000|  0%| F|  |TAMS 0x0000000086b00000, 0x0000000086b00000| Untracked 
| 108|0x0000000086c00000, 0x0000000086d00000, 0x0000000086d00000|100%| O|  |TAMS 0x0000000086d00000, 0x0000000086c00000| Updating 
| 109|0x0000000086d00000, 0x0000000086e00000, 0x0000000086e00000|100%| O|  |TAMS 0x0000000086e00000, 0x0000000086d00000| Untracked 
| 110|0x0000000086e00000, 0x0000000086f00000, 0x0000000086f00000|100%| O|  |TAMS 0x0000000086f00000, 0x0000000086e00000| Untracked 
| 111|0x0000000086f00000, 0x0000000087000000, 0x0000000087000000|100%| O|  |TAMS 0x0000000087000000, 0x0000000086f00000| Updating 
| 112|0x0000000087000000, 0x00000000870d0400, 0x0000000087100000| 81%| O|  |TAMS 0x00000000870d0400, 0x0000000087000000| Updating 
| 113|0x0000000087100000, 0x0000000087200000, 0x0000000087200000|100%|HS|  |TAMS 0x0000000087100000, 0x0000000087100000| Complete 
| 114|0x0000000087200000, 0x0000000087300000, 0x0000000087300000|100%|HC|  |TAMS 0x0000000087200000, 0x0000000087200000| Complete 
| 115|0x0000000087300000, 0x0000000087400000, 0x0000000087400000|100%|HS|  |TAMS 0x0000000087300000, 0x0000000087300000| Complete 
| 116|0x0000000087400000, 0x0000000087500000, 0x0000000087500000|100%|HC|  |TAMS 0x0000000087400000, 0x0000000087400000| Complete 
| 117|0x0000000087500000, 0x0000000087600000, 0x0000000087600000|100%| O|  |TAMS 0x0000000087600000, 0x0000000087500000| Updating 
| 118|0x0000000087600000, 0x0000000087700000, 0x0000000087700000|100%| O|  |TAMS 0x0000000087700000, 0x0000000087600000| Updating 
| 119|0x0000000087700000, 0x0000000087800000, 0x0000000087800000|100%| O|  |TAMS 0x0000000087800000, 0x0000000087700000| Updating 
| 120|0x0000000087800000, 0x0000000087900000, 0x0000000087900000|100%| O|  |TAMS 0x0000000087900000, 0x0000000087800000| Updating 
| 121|0x0000000087900000, 0x0000000087a00000, 0x0000000087a00000|100%| O|  |TAMS 0x0000000087a00000, 0x0000000087900000| Updating 
| 122|0x0000000087a00000, 0x0000000087b00000, 0x0000000087b00000|100%|HS|  |TAMS 0x0000000087a00000, 0x0000000087a00000| Complete 
| 123|0x0000000087b00000, 0x0000000087c00000, 0x0000000087c00000|100%|HC|  |TAMS 0x0000000087b00000, 0x0000000087b00000| Complete 
| 124|0x0000000087c00000, 0x0000000087d00000, 0x0000000087d00000|100%|HS|  |TAMS 0x0000000087c00000, 0x0000000087c00000| Complete 
| 125|0x0000000087d00000, 0x0000000087e00000, 0x0000000087e00000|100%|HC|  |TAMS 0x0000000087d00000, 0x0000000087d00000| Complete 
| 126|0x0000000087e00000, 0x0000000087e00000, 0x0000000087f00000|  0%| F|  |TAMS 0x0000000087e00000, 0x0000000087e00000| Untracked 
| 127|0x0000000087f00000, 0x0000000087f00000, 0x0000000088000000|  0%| F|  |TAMS 0x0000000087f00000, 0x0000000087f00000| Untracked 
| 128|0x0000000088000000, 0x0000000088000000, 0x0000000088100000|  0%| F|  |TAMS 0x0000000088000000, 0x0000000088000000| Untracked 
| 129|0x0000000088100000, 0x0000000088100000, 0x0000000088200000|  0%| F|  |TAMS 0x0000000088100000, 0x0000000088100000| Untracked 
| 130|0x0000000088200000, 0x0000000088200000, 0x0000000088300000|  0%| F|  |TAMS 0x0000000088200000, 0x0000000088200000| Untracked 
| 131|0x0000000088300000, 0x0000000088300000, 0x0000000088400000|  0%| F|  |TAMS 0x0000000088300000, 0x0000000088300000| Untracked 
| 132|0x0000000088400000, 0x0000000088400000, 0x0000000088500000|  0%| F|  |TAMS 0x0000000088400000, 0x0000000088400000| Untracked 
| 133|0x0000000088500000, 0x0000000088500000, 0x0000000088600000|  0%| F|  |TAMS 0x0000000088500000, 0x0000000088500000| Untracked 
| 134|0x0000000088600000, 0x0000000088600000, 0x0000000088700000|  0%| F|  |TAMS 0x0000000088600000, 0x0000000088600000| Untracked 
| 135|0x0000000088700000, 0x0000000088700000, 0x0000000088800000|  0%| F|  |TAMS 0x0000000088700000, 0x0000000088700000| Untracked 
| 136|0x0000000088800000, 0x0000000088800000, 0x0000000088900000|  0%| F|  |TAMS 0x0000000088800000, 0x0000000088800000| Untracked 
| 137|0x0000000088900000, 0x0000000088900000, 0x0000000088a00000|  0%| F|  |TAMS 0x0000000088900000, 0x0000000088900000| Untracked 
| 138|0x0000000088a00000, 0x0000000088a00000, 0x0000000088b00000|  0%| F|  |TAMS 0x0000000088a00000, 0x0000000088a00000| Untracked 
| 139|0x0000000088b00000, 0x0000000088b00000, 0x0000000088c00000|  0%| F|  |TAMS 0x0000000088b00000, 0x0000000088b00000| Untracked 
| 140|0x0000000088c00000, 0x0000000088c00000, 0x0000000088d00000|  0%| F|  |TAMS 0x0000000088c00000, 0x0000000088c00000| Untracked 
| 141|0x0000000088d00000, 0x0000000088d00000, 0x0000000088e00000|  0%| F|  |TAMS 0x0000000088d00000, 0x0000000088d00000| Untracked 
| 142|0x0000000088e00000, 0x0000000088e00000, 0x0000000088f00000|  0%| F|  |TAMS 0x0000000088e00000, 0x0000000088e00000| Untracked 
| 143|0x0000000088f00000, 0x0000000088f00000, 0x0000000089000000|  0%| F|  |TAMS 0x0000000088f00000, 0x0000000088f00000| Untracked 
| 144|0x0000000089000000, 0x00000000890ca2e0, 0x0000000089100000| 78%| S|CS|TAMS 0x0000000089000000, 0x0000000089000000| Complete 
| 145|0x0000000089100000, 0x0000000089200000, 0x0000000089200000|100%| S|CS|TAMS 0x0000000089100000, 0x0000000089100000| Complete 
| 146|0x0000000089200000, 0x0000000089300000, 0x0000000089300000|100%| S|CS|TAMS 0x0000000089200000, 0x0000000089200000| Complete 
| 147|0x0000000089300000, 0x0000000089400000, 0x0000000089400000|100%| S|CS|TAMS 0x0000000089300000, 0x0000000089300000| Complete 
| 148|0x0000000089400000, 0x0000000089500000, 0x0000000089500000|100%| S|CS|TAMS 0x0000000089400000, 0x0000000089400000| Complete 
| 149|0x0000000089500000, 0x0000000089600000, 0x0000000089600000|100%| S|CS|TAMS 0x0000000089500000, 0x0000000089500000| Complete 
| 150|0x0000000089600000, 0x0000000089700000, 0x0000000089700000|100%| S|CS|TAMS 0x0000000089600000, 0x0000000089600000| Complete 
| 151|0x0000000089700000, 0x0000000089700000, 0x0000000089800000|  0%| F|  |TAMS 0x0000000089700000, 0x0000000089700000| Untracked 
| 152|0x0000000089800000, 0x0000000089800000, 0x0000000089900000|  0%| F|  |TAMS 0x0000000089800000, 0x0000000089800000| Untracked 
| 153|0x0000000089900000, 0x0000000089900000, 0x0000000089a00000|  0%| F|  |TAMS 0x0000000089900000, 0x0000000089900000| Untracked 
| 154|0x0000000089a00000, 0x0000000089a00000, 0x0000000089b00000|  0%| F|  |TAMS 0x0000000089a00000, 0x0000000089a00000| Untracked 
| 155|0x0000000089b00000, 0x0000000089b00000, 0x0000000089c00000|  0%| F|  |TAMS 0x0000000089b00000, 0x0000000089b00000| Untracked 
| 156|0x0000000089c00000, 0x0000000089c00000, 0x0000000089d00000|  0%| F|  |TAMS 0x0000000089c00000, 0x0000000089c00000| Untracked 
| 157|0x0000000089d00000, 0x0000000089d00000, 0x0000000089e00000|  0%| F|  |TAMS 0x0000000089d00000, 0x0000000089d00000| Untracked 
| 158|0x0000000089e00000, 0x0000000089e00000, 0x0000000089f00000|  0%| F|  |TAMS 0x0000000089e00000, 0x0000000089e00000| Untracked 
| 159|0x0000000089f00000, 0x0000000089f00000, 0x000000008a000000|  0%| F|  |TAMS 0x0000000089f00000, 0x0000000089f00000| Untracked 
| 160|0x000000008a000000, 0x000000008a000000, 0x000000008a100000|  0%| F|  |TAMS 0x000000008a000000, 0x000000008a000000| Untracked 
| 161|0x000000008a100000, 0x000000008a100000, 0x000000008a200000|  0%| F|  |TAMS 0x000000008a100000, 0x000000008a100000| Untracked 
| 162|0x000000008a200000, 0x000000008a200000, 0x000000008a300000|  0%| F|  |TAMS 0x000000008a200000, 0x000000008a200000| Untracked 
| 163|0x000000008a300000, 0x000000008a300000, 0x000000008a400000|  0%| F|  |TAMS 0x000000008a300000, 0x000000008a300000| Untracked 
| 164|0x000000008a400000, 0x000000008a400000, 0x000000008a500000|  0%| F|  |TAMS 0x000000008a400000, 0x000000008a400000| Untracked 
| 165|0x000000008a500000, 0x000000008a500000, 0x000000008a600000|  0%| F|  |TAMS 0x000000008a500000, 0x000000008a500000| Untracked 
| 166|0x000000008a600000, 0x000000008a600000, 0x000000008a700000|  0%| F|  |TAMS 0x000000008a600000, 0x000000008a600000| Untracked 
| 167|0x000000008a700000, 0x000000008a700000, 0x000000008a800000|  0%| F|  |TAMS 0x000000008a700000, 0x000000008a700000| Untracked 
| 168|0x000000008a800000, 0x000000008a800000, 0x000000008a900000|  0%| F|  |TAMS 0x000000008a800000, 0x000000008a800000| Untracked 
| 169|0x000000008a900000, 0x000000008a900000, 0x000000008aa00000|  0%| F|  |TAMS 0x000000008a900000, 0x000000008a900000| Untracked 
| 170|0x000000008aa00000, 0x000000008aa00000, 0x000000008ab00000|  0%| F|  |TAMS 0x000000008aa00000, 0x000000008aa00000| Untracked 
| 171|0x000000008ab00000, 0x000000008ab00000, 0x000000008ac00000|  0%| F|  |TAMS 0x000000008ab00000, 0x000000008ab00000| Untracked 
| 172|0x000000008ac00000, 0x000000008ac00000, 0x000000008ad00000|  0%| F|  |TAMS 0x000000008ac00000, 0x000000008ac00000| Untracked 
| 173|0x000000008ad00000, 0x000000008ad00000, 0x000000008ae00000|  0%| F|  |TAMS 0x000000008ad00000, 0x000000008ad00000| Untracked 
| 174|0x000000008ae00000, 0x000000008ae00000, 0x000000008af00000|  0%| F|  |TAMS 0x000000008ae00000, 0x000000008ae00000| Untracked 
| 175|0x000000008af00000, 0x000000008af00000, 0x000000008b000000|  0%| F|  |TAMS 0x000000008af00000, 0x000000008af00000| Untracked 
| 176|0x000000008b000000, 0x000000008b000000, 0x000000008b100000|  0%| F|  |TAMS 0x000000008b000000, 0x000000008b000000| Untracked 
| 177|0x000000008b100000, 0x000000008b100000, 0x000000008b200000|  0%| F|  |TAMS 0x000000008b100000, 0x000000008b100000| Untracked 
| 178|0x000000008b200000, 0x000000008b200000, 0x000000008b300000|  0%| F|  |TAMS 0x000000008b200000, 0x000000008b200000| Untracked 
| 179|0x000000008b300000, 0x000000008b300000, 0x000000008b400000|  0%| F|  |TAMS 0x000000008b300000, 0x000000008b300000| Untracked 
| 180|0x000000008b400000, 0x000000008b400000, 0x000000008b500000|  0%| F|  |TAMS 0x000000008b400000, 0x000000008b400000| Untracked 
| 181|0x000000008b500000, 0x000000008b500000, 0x000000008b600000|  0%| F|  |TAMS 0x000000008b500000, 0x000000008b500000| Untracked 
| 182|0x000000008b600000, 0x000000008b600000, 0x000000008b700000|  0%| F|  |TAMS 0x000000008b600000, 0x000000008b600000| Untracked 
| 183|0x000000008b700000, 0x000000008b700000, 0x000000008b800000|  0%| F|  |TAMS 0x000000008b700000, 0x000000008b700000| Untracked 
| 184|0x000000008b800000, 0x000000008b800000, 0x000000008b900000|  0%| F|  |TAMS 0x000000008b800000, 0x000000008b800000| Untracked 
| 185|0x000000008b900000, 0x000000008b900000, 0x000000008ba00000|  0%| F|  |TAMS 0x000000008b900000, 0x000000008b900000| Untracked 
| 186|0x000000008ba00000, 0x000000008ba00000, 0x000000008bb00000|  0%| F|  |TAMS 0x000000008ba00000, 0x000000008ba00000| Untracked 
| 187|0x000000008bb00000, 0x000000008bb00000, 0x000000008bc00000|  0%| F|  |TAMS 0x000000008bb00000, 0x000000008bb00000| Untracked 
| 188|0x000000008bc00000, 0x000000008bc00000, 0x000000008bd00000|  0%| F|  |TAMS 0x000000008bc00000, 0x000000008bc00000| Untracked 
| 189|0x000000008bd00000, 0x000000008bd00000, 0x000000008be00000|  0%| F|  |TAMS 0x000000008bd00000, 0x000000008bd00000| Untracked 
| 190|0x000000008be00000, 0x000000008be00000, 0x000000008bf00000|  0%| F|  |TAMS 0x000000008be00000, 0x000000008be00000| Untracked 
| 191|0x000000008bf00000, 0x000000008bf00000, 0x000000008c000000|  0%| F|  |TAMS 0x000000008bf00000, 0x000000008bf00000| Untracked 
| 192|0x000000008c000000, 0x000000008c000000, 0x000000008c100000|  0%| F|  |TAMS 0x000000008c000000, 0x000000008c000000| Untracked 
| 193|0x000000008c100000, 0x000000008c100000, 0x000000008c200000|  0%| F|  |TAMS 0x000000008c100000, 0x000000008c100000| Untracked 
| 194|0x000000008c200000, 0x000000008c200000, 0x000000008c300000|  0%| F|  |TAMS 0x000000008c200000, 0x000000008c200000| Untracked 
| 195|0x000000008c300000, 0x000000008c300000, 0x000000008c400000|  0%| F|  |TAMS 0x000000008c300000, 0x000000008c300000| Untracked 
| 196|0x000000008c400000, 0x000000008c400000, 0x000000008c500000|  0%| F|  |TAMS 0x000000008c400000, 0x000000008c400000| Untracked 
| 197|0x000000008c500000, 0x000000008c500000, 0x000000008c600000|  0%| F|  |TAMS 0x000000008c500000, 0x000000008c500000| Untracked 
| 198|0x000000008c600000, 0x000000008c600000, 0x000000008c700000|  0%| F|  |TAMS 0x000000008c600000, 0x000000008c600000| Untracked 
| 199|0x000000008c700000, 0x000000008c700000, 0x000000008c800000|  0%| F|  |TAMS 0x000000008c700000, 0x000000008c700000| Untracked 
| 200|0x000000008c800000, 0x000000008c800000, 0x000000008c900000|  0%| F|  |TAMS 0x000000008c800000, 0x000000008c800000| Untracked 
| 201|0x000000008c900000, 0x000000008c900000, 0x000000008ca00000|  0%| F|  |TAMS 0x000000008c900000, 0x000000008c900000| Untracked 
| 202|0x000000008ca00000, 0x000000008ca00000, 0x000000008cb00000|  0%| F|  |TAMS 0x000000008ca00000, 0x000000008ca00000| Untracked 
| 203|0x000000008cb00000, 0x000000008cb95758, 0x000000008cc00000| 58%| E|  |TAMS 0x000000008cb00000, 0x000000008cb00000| Complete 
| 204|0x000000008cc00000, 0x000000008cd00000, 0x000000008cd00000|100%| E|CS|TAMS 0x000000008cc00000, 0x000000008cc00000| Complete 
| 256|0x0000000090000000, 0x0000000090100000, 0x0000000090100000|100%| E|CS|TAMS 0x0000000090000000, 0x0000000090000000| Complete 
| 257|0x0000000090100000, 0x0000000090200000, 0x0000000090200000|100%| E|CS|TAMS 0x0000000090100000, 0x0000000090100000| Complete 
| 258|0x0000000090200000, 0x0000000090300000, 0x0000000090300000|100%| E|  |TAMS 0x0000000090200000, 0x0000000090200000| Complete 
|2046|0x00000000ffe00000, 0x00000000fff00000, 0x00000000fff00000|100%| E|CS|TAMS 0x00000000ffe00000, 0x00000000ffe00000| Complete 
|2047|0x00000000fff00000, 0x0000000100000000, 0x0000000100000000|100%| O|  |TAMS 0x0000000100000000, 0x00000000fff00000| Updating 

Card table byte_map: [0x0000022a4ef20000,0x0000022a4f320000] _byte_map_base: 0x0000022a4eb20000

Marking Bits (Prev, Next): (CMBitMap*) 0x0000022a3c382680, (CMBitMap*) 0x0000022a3c3826c0
 Prev Bits: [0x0000022a4f720000, 0x0000022a51720000)
 Next Bits: [0x0000022a51720000, 0x0000022a53720000)

Polling page: 0x0000022a3bae0000

Metaspace:

Usage:
  Non-class:    102.48 MB used.
      Class:     16.31 MB used.
       Both:    118.80 MB used.

Virtual space:
  Non-class space:      104.00 MB reserved,     103.00 MB (>99%) committed,  13 nodes.
      Class space:        1.00 GB reserved,      16.75 MB (  2%) committed,  1 nodes.
             Both:        1.10 GB reserved,     119.75 MB ( 11%) committed. 

Chunk freelists:
   Non-Class:  876.00 KB
       Class:  3.22 MB
        Both:  4.08 MB

MaxMetaspaceSize: unlimited
CompressedClassSpaceSize: 1.00 GB
Initial GC threshold: 21.00 MB
Current GC threshold: 197.50 MB
CDS: off
MetaspaceReclaimPolicy: balanced
 - commit_granule_bytes: 65536.
 - commit_granule_words: 8192.
 - virtual_space_node_default_size: 1048576.
 - enlarge_chunks_in_place: 1.
 - new_chunks_are_fully_committed: 0.
 - uncommit_free_chunks: 1.
 - use_allocation_guard: 0.
 - handle_deallocations: 1.


Internal statistics:

num_allocs_failed_limit: 18.
num_arena_births: 1630.
num_arena_deaths: 20.
num_vsnodes_births: 14.
num_vsnodes_deaths: 0.
num_space_committed: 1915.
num_space_uncommitted: 0.
num_chunks_returned_to_freelist: 46.
num_chunks_taken_from_freelist: 6388.
num_chunk_merges: 29.
num_chunk_splits: 4151.
num_chunks_enlarged: 2692.
num_purges: 4.
num_inconsistent_stats: 0.

CodeHeap 'non-profiled nmethods': size=120000Kb used=9162Kb max_used=9162Kb free=110837Kb
 bounds [0x0000022a472b0000, 0x0000022a47bb0000, 0x0000022a4e7e0000]
CodeHeap 'profiled nmethods': size=120000Kb used=29947Kb max_used=29947Kb free=90052Kb
 bounds [0x0000022a3f7e0000, 0x0000022a41520000, 0x0000022a46d10000]
CodeHeap 'non-nmethods': size=5760Kb used=2490Kb max_used=2557Kb free=3269Kb
 bounds [0x0000022a46d10000, 0x0000022a46fa0000, 0x0000022a472b0000]
 total_blobs=16241 nmethods=15236 adapters=915
 compilation: enabled
              stopped_count=0, restarted_count=0
 full_count=0

Compilation events (20 events):
Event: 268.961 Thread 0x0000022a56c5bd70 17465       4       org.gradle.internal.watch.registry.impl.WatchableHierarchies$RemoveUnwatchedFiles::shouldBeRemoved (55 bytes)
Event: 268.961 Thread 0x0000022a56c5c810 17476       3       org.gradle.internal.concurrent.CompositeStoppable::stoppable (12 bytes)
Event: 268.962 Thread 0x0000022a56c5c810 nmethod 17476 0x0000022a41516690 code [0x0000022a415168e0, 0x0000022a41517328]
Event: 268.962 Thread 0x0000022a56c5c810 17477       3       java.util.concurrent.ConcurrentLinkedQueue::tryCasSuccessor (38 bytes)
Event: 268.963 Thread 0x0000022a56c5c810 nmethod 17477 0x0000022a41517690 code [0x0000022a41517a40, 0x0000022a415191e8]
Event: 268.963 Thread 0x0000022a56c5bd70 nmethod 17465 0x0000022a47ba1310 code [0x0000022a47ba14e0, 0x0000022a47ba1718]
Event: 268.963 Thread 0x0000022a56c5bd70 17467       4       org.gradle.internal.watch.registry.impl.WatchableHierarchies$RemoveUnwatchedFiles::visitEntry (21 bytes)
Event: 268.966 Thread 0x0000022a56c5c810 17478       3       java.util.concurrent.atomic.AtomicReference::getAndSet (9 bytes)
Event: 268.966 Thread 0x0000022a56c5bd70 nmethod 17467 0x0000022a47ba1a10 code [0x0000022a47ba1be0, 0x0000022a47ba1e68]
Event: 268.966 Thread 0x0000022a56c5bd70 17466       4       org.gradle.internal.service.scopes.VirtualFileSystemServices$GradleUserHomeServices$$Lambda$153/0x0000000100302888::test (12 bytes)
Event: 268.967 Thread 0x0000022a56c5c810 nmethod 17478 0x0000022a41519910 code [0x0000022a41519ba0, 0x0000022a4151aa58]
Event: 268.967 Thread 0x0000022a56c5c810 17479       3       java.lang.invoke.VarHandleGuards::guard_LL_L (89 bytes)
Event: 268.967 Thread 0x0000022a56c5bd70 nmethod 17466 0x0000022a47ba2210 code [0x0000022a47ba23a0, 0x0000022a47ba24e8]
Event: 268.967 Thread 0x0000022a56c5bd70 17468       4       org.gradle.internal.snapshot.DirectorySnapshot::accept (108 bytes)
Event: 268.968 Thread 0x0000022a56c5c810 nmethod 17479 0x0000022a4151ae10 code [0x0000022a4151b1a0, 0x0000022a4151d2a8]
Event: 268.968 Thread 0x0000022a56c5c810 17480       3       java.lang.Thread::exit (70 bytes)
Event: 268.969 Thread 0x0000022a56c5c810 nmethod 17480 0x0000022a4151dc10 code [0x0000022a4151de00, 0x0000022a4151e4c8]
Event: 268.969 Thread 0x0000022a56c5c810 17481   !   3       java.lang.ThreadGroup::threadTerminated (63 bytes)
Event: 268.969 Thread 0x0000022a56c5c810 nmethod 17481 0x0000022a4151e690 code [0x0000022a4151e860, 0x0000022a4151ec28]
Event: 268.971 Thread 0x0000022a56c5c810 17483       3       java.lang.InterruptedException::<init> (5 bytes)

GC Heap History (20 events):
Event: 10.571 GC heap before
{Heap before GC invocations=28 (full 0):
 garbage-first heap   total 215040K, used 163163K [0x0000000080000000, 0x0000000100000000)
  region size 1024K, 90 young (92160K), 12 survivors (12288K)
 Metaspace       used 95946K, committed 96640K, reserved 1138688K
  class space    used 13226K, committed 13504K, reserved 1048576K
}
Event: 10.583 GC heap after
{Heap after GC invocations=29 (full 0):
 garbage-first heap   total 215040K, used 92265K [0x0000000080000000, 0x0000000100000000)
  region size 1024K, 8 young (8192K), 8 survivors (8192K)
 Metaspace       used 95946K, committed 96640K, reserved 1138688K
  class space    used 13226K, committed 13504K, reserved 1048576K
}
Event: 11.478 GC heap before
{Heap before GC invocations=29 (full 0):
 garbage-first heap   total 215040K, used 168041K [0x0000000080000000, 0x0000000100000000)
  region size 1024K, 83 young (84992K), 8 survivors (8192K)
 Metaspace       used 98883K, committed 99584K, reserved 1138688K
  class space    used 13586K, committed 13888K, reserved 1048576K
}
Event: 11.486 GC heap after
{Heap after GC invocations=30 (full 0):
 garbage-first heap   total 215040K, used 98862K [0x0000000080000000, 0x0000000100000000)
  region size 1024K, 7 young (7168K), 7 survivors (7168K)
 Metaspace       used 98883K, committed 99584K, reserved 1138688K
  class space    used 13586K, committed 13888K, reserved 1048576K
}
Event: 12.955 GC heap before
{Heap before GC invocations=30 (full 0):
 garbage-first heap   total 215040K, used 171566K [0x0000000080000000, 0x0000000100000000)
  region size 1024K, 78 young (79872K), 7 survivors (7168K)
 Metaspace       used 102486K, committed 103232K, reserved 1138688K
  class space    used 14020K, committed 14400K, reserved 1048576K
}
Event: 12.964 GC heap after
{Heap after GC invocations=31 (full 0):
 garbage-first heap   total 215040K, used 103221K [0x0000000080000000, 0x0000000100000000)
  region size 1024K, 5 young (5120K), 5 survivors (5120K)
 Metaspace       used 102486K, committed 103232K, reserved 1138688K
  class space    used 14020K, committed 14400K, reserved 1048576K
}
Event: 13.621 GC heap before
{Heap before GC invocations=31 (full 0):
 garbage-first heap   total 215040K, used 147253K [0x0000000080000000, 0x0000000100000000)
  region size 1024K, 50 young (51200K), 5 survivors (5120K)
 Metaspace       used 113752K, committed 114560K, reserved 1155072K
  class space    used 15680K, committed 16128K, reserved 1048576K
}
Event: 13.628 GC heap after
{Heap after GC invocations=32 (full 0):
 garbage-first heap   total 215040K, used 104825K [0x0000000080000000, 0x0000000100000000)
  region size 1024K, 7 young (7168K), 7 survivors (7168K)
 Metaspace       used 113752K, committed 114560K, reserved 1155072K
  class space    used 15680K, committed 16128K, reserved 1048576K
}
Event: 178.425 GC heap before
{Heap before GC invocations=33 (full 0):
 garbage-first heap   total 215040K, used 184697K [0x0000000080000000, 0x0000000100000000)
  region size 1024K, 76 young (77824K), 7 survivors (7168K)
 Metaspace       used 119609K, committed 120448K, reserved 1155072K
  class space    used 16618K, committed 17024K, reserved 1048576K
}
Event: 178.433 GC heap after
{Heap after GC invocations=34 (full 0):
 garbage-first heap   total 215040K, used 110622K [0x0000000080000000, 0x0000000100000000)
  region size 1024K, 8 young (8192K), 8 survivors (8192K)
 Metaspace       used 119609K, committed 120448K, reserved 1155072K
  class space    used 16618K, committed 17024K, reserved 1048576K
}
Event: 178.451 GC heap before
{Heap before GC invocations=34 (full 0):
 garbage-first heap   total 215040K, used 111646K [0x0000000080000000, 0x0000000100000000)
  region size 1024K, 10 young (10240K), 8 survivors (8192K)
 Metaspace       used 119632K, committed 120448K, reserved 1155072K
  class space    used 16618K, committed 17024K, reserved 1048576K
}
Event: 178.456 GC heap after
{Heap after GC invocations=35 (full 0):
 garbage-first heap   total 215040K, used 110864K [0x0000000080000000, 0x0000000100000000)
  region size 1024K, 2 young (2048K), 2 survivors (2048K)
 Metaspace       used 119632K, committed 120448K, reserved 1155072K
  class space    used 16618K, committed 17024K, reserved 1048576K
}
Event: 179.641 GC heap before
{Heap before GC invocations=35 (full 0):
 garbage-first heap   total 215040K, used 174352K [0x0000000080000000, 0x0000000100000000)
  region size 1024K, 65 young (66560K), 2 survivors (2048K)
 Metaspace       used 120308K, committed 121152K, reserved 1155072K
  class space    used 16636K, committed 17024K, reserved 1048576K
}
Event: 179.647 GC heap after
{Heap after GC invocations=36 (full 0):
 garbage-first heap   total 215040K, used 117393K [0x0000000080000000, 0x0000000100000000)
  region size 1024K, 8 young (8192K), 8 survivors (8192K)
 Metaspace       used 120308K, committed 121152K, reserved 1155072K
  class space    used 16636K, committed 17024K, reserved 1048576K
}
Event: 267.751 GC heap before
{Heap before GC invocations=37 (full 0):
 garbage-first heap   total 215040K, used 183953K [0x0000000080000000, 0x0000000100000000)
  region size 1024K, 64 young (65536K), 8 survivors (8192K)
 Metaspace       used 120891K, committed 121792K, reserved 1155072K
  class space    used 16657K, committed 17088K, reserved 1048576K
}
Event: 267.757 GC heap after
{Heap after GC invocations=38 (full 0):
 garbage-first heap   total 215040K, used 120244K [0x0000000080000000, 0x0000000100000000)
  region size 1024K, 4 young (4096K), 4 survivors (4096K)
 Metaspace       used 120891K, committed 121792K, reserved 1155072K
  class space    used 16657K, committed 17088K, reserved 1048576K
}
Event: 267.803 GC heap before
{Heap before GC invocations=38 (full 0):
 garbage-first heap   total 215040K, used 126388K [0x0000000080000000, 0x0000000100000000)
  region size 1024K, 10 young (10240K), 4 survivors (4096K)
 Metaspace       used 120935K, committed 121856K, reserved 1155072K
  class space    used 16657K, committed 17088K, reserved 1048576K
}
Event: 267.810 GC heap after
{Heap after GC invocations=39 (full 0):
 garbage-first heap   total 215040K, used 118820K [0x0000000080000000, 0x0000000100000000)
  region size 1024K, 2 young (2048K), 2 survivors (2048K)
 Metaspace       used 120935K, committed 121856K, reserved 1155072K
  class space    used 16657K, committed 17088K, reserved 1048576K
}
Event: 268.886 GC heap before
{Heap before GC invocations=39 (full 0):
 garbage-first heap   total 215040K, used 175140K [0x0000000080000000, 0x0000000100000000)
  region size 1024K, 58 young (59392K), 2 survivors (2048K)
 Metaspace       used 121626K, committed 122624K, reserved 1155072K
  class space    used 16704K, committed 17152K, reserved 1048576K
}
Event: 268.891 GC heap after
{Heap after GC invocations=40 (full 0):
 garbage-first heap   total 215040K, used 124356K [0x0000000080000000, 0x0000000100000000)
  region size 1024K, 7 young (7168K), 7 survivors (7168K)
 Metaspace       used 121626K, committed 122624K, reserved 1155072K
  class space    used 16704K, committed 17152K, reserved 1048576K
}

Dll operation events (2 events):
Event: 0.005 Loaded shared library C:\Program Files\Android\Android Studio\jbr\bin\java.dll
Event: 0.270 Loaded shared library C:\Program Files\Android\Android Studio\jbr\bin\verify.dll

Deoptimization events (20 events):
Event: 268.857 Thread 0x0000022a5acfae30 Uncommon trap: trap_request=0xffffffe4 fr.pc=0x0000022a47b8b448 relative=0x0000000000000228
Event: 268.857 Thread 0x0000022a5acfae30 Uncommon trap: reason=range_check action=make_not_entrant pc=0x0000022a47b8b448 method=com.android.tools.r8.graph.u2.a(Lcom/android/tools/r8/graph/u2;)I @ 26 c2
Event: 268.857 Thread 0x0000022a5acfae30 DEOPT PACKING pc=0x0000022a47b8b448 sp=0x000000aa586fd350
Event: 268.857 Thread 0x0000022a5acfae30 DEOPT UNPACKING pc=0x0000022a46d6a1a3 sp=0x000000aa586fd2d0 mode 2
Event: 268.864 Thread 0x0000022a5acfae30 Uncommon trap: trap_request=0xffffffde fr.pc=0x0000022a478cde28 relative=0x0000000000000088
Event: 268.864 Thread 0x0000022a5acfae30 Uncommon trap: reason=class_check action=maybe_recompile pc=0x0000022a478cde28 method=java.security.MessageDigest$Delegate.engineDigest([BII)I @ 7 c2
Event: 268.864 Thread 0x0000022a5acfae30 DEOPT PACKING pc=0x0000022a478cde28 sp=0x000000aa586fcea0
Event: 268.864 Thread 0x0000022a5acfae30 DEOPT UNPACKING pc=0x0000022a46d6a1a3 sp=0x000000aa586fcdb8 mode 2
Event: 268.869 Thread 0x0000022a5ee9cc60 Uncommon trap: trap_request=0xffffffc6 fr.pc=0x0000022a478a8a94 relative=0x00000000000002d4
Event: 268.869 Thread 0x0000022a5ee9cc60 Uncommon trap: reason=bimorphic_or_optimized_type_check action=maybe_recompile pc=0x0000022a478a8a94 method=org.gradle.internal.snapshot.ChildMapFactory.childMapFromSorted(Ljava/util/List;)Lorg/gradle/internal/snapshot/ChildMap; @ 1 c2
Event: 268.869 Thread 0x0000022a5ee9cc60 DEOPT PACKING pc=0x0000022a478a8a94 sp=0x000000aa576fdd30
Event: 268.869 Thread 0x0000022a5ee9cc60 DEOPT UNPACKING pc=0x0000022a46d6a1a3 sp=0x000000aa576fdcf8 mode 2
Event: 268.877 Thread 0x0000022a5ee9cc60 Uncommon trap: trap_request=0xffffffde fr.pc=0x0000022a479a4dd8 relative=0x0000000000003398
Event: 268.877 Thread 0x0000022a5ee9cc60 Uncommon trap: reason=class_check action=maybe_recompile pc=0x0000022a479a4dd8 method=org.gradle.internal.snapshot.impl.AbstractValueProcessor.processValue(Ljava/lang/Object;Lorg/gradle/internal/snapshot/impl/AbstractValueProcessor$ValueVisitor;)Ljava/lan
Event: 268.877 Thread 0x0000022a5ee9cc60 DEOPT PACKING pc=0x0000022a479a4dd8 sp=0x000000aa576fa590
Event: 268.877 Thread 0x0000022a5ee9cc60 DEOPT UNPACKING pc=0x0000022a46d6a1a3 sp=0x000000aa576fa580 mode 2
Event: 268.882 Thread 0x0000022a60097890 Uncommon trap: trap_request=0xffffff45 fr.pc=0x0000022a479e94dc relative=0x00000000000001bc
Event: 268.882 Thread 0x0000022a60097890 Uncommon trap: reason=unstable_if action=reinterpret pc=0x0000022a479e94dc method=sun.security.provider.SHA2.implReset()V @ 8 c2
Event: 268.882 Thread 0x0000022a60097890 DEOPT PACKING pc=0x0000022a479e94dc sp=0x000000aa57dfd8a0
Event: 268.882 Thread 0x0000022a60097890 DEOPT UNPACKING pc=0x0000022a46d6a1a3 sp=0x000000aa57dfd858 mode 2

Classes unloaded (10 events):
Event: 13.694 Thread 0x0000022a561a2ad0 Unloading class 0x0000000100d25c00 'java/lang/invoke/LambdaForm$DMH+0x0000000100d25c00'
Event: 13.694 Thread 0x0000022a561a2ad0 Unloading class 0x0000000100d25800 'java/lang/invoke/LambdaForm$DMH+0x0000000100d25800'
Event: 13.694 Thread 0x0000022a561a2ad0 Unloading class 0x0000000100d25400 'java/lang/invoke/LambdaForm$DMH+0x0000000100d25400'
Event: 13.694 Thread 0x0000022a561a2ad0 Unloading class 0x0000000100d25000 'java/lang/invoke/LambdaForm$DMH+0x0000000100d25000'
Event: 13.694 Thread 0x0000022a561a2ad0 Unloading class 0x0000000100d24800 'java/lang/invoke/LambdaForm$DMH+0x0000000100d24800'
Event: 13.694 Thread 0x0000022a561a2ad0 Unloading class 0x0000000100d24c00 'java/lang/invoke/LambdaForm$DMH+0x0000000100d24c00'
Event: 13.694 Thread 0x0000022a561a2ad0 Unloading class 0x0000000100d24400 'java/lang/invoke/LambdaForm$DMH+0x0000000100d24400'
Event: 179.732 Thread 0x0000022a561a2ad0 Unloading class 0x0000000100e3c400 'jdk/internal/reflect/GeneratedSerializationConstructorAccessor143'
Event: 179.732 Thread 0x0000022a561a2ad0 Unloading class 0x0000000100e3cc00 'jdk/internal/reflect/GeneratedSerializationConstructorAccessor144'
Event: 179.732 Thread 0x0000022a561a2ad0 Unloading class 0x0000000100e3c800 'jdk/internal/reflect/GeneratedSerializationConstructorAccessor145'

Classes redefined (0 events):
No events

Internal exceptions (20 events):
Event: 267.886 Thread 0x0000022a600973c0 Exception <a 'sun/nio/fs/WindowsException'{0x000000008c7b9b50}> (0x000000008c7b9b50) 
thrown [s\src\hotspot\share\prims\jni.cpp, line 517]
Event: 267.886 Thread 0x0000022a600973c0 Exception <a 'sun/nio/fs/WindowsException'{0x000000008c7baee8}> (0x000000008c7baee8) 
thrown [s\src\hotspot\share\prims\jni.cpp, line 517]
Event: 267.938 Thread 0x0000022a5ee9cc60 Exception <a 'sun/nio/fs/WindowsException'{0x000000008c298068}> (0x000000008c298068) 
thrown [s\src\hotspot\share\prims\jni.cpp, line 517]
Event: 268.130 Thread 0x0000022a5ee9bdf0 Exception <a 'sun/nio/fs/WindowsException'{0x000000008ace2bd0}> (0x000000008ace2bd0) 
thrown [s\src\hotspot\share\prims\jni.cpp, line 517]
Event: 268.132 Thread 0x0000022a5c794f20 Exception <a 'java/lang/InterruptedException'{0x000000008ab06600}> (0x000000008ab06600) 
thrown [s\src\hotspot\share\runtime\objectMonitor.cpp, line 1648]
Event: 268.178 Thread 0x0000022a59058b70 Exception <a 'sun/nio/fs/WindowsException'{0x000000008a552ff0}> (0x000000008a552ff0) 
thrown [s\src\hotspot\share\prims\jni.cpp, line 517]
Event: 268.186 Thread 0x0000022a59058b70 Exception <a 'sun/nio/fs/WindowsException'{0x000000008a419b38}> (0x000000008a419b38) 
thrown [s\src\hotspot\share\prims\jni.cpp, line 517]
Event: 268.721 Thread 0x0000022a5ee9cc60 Exception <a 'sun/nio/fs/WindowsException'{0x000000008a3e96d8}> (0x000000008a3e96d8) 
thrown [s\src\hotspot\share\prims\jni.cpp, line 517]
Event: 268.721 Thread 0x0000022a5ee9cc60 Exception <a 'sun/nio/fs/WindowsException'{0x000000008a3eb300}> (0x000000008a3eb300) 
thrown [s\src\hotspot\share\prims\jni.cpp, line 517]
Event: 268.721 Thread 0x0000022a5ee9cc60 Exception <a 'sun/nio/fs/WindowsException'{0x000000008a3eec70}> (0x000000008a3eec70) 
thrown [s\src\hotspot\share\prims\jni.cpp, line 517]
Event: 268.753 Thread 0x0000022a5c795d90 Exception <a 'sun/nio/fs/WindowsException'{0x000000008a1ee060}> (0x000000008a1ee060) 
thrown [s\src\hotspot\share\prims\jni.cpp, line 517]
Event: 268.827 Thread 0x0000022a5c795d90 Exception <a 'sun/nio/fs/WindowsException'{0x0000000089a58ea8}> (0x0000000089a58ea8) 
thrown [s\src\hotspot\share\prims\jni.cpp, line 517]
Event: 268.844 Thread 0x0000022a5c6a31b0 Exception <a 'sun/nio/fs/WindowsException'{0x0000000089ae3978}> (0x0000000089ae3978) 
thrown [s\src\hotspot\share\prims\jni.cpp, line 517]
Event: 268.844 Thread 0x0000022a5c6a31b0 Exception <a 'sun/nio/fs/WindowsException'{0x0000000089ae3d68}> (0x0000000089ae3d68) 
thrown [s\src\hotspot\share\prims\jni.cpp, line 517]
Event: 268.847 Thread 0x0000022a5acfae30 Exception <a 'sun/nio/fs/WindowsException'{0x0000000089afc3e0}> (0x0000000089afc3e0) 
thrown [s\src\hotspot\share\prims\jni.cpp, line 517]
Event: 268.865 Thread 0x0000022a5acfae30 Exception <a 'sun/nio/fs/WindowsException'{0x00000000899ff848}> (0x00000000899ff848) 
thrown [s\src\hotspot\share\prims\jni.cpp, line 517]
Event: 268.882 Thread 0x0000022a60097890 Implicit null exception at 0x0000022a479e9391 to 0x0000022a479e94c4
Event: 268.942 Thread 0x0000022a600973c0 Exception <a 'sun/nio/fs/WindowsException'{0x00000000900102b8}> (0x00000000900102b8) 
thrown [s\src\hotspot\share\prims\jni.cpp, line 517]
Event: 268.943 Thread 0x0000022a600973c0 Exception <a 'sun/nio/fs/WindowsException'{0x0000000090010698}> (0x0000000090010698) 
thrown [s\src\hotspot\share\prims\jni.cpp, line 517]
Event: 268.943 Thread 0x0000022a600973c0 Exception <a 'sun/nio/fs/WindowsException'{0x0000000090012568}> (0x0000000090012568) 
thrown [s\src\hotspot\share\prims\jni.cpp, line 517]

VM Operations (20 events):
Event: 181.780 Executing VM operation: Cleanup done
Event: 205.794 Executing VM operation: Cleanup
Event: 205.795 Executing VM operation: Cleanup done
Event: 240.812 Executing VM operation: Cleanup
Event: 240.812 Executing VM operation: Cleanup done
Event: 267.742 Executing VM operation: ICBufferFull
Event: 267.742 Executing VM operation: ICBufferFull done
Event: 267.751 Executing VM operation: G1CollectForAllocation
Event: 267.758 Executing VM operation: G1CollectForAllocation done
Event: 267.803 Executing VM operation: G1CollectForAllocation
Event: 267.810 Executing VM operation: G1CollectForAllocation done
Event: 267.984 Executing VM operation: ICBufferFull
Event: 267.984 Executing VM operation: ICBufferFull done
Event: 268.732 Executing VM operation: ICBufferFull
Event: 268.732 Executing VM operation: ICBufferFull done
Event: 268.863 Executing VM operation: ICBufferFull
Event: 268.864 Executing VM operation: ICBufferFull done
Event: 268.886 Executing VM operation: G1CollectForAllocation
Event: 268.891 Executing VM operation: G1CollectForAllocation done
Event: 268.972 Executing VM operation: G1Concurrent

Events (20 events):
Event: 268.971 Thread 0x0000022a5e6b9c10 Thread exited: 0x0000022a5e6b9c10
Event: 268.971 Thread 0x0000022a606156e0 Thread exited: 0x0000022a606156e0
Event: 268.971 Thread 0x0000022a5e6ba0e0 Thread exited: 0x0000022a5e6ba0e0
Event: 268.971 Thread 0x0000022a5fd2faa0 Thread exited: 0x0000022a5fd2faa0
Event: 268.971 Thread 0x0000022a602ee650 Thread exited: 0x0000022a602ee650
Event: 268.971 Thread 0x0000022a5e6b9740 Thread exited: 0x0000022a5e6b9740
Event: 268.971 Thread 0x0000022a60613a00 Thread exited: 0x0000022a60613a00
Event: 268.971 Thread 0x0000022a60629c30 Thread exited: 0x0000022a60629c30
Event: 268.971 Thread 0x0000022a5e6bdaa0 Thread exited: 0x0000022a5e6bdaa0
Event: 268.971 Thread 0x0000022a5e6be910 Thread exited: 0x0000022a5e6be910
Event: 268.971 Thread 0x0000022a6062c780 Thread exited: 0x0000022a6062c780
Event: 268.971 Thread 0x0000022a5e6b88d0 Thread exited: 0x0000022a5e6b88d0
Event: 268.971 Thread 0x0000022a5acf7940 Thread exited: 0x0000022a5acf7940
Event: 268.971 Thread 0x0000022a606143a0 Thread exited: 0x0000022a606143a0
Event: 268.971 Thread 0x0000022a5fd2f100 Thread exited: 0x0000022a5fd2f100
Event: 268.972 Thread 0x0000022a602ed310 Thread exited: 0x0000022a602ed310
Event: 268.972 Thread 0x0000022a5905b1f0 Thread exited: 0x0000022a5905b1f0
Event: 268.972 Thread 0x0000022a5acf5790 Thread exited: 0x0000022a5acf5790
Event: 268.972 Thread 0x0000022a5905ad20 Thread exited: 0x0000022a5905ad20
Event: 268.972 Thread 0x0000022a60613ed0 Thread exited: 0x0000022a60613ed0


Dynamic libraries:
0x00007ff777360000 - 0x00007ff77736a000 	C:\Program Files\Android\Android Studio\jbr\bin\java.exe
0x00007ff8113f0000 - 0x00007ff811606000 	C:\WINDOWS\SYSTEM32\ntdll.dll
0x00007ff810640000 - 0x00007ff810704000 	C:\WINDOWS\System32\KERNEL32.DLL
0x00007ff80e870000 - 0x00007ff80ec16000 	C:\WINDOWS\System32\KERNELBASE.dll
0x00007ff80eeb0000 - 0x00007ff80efc1000 	C:\WINDOWS\System32\ucrtbase.dll
0x00007fffced50000 - 0x00007fffced67000 	C:\Program Files\Android\Android Studio\jbr\bin\jli.dll
0x00007ff80ad20000 - 0x00007ff80ad3b000 	C:\Program Files\Android\Android Studio\jbr\bin\VCRUNTIME140.dll
0x00007ff80f5a0000 - 0x00007ff80f74d000 	C:\WINDOWS\System32\USER32.dll
0x00007ffff2dd0000 - 0x00007ffff3063000 	C:\WINDOWS\WinSxS\amd64_microsoft.windows.common-controls_6595b64144ccf1df_6.0.22621.3235_none_270f74e173860f98\COMCTL32.dll
0x00007ff80e730000 - 0x00007ff80e756000 	C:\WINDOWS\System32\win32u.dll
0x00007ff811300000 - 0x00007ff8113a7000 	C:\WINDOWS\System32\msvcrt.dll
0x00007ff810d00000 - 0x00007ff810d29000 	C:\WINDOWS\System32\GDI32.dll
0x00007ff80ec20000 - 0x00007ff80ed38000 	C:\WINDOWS\System32\gdi32full.dll
0x00007ff80e760000 - 0x00007ff80e7fa000 	C:\WINDOWS\System32\msvcp_win.dll
0x00007ff80f3e0000 - 0x00007ff80f411000 	C:\WINDOWS\System32\IMM32.DLL
0x00007ff80af30000 - 0x00007ff80af3c000 	C:\Program Files\Android\Android Studio\jbr\bin\vcruntime140_1.dll
0x00007fffe3060000 - 0x00007fffe30ed000 	C:\Program Files\Android\Android Studio\jbr\bin\msvcp140.dll
0x00007fffc4030000 - 0x00007fffc4c9e000 	C:\Program Files\Android\Android Studio\jbr\bin\server\jvm.dll
0x00007ff810710000 - 0x00007ff8107c2000 	C:\WINDOWS\System32\ADVAPI32.dll
0x00007ff810590000 - 0x00007ff810638000 	C:\WINDOWS\System32\sechost.dll
0x00007ff80efd0000 - 0x00007ff80eff8000 	C:\WINDOWS\System32\bcrypt.dll
0x00007ff810be0000 - 0x00007ff810cf5000 	C:\WINDOWS\System32\RPCRT4.dll
0x00007fffe6900000 - 0x00007fffe6909000 	C:\WINDOWS\SYSTEM32\WSOCK32.dll
0x00007ff8035b0000 - 0x00007ff8035ba000 	C:\WINDOWS\SYSTEM32\VERSION.dll
0x00007ff805b10000 - 0x00007ff805b44000 	C:\WINDOWS\SYSTEM32\WINMM.dll
0x00007ff811270000 - 0x00007ff8112e1000 	C:\WINDOWS\System32\WS2_32.dll
0x00007ff80d730000 - 0x00007ff80d748000 	C:\WINDOWS\SYSTEM32\kernel.appcore.dll
0x00007ff80b580000 - 0x00007ff80b58a000 	C:\Program Files\Android\Android Studio\jbr\bin\jimage.dll
0x00007ff80bf50000 - 0x00007ff80c183000 	C:\WINDOWS\SYSTEM32\DBGHELP.DLL
0x00007ff810830000 - 0x00007ff810bb8000 	C:\WINDOWS\System32\combase.dll
0x00007ff80f300000 - 0x00007ff80f3d7000 	C:\WINDOWS\System32\OLEAUT32.dll
0x00007fffdc790000 - 0x00007fffdc7c2000 	C:\WINDOWS\SYSTEM32\dbgcore.DLL
0x00007ff80f0c0000 - 0x00007ff80f13a000 	C:\WINDOWS\System32\bcryptPrimitives.dll
0x00007fffc9130000 - 0x00007fffc9155000 	C:\Program Files\Android\Android Studio\jbr\bin\java.dll
0x00007fffdea80000 - 0x00007fffdea98000 	C:\Program Files\Android\Android Studio\jbr\bin\zip.dll
0x00007ff80fa80000 - 0x00007ff8102dd000 	C:\WINDOWS\System32\SHELL32.dll
0x00007ff80c640000 - 0x00007ff80cf38000 	C:\WINDOWS\SYSTEM32\windows.storage.dll
0x00007ff80c500000 - 0x00007ff80c63e000 	C:\WINDOWS\SYSTEM32\wintypes.dll
0x00007ff80f4a0000 - 0x00007ff80f593000 	C:\WINDOWS\System32\SHCORE.dll
0x00007ff811210000 - 0x00007ff81126e000 	C:\WINDOWS\System32\shlwapi.dll
0x00007ff80e660000 - 0x00007ff80e686000 	C:\WINDOWS\SYSTEM32\profapi.dll
0x00007fffdbdb0000 - 0x00007fffdbdc9000 	C:\Program Files\Android\Android Studio\jbr\bin\net.dll
0x00007ff8089b0000 - 0x00007ff808ae7000 	C:\WINDOWS\SYSTEM32\WINHTTP.dll
0x00007ff80dba0000 - 0x00007ff80dc09000 	C:\WINDOWS\system32\mswsock.dll
0x00007fffd4360000 - 0x00007fffd4376000 	C:\Program Files\Android\Android Studio\jbr\bin\nio.dll
0x00007ff808670000 - 0x00007ff808680000 	C:\Program Files\Android\Android Studio\jbr\bin\verify.dll
0x00007ff80ad40000 - 0x00007ff80ad67000 	C:\Users\yk5fe\.gradle\native\68d5fa5c4cc2d200863cafc0d521ce42e7d3e7ee720ec0a83991735586a16f82\windows-amd64\native-platform.dll
0x00007fffd1e40000 - 0x00007fffd1f84000 	C:\Users\yk5fe\.gradle\native\e376f236ea51e6404a007f0833ffe2c6e607c4080706a723a18a27aeea778392\windows-amd64\native-platform-file-events.dll
0x00007ff807930000 - 0x00007ff807939000 	C:\Program Files\Android\Android Studio\jbr\bin\management.dll
0x00007ffff1e60000 - 0x00007ffff1e6b000 	C:\Program Files\Android\Android Studio\jbr\bin\management_ext.dll
0x00007ff8104a0000 - 0x00007ff8104a8000 	C:\WINDOWS\System32\PSAPI.DLL
0x00007ff80def0000 - 0x00007ff80df0b000 	C:\WINDOWS\SYSTEM32\CRYPTSP.dll
0x00007ff80d690000 - 0x00007ff80d6c5000 	C:\WINDOWS\system32\rsaenh.dll
0x00007ff80dc40000 - 0x00007ff80dc6c000 	C:\WINDOWS\SYSTEM32\USERENV.dll
0x00007ff80ded0000 - 0x00007ff80dedc000 	C:\WINDOWS\SYSTEM32\CRYPTBASE.dll
0x00007ff80d1a0000 - 0x00007ff80d1cd000 	C:\WINDOWS\SYSTEM32\IPHLPAPI.DLL
0x00007ff8104b0000 - 0x00007ff8104b9000 	C:\WINDOWS\System32\NSI.dll
0x00007ff8088d0000 - 0x00007ff8088e9000 	C:\WINDOWS\SYSTEM32\dhcpcsvc6.DLL
0x00007ff808890000 - 0x00007ff8088af000 	C:\WINDOWS\SYSTEM32\dhcpcsvc.DLL
0x00007ff80d1d0000 - 0x00007ff80d2c9000 	C:\WINDOWS\SYSTEM32\DNSAPI.dll
0x00007ffff1480000 - 0x00007ffff1488000 	C:\WINDOWS\system32\wshunix.dll
0x00007fffdc170000 - 0x00007fffdc187000 	C:\WINDOWS\system32\napinsp.dll
0x00007fffcee20000 - 0x00007fffcee3b000 	C:\WINDOWS\system32\pnrpnsp.dll
0x00007fffcee00000 - 0x00007fffcee11000 	C:\WINDOWS\System32\winrnr.dll
0x00007fffd7670000 - 0x00007fffd7685000 	C:\WINDOWS\system32\wshbth.dll
0x00007fffcc0a0000 - 0x00007fffcc0c1000 	C:\WINDOWS\system32\nlansp_c.dll
0x000000006d050000 - 0x000000006d076000 	C:\Program Files\Bonjour\mdnsNSP.dll
0x00007ff808650000 - 0x00007ff80865a000 	C:\Windows\System32\rasadhlp.dll
0x00007ff805fb0000 - 0x00007ff806033000 	C:\WINDOWS\System32\fwpuclnt.dll
0x00007ff80acf0000 - 0x00007ff80acf7000 	C:\Program Files\Android\Android Studio\jbr\bin\rmi.dll

dbghelp: loaded successfully - version: 4.0.5 - missing functions: none
symbol engine: initialized successfully - sym options: 0x614 - pdb path: .;C:\Program Files\Android\Android Studio\jbr\bin;C:\WINDOWS\SYSTEM32;C:\WINDOWS\WinSxS\amd64_microsoft.windows.common-controls_6595b64144ccf1df_6.0.22621.3235_none_270f74e173860f98;C:\Program Files\Android\Android Studio\jbr\bin\server;C:\Users\yk5fe\.gradle\native\68d5fa5c4cc2d200863cafc0d521ce42e7d3e7ee720ec0a83991735586a16f82\windows-amd64;C:\Users\yk5fe\.gradle\native\e376f236ea51e6404a007f0833ffe2c6e607c4080706a723a18a27aeea778392\windows-amd64;C:\Program Files\Bonjour

VM Arguments:
jvm_args: --add-opens=java.base/java.util=ALL-UNNAMED --add-opens=java.base/java.lang=ALL-UNNAMED --add-opens=java.base/java.lang.invoke=ALL-UNNAMED --add-opens=java.prefs/java.util.prefs=ALL-UNNAMED --add-opens=java.base/java.nio.charset=ALL-UNNAMED --add-opens=java.base/java.net=ALL-UNNAMED --add-opens=java.base/java.util.concurrent.atomic=ALL-UNNAMED -Xmx2048m -Dfile.encoding=UTF-8 -Duser.country=FR -Duser.language=fr -Duser.variant 
java_command: org.gradle.launcher.daemon.bootstrap.GradleDaemon 8.0
java_class_path (initial): C:\Users\yk5fe\.gradle\wrapper\dists\gradle-8.0-bin\ca5e32bp14vu59qr306oxotwh\gradle-8.0\lib\gradle-launcher-8.0.jar
Launcher Type: SUN_STANDARD

[Global flags]
     intx CICompilerCount                          = 4                                         {product} {ergonomic}
     uint ConcGCThreads                            = 2                                         {product} {ergonomic}
     uint G1ConcRefinementThreads                  = 8                                         {product} {ergonomic}
   size_t G1HeapRegionSize                         = 1048576                                   {product} {ergonomic}
    uintx GCDrainStackTargetSize                   = 64                                        {product} {ergonomic}
   size_t InitialHeapSize                          = 199229440                                 {product} {ergonomic}
   size_t MarkStackSize                            = 4194304                                   {product} {ergonomic}
   size_t MaxHeapSize                              = 2147483648                                {product} {command line}
   size_t MaxNewSize                               = 1287651328                                {product} {ergonomic}
   size_t MinHeapDeltaBytes                        = 1048576                                   {product} {ergonomic}
   size_t MinHeapSize                              = 8388608                                   {product} {ergonomic}
    uintx NonNMethodCodeHeapSize                   = 5839372                                {pd product} {ergonomic}
    uintx NonProfiledCodeHeapSize                  = 122909434                              {pd product} {ergonomic}
    uintx ProfiledCodeHeapSize                     = 122909434                              {pd product} {ergonomic}
    uintx ReservedCodeCacheSize                    = 251658240                              {pd product} {ergonomic}
     bool SegmentedCodeCache                       = true                                      {product} {ergonomic}
   size_t SoftMaxHeapSize                          = 2147483648                             {manageable} {ergonomic}
     bool UseCompressedClassPointers               = true                           {product lp64_product} {ergonomic}
     bool UseCompressedOops                        = true                           {product lp64_product} {ergonomic}
     bool UseG1GC                                  = true                                      {product} {ergonomic}
     bool UseLargePagesIndividualAllocation        = false                                  {pd product} {ergonomic}

Logging:
Log output configuration:
 #0: stdout all=warning uptime,level,tags
 #1: stderr all=off uptime,level,tags

Environment Variables:
JAVA_HOME=C:\Program Files\Java\jdk-20
PATH=C:\Program Files\Java\jdk-20\bin;C:\ADMINISTRATION\WINDOWS\bin;C:\Program Files\Common Files\Oracle\Java\javapath;C:\WINDOWS\system32;C:\WINDOWS;C:\WINDOWS\System32\Wbem;C:\WINDOWS\System32\WindowsPowerShell\v1.0\;C:\WINDOWS\System32\OpenSSH\;C:\Program Files\Git\cmd;C:\Program Files\MySQL\MySQL Server 5.1\bin;C:\Users\yk5fe\AppData\Roaming\nvm;C:\Program Files\nodejs;C:\Program Files\nodejs\;C:\Program Files (x86)\Windows Kits\10\Windows Performance Toolkit\;C:\Users\yk5fe\AppData\Local\Programs\Python\Python39\Scripts\;C:\Users\yk5fe\AppData\Local\Programs\Python\Python39\;C:\Program Files\Java\jdk-20\bin;C:\ADMINISTRATION\WINDOWS\bin;C:\Program Files\Common Files\Oracle\Java\javapath;C:\WINDOWS\system32;C:\WINDOWS;C:\WINDOWS\System32\Wbem;C:\WINDOWS\System32\WindowsPowerShell\v1.0\;C:\WINDOWS\System32\OpenSSH\;C:\Program Files\Git\cmd;C:\Program Files\MySQL\MySQL Server 5.1\bin;C:\Users\yk5fe\AppData\Roaming\nvm;C:\Program Files\nodejs;C:\Program Files\nodejs\;C:\Program Files (x86)\Windows Kits\10\Windows Performance Toolkit\;C:\Program Files\Java\jdk-20\bin;C:\ADMINISTRATION\WINDOWS\bin;C:\Program Files\Common Files\Oracle\Java\javapath;C:\WINDOWS\system32;C:\WINDOWS;C:\WINDOWS\System32\Wbem;C:\WINDOWS\System32\WindowsPowerShell\v1.0\;C:\WINDOWS\System32\OpenSSH\;C:\Program Files\Git\cmd;C:\Program Files\MySQL\MySQL Server 5.1\bin;C:\Users\yk5fe\AppData\Roaming\nvm;C:\Program Files\nodejs;C:\Program Files\nodejs\;C:\Program Files (x86)\Windows Kits\;C:\Users\yk5fe\AppData\Local\Programs\Microsoft VS Code\bin
USERNAME=yk5fe
OS=Windows_NT
PROCESSOR_IDENTIFIER=Intel64 Family 6 Model 140 Stepping 2, GenuineIntel
TMP=C:\Users\yk5fe\AppData\Local\Temp
TEMP=C:\Users\yk5fe\AppData\Local\Temp


JNI global refs:
JNI global refs: 28, weak refs: 2

JNI global refs memory usage: 843, weak refs: 841


---------------  S Y S T E M  ---------------

OS:
 Windows 11 , 64 bit Build 22621 (10.0.22621.3235)
OS uptime: 1 days 16:27 hours
Hyper-V role detected

CPU: total 8 (initial active 8) (4 cores per cpu, 2 threads per core) family 6 model 140 stepping 2 microcode 0x2c, cx8, cmov, fxsr, ht, mmx, 3dnowpref, sse, sse2, sse3, ssse3, sse4.1, sse4.2, popcnt, lzcnt, tsc, tscinvbit, avx, avx2, aes, erms, clmul, bmi1, bmi2, adx, avx512f, avx512dq, avx512cd, avx512bw, avx512vl, sha, fma, vzeroupper, avx512_vpopcntdq, avx512_vpclmulqdq, avx512_vaes, avx512_vnni, clflush, clflushopt, clwb, avx512_vbmi2, avx512_vbmi, hv

Memory: 4k page, system-wide physical 12037M (530M free)
TotalPageFile size 14437M (AvailPageFile size 15M)
current process WorkingSet (physical memory assigned to process): 526M, peak: 546M
current process commit charge ("private bytes"): 556M, peak: 579M

vm_info: OpenJDK 64-Bit Server VM (17.0.6+0-b2043.56-10027231) for windows-amd64 JRE (17.0.6+0-b2043.56-10027231), built on Apr 28 2023 00:43:19 by "androidbuild" with MS VC++ 16.10 / 16.11 (VS2019)

END.
