#
# There is insufficient memory for the Java Runtime Environment to continue.
# Native memory allocation (mmap) failed to map 152043520 bytes for G1 virtual space
# Possible reasons:
#   The system is out of physical RAM or swap space
#   The process is running with CompressedOops enabled, and the Java Heap may be blocking the growth of the native heap
# Possible solutions:
#   Reduce memory load on the system
#   Increase physical memory or swap space
#   Check if swap backing store is full
#   Decrease Java heap size (-Xmx/-Xms)
#   Decrease number of Java threads
#   Decrease Java thread stack sizes (-Xss)
#   Set larger code cache with -XX:ReservedCodeCacheSize=
#   JVM is running with Unscaled Compressed Oops mode in which the Java heap is
#     placed in the first 4GB address space. The Java Heap base address is the
#     maximum limit for the native heap growth. Please use -XX:HeapBaseMinAddress
#     to set the Java Heap base and to place the Java Heap above 4GB virtual address.
# This output file may be truncated or incomplete.
#
#  Out of Memory Error (os_windows.cpp:3769), pid=13700, tid=5948
#
# JRE version: OpenJDK Runtime Environment (17.0.6) (build 17.0.6+0-b2043.56-10027231)
# Java VM: OpenJDK 64-Bit Server VM (17.0.6+0-b2043.56-10027231, mixed mode, tiered, compressed oops, compressed class ptrs, g1 gc, windows-amd64)
# No core dump will be written. Minidumps are not enabled by default on client versions of Windows
#

---------------  S U M M A R Y ------------

Command Line: --add-opens=java.base/java.util=ALL-UNNAMED --add-opens=java.base/java.lang=ALL-UNNAMED --add-opens=java.base/java.lang.invoke=ALL-UNNAMED --add-opens=java.prefs/java.util.prefs=ALL-UNNAMED --add-opens=java.base/java.nio.charset=ALL-UNNAMED --add-opens=java.base/java.net=ALL-UNNAMED --add-opens=java.base/java.util.concurrent.atomic=ALL-UNNAMED -Xmx2048m -Dfile.encoding=UTF-8 -Duser.country=FR -Duser.language=fr -Duser.variant org.gradle.launcher.daemon.bootstrap.GradleDaemon 8.0

Host: 11th Gen Intel(R) Core(TM) i5-1155G7 @ 2.50GHz, 8 cores, 11G,  Windows 11 , 64 bit Build 22621 (10.0.22621.3235)
Time: Mon Mar 25 23:56:41 2024 Greenwich elapsed time: 11.407368 seconds (0d 0h 0m 11s)

---------------  T H R E A D  ---------------

Current thread (0x000001784ad43d10):  VMThread "VM Thread" [stack: 0x0000004b30b00000,0x0000004b30c00000] [id=5948]

Stack: [0x0000004b30b00000,0x0000004b30c00000]
Native frames: (J=compiled Java code, j=interpreted, Vv=VM code, C=native code)
V  [jvm.dll+0x683c9a]
V  [jvm.dll+0x8427a4]
V  [jvm.dll+0x843f9e]
V  [jvm.dll+0x844603]
V  [jvm.dll+0x249b75]
V  [jvm.dll+0x680b69]
V  [jvm.dll+0x67505a]
V  [jvm.dll+0x309acb]
V  [jvm.dll+0x310f86]
V  [jvm.dll+0x3608ee]
V  [jvm.dll+0x360b1f]
V  [jvm.dll+0x2dfbf8]
V  [jvm.dll+0x2ddec4]
V  [jvm.dll+0x2dd4cc]
V  [jvm.dll+0x321f3b]
V  [jvm.dll+0x848ccb]
V  [jvm.dll+0x849a04]
V  [jvm.dll+0x849f1d]
V  [jvm.dll+0x84a2f4]
V  [jvm.dll+0x84a3c0]
V  [jvm.dll+0x7f274a]
V  [jvm.dll+0x682ad5]
C  [ucrtbase.dll+0x29363]
C  [KERNEL32.DLL+0x1257d]
C  [ntdll.dll+0x5aa58]

VM_Operation (0x0000004b32cfdea0): G1CollectForAllocation, mode: safepoint, requested by thread 0x000001784c29b9b0


---------------  P R O C E S S  ---------------

Threads class SMR info:
_java_thread_list=0x0000017852db1dc0, length=139, elements={
0x000001782ef213d0, 0x000001784ad447b0, 0x000001784b822840, 0x000001784b8654d0,
0x000001784b865f90, 0x000001784b866a50, 0x000001784b86bb40, 0x000001784b86c7e0,
0x000001784b86d190, 0x000001784b878fa0, 0x000001784b9fe300, 0x000001784b9feff0,
0x000001784bbef1c0, 0x000001784bc98f40, 0x000001784d046040, 0x000001784cd3ed20,
0x000001784cbf4420, 0x000001784e0cae30, 0x000001784e487030, 0x000001784cd4c320,
0x000001784d3b2f70, 0x000001784c29a670, 0x000001784c29b010, 0x000001784c29a1a0,
0x000001784c29b9b0, 0x000001784c29be80, 0x000001784c29c350, 0x000001784c29ccf0,
0x000001784c29c820, 0x000001784c29d690, 0x000001784c29db60, 0x000001784f706ee0,
0x000001784f70bbe0, 0x000001784f709560, 0x000001784f70d3f0, 0x000001784f707880,
0x000001784f706540, 0x000001784f709a30, 0x000001784f708bc0, 0x000001784f709f00,
0x000001784f70a3d0, 0x000001784f70c0b0, 0x000001784f70b240, 0x000001784f70ad70,
0x000001784f706a10, 0x000001784f7073b0, 0x000001784f708220, 0x000001784f709090,
0x000001784f707d50, 0x000001784f7086f0, 0x0000017851808a80, 0x0000017851804bf0,
0x0000017851806400, 0x0000017851808f50, 0x0000017851806da0, 0x0000017851802570,
0x00000178518085b0, 0x0000017851805590, 0x0000017851807740, 0x00000178518038b0,
0x0000017851803d80, 0x0000017851805a60, 0x0000017851804720, 0x00000178518098f0,
0x0000017851809420, 0x0000017851805f30, 0x00000178518033e0, 0x0000017851804250,
0x00000178518050c0, 0x00000178518068d0, 0x00000178518020a0, 0x0000017851807270,
0x0000017851807c10, 0x0000017851802a40, 0x0000017851802f10, 0x00000178518080e0,
0x00000178524e6c60, 0x00000178524e4110, 0x00000178524e4ab0, 0x00000178524e7130,
0x00000178524e4f80, 0x00000178524eb960, 0x00000178524e45e0, 0x00000178524e62c0,
0x00000178524e92e0, 0x00000178524e6790, 0x00000178524e7600, 0x00000178524ea150,
0x00000178524e7ad0, 0x00000178524eb490, 0x00000178524e9c80, 0x00000178524e7fa0,
0x00000178524e8470, 0x00000178524e5920, 0x00000178524e5df0, 0x00000178524ea620,
0x00000178524e5450, 0x00000178524eaaf0, 0x00000178524e8940, 0x00000178524eafc0,
0x00000178524e8e10, 0x00000178524e97b0, 0x000001785215e2b0, 0x00000178521647c0,
0x0000017852164c90, 0x000001785215d440, 0x000001785215e780, 0x000001785215fac0,
0x000001785215d910, 0x0000017852162ae0, 0x0000017852160460, 0x00000178521612d0,
0x0000017852162140, 0x000001785215dde0, 0x000001785215f5f0, 0x0000017852160930,
0x000001785215ec50, 0x0000017852160e00, 0x000001785215f120, 0x0000017852162fb0,
0x00000178521617a0, 0x000001785215ff90, 0x0000017852161c70, 0x0000017852162610,
0x0000017852163480, 0x0000017852163950, 0x0000017852163e20, 0x000001784f70c580,
0x00000178550537e0, 0x0000017855051b00, 0x0000017855054ff0, 0x0000017855055990,
0x0000017855051160, 0x0000017855055e60, 0x0000017855056330, 0x0000017855056cd0,
0x0000017855052970, 0x0000017855056800, 0x0000017855057670
}

Java Threads: ( => current thread )
  0x000001782ef213d0 JavaThread "main" [_thread_blocked, id=2984, stack(0x0000004b30500000,0x0000004b30600000)]
  0x000001784ad447b0 JavaThread "Reference Handler" daemon [_thread_blocked, id=11180, stack(0x0000004b30c00000,0x0000004b30d00000)]
  0x000001784b822840 JavaThread "Finalizer" daemon [_thread_blocked, id=7376, stack(0x0000004b30d00000,0x0000004b30e00000)]
  0x000001784b8654d0 JavaThread "Signal Dispatcher" daemon [_thread_blocked, id=3948, stack(0x0000004b30e00000,0x0000004b30f00000)]
  0x000001784b865f90 JavaThread "Attach Listener" daemon [_thread_blocked, id=11748, stack(0x0000004b30f00000,0x0000004b31000000)]
  0x000001784b866a50 JavaThread "Service Thread" daemon [_thread_blocked, id=4368, stack(0x0000004b31000000,0x0000004b31100000)]
  0x000001784b86bb40 JavaThread "Monitor Deflation Thread" daemon [_thread_blocked, id=15924, stack(0x0000004b31100000,0x0000004b31200000)]
  0x000001784b86c7e0 JavaThread "C2 CompilerThread0" daemon [_thread_blocked, id=4624, stack(0x0000004b31200000,0x0000004b31300000)]
  0x000001784b86d190 JavaThread "C1 CompilerThread0" daemon [_thread_blocked, id=9648, stack(0x0000004b31300000,0x0000004b31400000)]
  0x000001784b878fa0 JavaThread "Sweeper thread" daemon [_thread_blocked, id=8248, stack(0x0000004b31400000,0x0000004b31500000)]
  0x000001784b9fe300 JavaThread "Common-Cleaner" daemon [_thread_blocked, id=15376, stack(0x0000004b31500000,0x0000004b31600000)]
  0x000001784b9feff0 JavaThread "Notification Thread" daemon [_thread_blocked, id=8988, stack(0x0000004b31600000,0x0000004b31700000)]
  0x000001784bbef1c0 JavaThread "C2 CompilerThread1" daemon [_thread_blocked, id=15764, stack(0x0000004b31800000,0x0000004b31900000)]
  0x000001784bc98f40 JavaThread "C2 CompilerThread2" daemon [_thread_blocked, id=13492, stack(0x0000004b31900000,0x0000004b31a00000)]
  0x000001784d046040 JavaThread "Daemon health stats" [_thread_blocked, id=10988, stack(0x0000004b31e00000,0x0000004b31f00000)]
  0x000001784cd3ed20 JavaThread "Incoming local TCP Connector on port 60291" [_thread_in_native, id=10436, stack(0x0000004b31f00000,0x0000004b32000000)]
  0x000001784cbf4420 JavaThread "Daemon periodic checks" [_thread_blocked, id=7760, stack(0x0000004b32000000,0x0000004b32100000)]
  0x000001784e0cae30 JavaThread "Daemon" [_thread_blocked, id=6600, stack(0x0000004b32100000,0x0000004b32200000)]
  0x000001784e487030 JavaThread "Handler for socket connection from /127.0.0.1:60291 to /127.0.0.1:60292" [_thread_in_native, id=14548, stack(0x0000004b32200000,0x0000004b32300000)]
  0x000001784cd4c320 JavaThread "Cancel handler" [_thread_blocked, id=15788, stack(0x0000004b32300000,0x0000004b32400000)]
  0x000001784d3b2f70 JavaThread "Daemon worker" [_thread_blocked, id=8784, stack(0x0000004b32400000,0x0000004b32500000)]
  0x000001784c29a670 JavaThread "Asynchronous log dispatcher for DefaultDaemonConnection: socket connection from /127.0.0.1:60291 to /127.0.0.1:60292" [_thread_blocked, id=308, stack(0x0000004b32500000,0x0000004b32600000)]
  0x000001784c29b010 JavaThread "Stdin handler" [_thread_blocked, id=12372, stack(0x0000004b32600000,0x0000004b32700000)]
  0x000001784c29a1a0 JavaThread "Daemon client event forwarder" [_thread_blocked, id=12808, stack(0x0000004b32700000,0x0000004b32800000)]
  0x000001784c29b9b0 JavaThread "Cache worker for journal cache (C:\Users\yk5fe\.gradle\caches\journal-1)" [_thread_blocked, id=7892, stack(0x0000004b32c00000,0x0000004b32d00000)]
  0x000001784c29be80 JavaThread "File lock request listener" [_thread_in_native, id=11896, stack(0x0000004b32d00000,0x0000004b32e00000)]
  0x000001784c29c350 JavaThread "Cache worker for file hash cache (C:\Users\yk5fe\.gradle\caches\8.0\fileHashes)" [_thread_blocked, id=8312, stack(0x0000004b32e00000,0x0000004b32f00000)]
  0x000001784c29ccf0 JavaThread "File watcher server" daemon [_thread_blocked, id=12568, stack(0x0000004b32f00000,0x0000004b33000000)]
  0x000001784c29c820 JavaThread "File watcher consumer" daemon [_thread_blocked, id=15868, stack(0x0000004b33000000,0x0000004b33100000)]
  0x000001784c29d690 JavaThread "Cache worker for checksums cache (C:\Users\yk5fe\AndroidStudioProjects\Network_YGC\.gradle\8.0\checksums)" [_thread_blocked, id=13988, stack(0x0000004b33100000,0x0000004b33200000)]
  0x000001784c29db60 JavaThread "Cache worker for cache directory md-rule (C:\Users\yk5fe\.gradle\caches\8.0\md-rule)" [_thread_blocked, id=8560, stack(0x0000004b33200000,0x0000004b33300000)]
  0x000001784f706ee0 JavaThread "Cache worker for file content cache (C:\Users\yk5fe\.gradle\caches\8.0\fileContent)" [_thread_blocked, id=15808, stack(0x0000004b33300000,0x0000004b33400000)]
  0x000001784f70bbe0 JavaThread "Cache worker for file hash cache (C:\Users\yk5fe\AndroidStudioProjects\Network_YGC\.gradle\8.0\fileHashes)" [_thread_blocked, id=6212, stack(0x0000004b33400000,0x0000004b33500000)]
  0x000001784f709560 JavaThread "Cache worker for cache directory md-supplier (C:\Users\yk5fe\.gradle\caches\8.0\md-supplier)" [_thread_blocked, id=12252, stack(0x0000004b33500000,0x0000004b33600000)]
  0x000001784f70d3f0 JavaThread "Cache worker for execution history cache (C:\Users\yk5fe\.gradle\caches\8.0\executionHistory)" [_thread_blocked, id=15432, stack(0x0000004b33600000,0x0000004b33700000)]
  0x000001784f707880 JavaThread "jar transforms" [_thread_blocked, id=15144, stack(0x0000004b33700000,0x0000004b33800000)]
  0x000001784f706540 JavaThread "jar transforms Thread 2" [_thread_blocked, id=976, stack(0x0000004b33900000,0x0000004b33a00000)]
  0x000001784f709a30 JavaThread "Cache worker for kotlin-dsl (C:\Users\yk5fe\.gradle\caches\8.0\kotlin-dsl)" [_thread_blocked, id=7284, stack(0x0000004b33a00000,0x0000004b33b00000)]
  0x000001784f708bc0 JavaThread "jar transforms Thread 3" [_thread_blocked, id=9024, stack(0x0000004b33b00000,0x0000004b33c00000)]
  0x000001784f709f00 JavaThread "jar transforms Thread 4" [_thread_blocked, id=8204, stack(0x0000004b33c00000,0x0000004b33d00000)]
  0x000001784f70a3d0 JavaThread "Cache worker for dependencies-accessors (C:\Users\yk5fe\AndroidStudioProjects\Network_YGC\.gradle\8.0\dependencies-accessors)" [_thread_blocked, id=2072, stack(0x0000004b33d00000,0x0000004b33e00000)]
  0x000001784f70c0b0 JavaThread "Cache worker for Build Output Cleanup Cache (C:\Users\yk5fe\AndroidStudioProjects\Network_YGC\.gradle\buildOutputCleanup)" [_thread_blocked, id=11640, stack(0x0000004b33e00000,0x0000004b33f00000)]
  0x000001784f70b240 JavaThread "jar transforms Thread 5" [_thread_blocked, id=4940, stack(0x0000004b33f00000,0x0000004b34000000)]
  0x000001784f70ad70 JavaThread "Unconstrained build operations" [_thread_blocked, id=7272, stack(0x0000004b34000000,0x0000004b34100000)]
  0x000001784f706a10 JavaThread "Unconstrained build operations Thread 2" [_thread_blocked, id=15112, stack(0x0000004b34100000,0x0000004b34200000)]
  0x000001784f7073b0 JavaThread "Unconstrained build operations Thread 3" [_thread_blocked, id=14996, stack(0x0000004b34200000,0x0000004b34300000)]
  0x000001784f708220 JavaThread "Unconstrained build operations Thread 4" [_thread_blocked, id=12428, stack(0x0000004b34300000,0x0000004b34400000)]
  0x000001784f709090 JavaThread "Unconstrained build operations Thread 5" [_thread_blocked, id=13844, stack(0x0000004b34400000,0x0000004b34500000)]
  0x000001784f707d50 JavaThread "Unconstrained build operations Thread 6" [_thread_blocked, id=10996, stack(0x0000004b34500000,0x0000004b34600000)]
  0x000001784f7086f0 JavaThread "Unconstrained build operations Thread 7" [_thread_blocked, id=15656, stack(0x0000004b34600000,0x0000004b34700000)]
  0x0000017851808a80 JavaThread "Unconstrained build operations Thread 8" [_thread_blocked, id=12932, stack(0x0000004b34700000,0x0000004b34800000)]
  0x0000017851804bf0 JavaThread "Unconstrained build operations Thread 9" [_thread_blocked, id=13588, stack(0x0000004b34800000,0x0000004b34900000)]
  0x0000017851806400 JavaThread "Unconstrained build operations Thread 10" [_thread_blocked, id=5244, stack(0x0000004b34900000,0x0000004b34a00000)]
  0x0000017851808f50 JavaThread "Unconstrained build operations Thread 11" [_thread_blocked, id=3932, stack(0x0000004b34a00000,0x0000004b34b00000)]
  0x0000017851806da0 JavaThread "Unconstrained build operations Thread 12" [_thread_blocked, id=12724, stack(0x0000004b34b00000,0x0000004b34c00000)]
  0x0000017851802570 JavaThread "Unconstrained build operations Thread 13" [_thread_blocked, id=15056, stack(0x0000004b34c00000,0x0000004b34d00000)]
  0x00000178518085b0 JavaThread "Unconstrained build operations Thread 14" [_thread_blocked, id=5792, stack(0x0000004b34d00000,0x0000004b34e00000)]
  0x0000017851805590 JavaThread "Unconstrained build operations Thread 15" [_thread_blocked, id=4632, stack(0x0000004b34e00000,0x0000004b34f00000)]
  0x0000017851807740 JavaThread "Unconstrained build operations Thread 16" [_thread_blocked, id=4244, stack(0x0000004b34f00000,0x0000004b35000000)]
  0x00000178518038b0 JavaThread "Unconstrained build operations Thread 17" [_thread_blocked, id=11048, stack(0x0000004b35000000,0x0000004b35100000)]
  0x0000017851803d80 JavaThread "Unconstrained build operations Thread 18" [_thread_blocked, id=12296, stack(0x0000004b35100000,0x0000004b35200000)]
  0x0000017851805a60 JavaThread "Unconstrained build operations Thread 19" [_thread_blocked, id=12168, stack(0x0000004b35200000,0x0000004b35300000)]
  0x0000017851804720 JavaThread "Unconstrained build operations Thread 20" [_thread_blocked, id=9772, stack(0x0000004b35300000,0x0000004b35400000)]
  0x00000178518098f0 JavaThread "Unconstrained build operations Thread 21" [_thread_blocked, id=1120, stack(0x0000004b35400000,0x0000004b35500000)]
  0x0000017851809420 JavaThread "Unconstrained build operations Thread 22" [_thread_blocked, id=15280, stack(0x0000004b35500000,0x0000004b35600000)]
  0x0000017851805f30 JavaThread "Unconstrained build operations Thread 23" [_thread_blocked, id=13956, stack(0x0000004b35600000,0x0000004b35700000)]
  0x00000178518033e0 JavaThread "Unconstrained build operations Thread 24" [_thread_blocked, id=14024, stack(0x0000004b35700000,0x0000004b35800000)]
  0x0000017851804250 JavaThread "Unconstrained build operations Thread 25" [_thread_blocked, id=13380, stack(0x0000004b35800000,0x0000004b35900000)]
  0x00000178518050c0 JavaThread "Unconstrained build operations Thread 26" [_thread_blocked, id=8372, stack(0x0000004b35900000,0x0000004b35a00000)]
  0x00000178518068d0 JavaThread "Unconstrained build operations Thread 27" [_thread_blocked, id=16244, stack(0x0000004b35a00000,0x0000004b35b00000)]
  0x00000178518020a0 JavaThread "Unconstrained build operations Thread 28" [_thread_blocked, id=3564, stack(0x0000004b35b00000,0x0000004b35c00000)]
  0x0000017851807270 JavaThread "Unconstrained build operations Thread 29" [_thread_blocked, id=13480, stack(0x0000004b35c00000,0x0000004b35d00000)]
  0x0000017851807c10 JavaThread "Unconstrained build operations Thread 30" [_thread_blocked, id=14212, stack(0x0000004b35d00000,0x0000004b35e00000)]
  0x0000017851802a40 JavaThread "Unconstrained build operations Thread 31" [_thread_blocked, id=15084, stack(0x0000004b35e00000,0x0000004b35f00000)]
  0x0000017851802f10 JavaThread "Unconstrained build operations Thread 32" [_thread_blocked, id=3600, stack(0x0000004b35f00000,0x0000004b36000000)]
  0x00000178518080e0 JavaThread "Unconstrained build operations Thread 33" [_thread_blocked, id=11044, stack(0x0000004b36000000,0x0000004b36100000)]
  0x00000178524e6c60 JavaThread "Unconstrained build operations Thread 34" [_thread_blocked, id=9316, stack(0x0000004b36100000,0x0000004b36200000)]
  0x00000178524e4110 JavaThread "Unconstrained build operations Thread 35" [_thread_blocked, id=1232, stack(0x0000004b36200000,0x0000004b36300000)]
  0x00000178524e4ab0 JavaThread "Unconstrained build operations Thread 36" [_thread_blocked, id=15564, stack(0x0000004b36300000,0x0000004b36400000)]
  0x00000178524e7130 JavaThread "Unconstrained build operations Thread 37" [_thread_blocked, id=12756, stack(0x0000004b36400000,0x0000004b36500000)]
  0x00000178524e4f80 JavaThread "Unconstrained build operations Thread 38" [_thread_blocked, id=8548, stack(0x0000004b36500000,0x0000004b36600000)]
  0x00000178524eb960 JavaThread "Unconstrained build operations Thread 39" [_thread_blocked, id=13888, stack(0x0000004b36600000,0x0000004b36700000)]
  0x00000178524e45e0 JavaThread "Unconstrained build operations Thread 40" [_thread_blocked, id=3352, stack(0x0000004b36700000,0x0000004b36800000)]
  0x00000178524e62c0 JavaThread "Unconstrained build operations Thread 41" [_thread_blocked, id=15688, stack(0x0000004b36800000,0x0000004b36900000)]
  0x00000178524e92e0 JavaThread "Unconstrained build operations Thread 42" [_thread_blocked, id=15768, stack(0x0000004b36900000,0x0000004b36a00000)]
  0x00000178524e6790 JavaThread "Unconstrained build operations Thread 43" [_thread_blocked, id=8100, stack(0x0000004b36a00000,0x0000004b36b00000)]
  0x00000178524e7600 JavaThread "Unconstrained build operations Thread 44" [_thread_blocked, id=7616, stack(0x0000004b36b00000,0x0000004b36c00000)]
  0x00000178524ea150 JavaThread "Unconstrained build operations Thread 45" [_thread_blocked, id=6328, stack(0x0000004b36c00000,0x0000004b36d00000)]
  0x00000178524e7ad0 JavaThread "Unconstrained build operations Thread 46" [_thread_blocked, id=15236, stack(0x0000004b36d00000,0x0000004b36e00000)]
  0x00000178524eb490 JavaThread "Unconstrained build operations Thread 47" [_thread_blocked, id=13560, stack(0x0000004b36e00000,0x0000004b36f00000)]
  0x00000178524e9c80 JavaThread "Unconstrained build operations Thread 48" [_thread_blocked, id=4796, stack(0x0000004b36f00000,0x0000004b37000000)]
  0x00000178524e7fa0 JavaThread "Unconstrained build operations Thread 49" [_thread_blocked, id=9788, stack(0x0000004b37000000,0x0000004b37100000)]
  0x00000178524e8470 JavaThread "Unconstrained build operations Thread 50" [_thread_blocked, id=10764, stack(0x0000004b37100000,0x0000004b37200000)]
  0x00000178524e5920 JavaThread "Unconstrained build operations Thread 51" [_thread_blocked, id=4752, stack(0x0000004b37200000,0x0000004b37300000)]
  0x00000178524e5df0 JavaThread "Unconstrained build operations Thread 52" [_thread_blocked, id=5384, stack(0x0000004b37300000,0x0000004b37400000)]
  0x00000178524ea620 JavaThread "Unconstrained build operations Thread 53" [_thread_blocked, id=12120, stack(0x0000004b37400000,0x0000004b37500000)]
  0x00000178524e5450 JavaThread "Unconstrained build operations Thread 54" [_thread_blocked, id=5396, stack(0x0000004b37500000,0x0000004b37600000)]
  0x00000178524eaaf0 JavaThread "Unconstrained build operations Thread 55" [_thread_blocked, id=11696, stack(0x0000004b37600000,0x0000004b37700000)]
  0x00000178524e8940 JavaThread "Unconstrained build operations Thread 56" [_thread_blocked, id=9128, stack(0x0000004b37700000,0x0000004b37800000)]
  0x00000178524eafc0 JavaThread "Unconstrained build operations Thread 57" [_thread_blocked, id=8652, stack(0x0000004b37800000,0x0000004b37900000)]
  0x00000178524e8e10 JavaThread "Unconstrained build operations Thread 58" [_thread_blocked, id=11440, stack(0x0000004b37900000,0x0000004b37a00000)]
  0x00000178524e97b0 JavaThread "Unconstrained build operations Thread 59" [_thread_blocked, id=4868, stack(0x0000004b37a00000,0x0000004b37b00000)]
  0x000001785215e2b0 JavaThread "Unconstrained build operations Thread 60" [_thread_blocked, id=6948, stack(0x0000004b37b00000,0x0000004b37c00000)]
  0x00000178521647c0 JavaThread "Unconstrained build operations Thread 61" [_thread_blocked, id=15636, stack(0x0000004b37c00000,0x0000004b37d00000)]
  0x0000017852164c90 JavaThread "Unconstrained build operations Thread 62" [_thread_blocked, id=11184, stack(0x0000004b37d00000,0x0000004b37e00000)]
  0x000001785215d440 JavaThread "Unconstrained build operations Thread 63" [_thread_blocked, id=6488, stack(0x0000004b37e00000,0x0000004b37f00000)]
  0x000001785215e780 JavaThread "Unconstrained build operations Thread 64" [_thread_blocked, id=11364, stack(0x0000004b37f00000,0x0000004b38000000)]
  0x000001785215fac0 JavaThread "Unconstrained build operations Thread 65" [_thread_blocked, id=3036, stack(0x0000004b38000000,0x0000004b38100000)]
  0x000001785215d910 JavaThread "Unconstrained build operations Thread 66" [_thread_blocked, id=9504, stack(0x0000004b38100000,0x0000004b38200000)]
  0x0000017852162ae0 JavaThread "Unconstrained build operations Thread 67" [_thread_blocked, id=12612, stack(0x0000004b38200000,0x0000004b38300000)]
  0x0000017852160460 JavaThread "Unconstrained build operations Thread 68" [_thread_blocked, id=4372, stack(0x0000004b38300000,0x0000004b38400000)]
  0x00000178521612d0 JavaThread "Unconstrained build operations Thread 69" [_thread_blocked, id=9552, stack(0x0000004b38400000,0x0000004b38500000)]
  0x0000017852162140 JavaThread "Unconstrained build operations Thread 70" [_thread_blocked, id=8172, stack(0x0000004b38500000,0x0000004b38600000)]
  0x000001785215dde0 JavaThread "Unconstrained build operations Thread 71" [_thread_blocked, id=15216, stack(0x0000004b38600000,0x0000004b38700000)]
  0x000001785215f5f0 JavaThread "Unconstrained build operations Thread 72" [_thread_blocked, id=15264, stack(0x0000004b38700000,0x0000004b38800000)]
  0x0000017852160930 JavaThread "Unconstrained build operations Thread 73" [_thread_blocked, id=9572, stack(0x0000004b38800000,0x0000004b38900000)]
  0x000001785215ec50 JavaThread "Unconstrained build operations Thread 74" [_thread_blocked, id=10444, stack(0x0000004b38900000,0x0000004b38a00000)]
  0x0000017852160e00 JavaThread "Unconstrained build operations Thread 75" [_thread_blocked, id=16072, stack(0x0000004b38a00000,0x0000004b38b00000)]
  0x000001785215f120 JavaThread "Unconstrained build operations Thread 76" [_thread_blocked, id=5880, stack(0x0000004b38b00000,0x0000004b38c00000)]
  0x0000017852162fb0 JavaThread "Unconstrained build operations Thread 77" [_thread_blocked, id=3148, stack(0x0000004b38c00000,0x0000004b38d00000)]
  0x00000178521617a0 JavaThread "Unconstrained build operations Thread 78" [_thread_blocked, id=8128, stack(0x0000004b38d00000,0x0000004b38e00000)]
  0x000001785215ff90 JavaThread "Unconstrained build operations Thread 79" [_thread_blocked, id=11008, stack(0x0000004b38e00000,0x0000004b38f00000)]
  0x0000017852161c70 JavaThread "Unconstrained build operations Thread 80" [_thread_blocked, id=14528, stack(0x0000004b38f00000,0x0000004b39000000)]
  0x0000017852162610 JavaThread "jar transforms Thread 6" [_thread_blocked, id=3092, stack(0x0000004b39000000,0x0000004b39100000)]
  0x0000017852163480 JavaThread "jar transforms Thread 7" [_thread_blocked, id=14296, stack(0x0000004b39100000,0x0000004b39200000)]
  0x0000017852163950 JavaThread "jar transforms Thread 8" [_thread_blocked, id=15480, stack(0x0000004b39200000,0x0000004b39300000)]
  0x0000017852163e20 JavaThread "build event listener" [_thread_blocked, id=7600, stack(0x0000004b39300000,0x0000004b39400000)]
  0x000001784f70c580 JavaThread "Memory manager" [_thread_blocked, id=816, stack(0x0000004b39400000,0x0000004b39500000)]
  0x00000178550537e0 JavaThread "build event listener" [_thread_blocked, id=12700, stack(0x0000004b39500000,0x0000004b39600000)]
  0x0000017855051b00 JavaThread "build event listener" [_thread_blocked, id=2972, stack(0x0000004b39600000,0x0000004b39700000)]
  0x0000017855054ff0 JavaThread "included builds" [_thread_blocked, id=4792, stack(0x0000004b39700000,0x0000004b39800000)]
  0x0000017855055990 JavaThread "Execution worker" [_thread_blocked, id=2000, stack(0x0000004b39800000,0x0000004b39900000)]
  0x0000017855051160 JavaThread "Execution worker Thread 2" [_thread_blocked, id=4548, stack(0x0000004b39900000,0x0000004b39a00000)]
  0x0000017855055e60 JavaThread "Execution worker Thread 3" [_thread_blocked, id=4564, stack(0x0000004b39a00000,0x0000004b39b00000)]
  0x0000017855056330 JavaThread "Execution worker Thread 4" [_thread_blocked, id=6424, stack(0x0000004b39b00000,0x0000004b39c00000)]
  0x0000017855056cd0 JavaThread "Execution worker Thread 5" [_thread_blocked, id=2772, stack(0x0000004b39c00000,0x0000004b39d00000)]
  0x0000017855052970 JavaThread "Execution worker Thread 6" [_thread_blocked, id=6420, stack(0x0000004b39d00000,0x0000004b39e00000)]
  0x0000017855056800 JavaThread "Execution worker Thread 7" [_thread_blocked, id=13220, stack(0x0000004b39e00000,0x0000004b39f00000)]
  0x0000017855057670 JavaThread "Cache worker for execution history cache (C:\Users\yk5fe\AndroidStudioProjects\Network_YGC\.gradle\8.0\executionHistory)" [_thread_blocked, id=6952, stack(0x0000004b39f00000,0x0000004b3a000000)]

Other Threads:
=>0x000001784ad43d10 VMThread "VM Thread" [stack: 0x0000004b30b00000,0x0000004b30c00000] [id=5948]
  0x000001784b8402f0 WatcherThread [stack: 0x0000004b31700000,0x0000004b31800000] [id=14748]
  0x000001782ef7cef0 GCTaskThread "GC Thread#0" [stack: 0x0000004b30600000,0x0000004b30700000] [id=12336]
  0x000001784c54ff30 GCTaskThread "GC Thread#1" [stack: 0x0000004b31a00000,0x0000004b31b00000] [id=1500]
  0x000001784c5c07f0 GCTaskThread "GC Thread#2" [stack: 0x0000004b31b00000,0x0000004b31c00000] [id=9512]
  0x000001784c7cda70 GCTaskThread "GC Thread#3" [stack: 0x0000004b31c00000,0x0000004b31d00000] [id=3272]
  0x000001784bceb660 GCTaskThread "GC Thread#4" [stack: 0x0000004b31d00000,0x0000004b31e00000] [id=7384]
  0x000001784dd332a0 GCTaskThread "GC Thread#5" [stack: 0x0000004b32800000,0x0000004b32900000] [id=8524]
  0x000001784d3b3440 GCTaskThread "GC Thread#6" [stack: 0x0000004b32900000,0x0000004b32a00000] [id=4168]
  0x000001784de1e010 GCTaskThread "GC Thread#7" [stack: 0x0000004b32a00000,0x0000004b32b00000] [id=8424]
  0x000001782ef8dd40 ConcurrentGCThread "G1 Main Marker" [stack: 0x0000004b30700000,0x0000004b30800000] [id=10564]
  0x000001782ef8e660 ConcurrentGCThread "G1 Conc#0" [stack: 0x0000004b30800000,0x0000004b30900000] [id=5080]
  0x000001784d0a6860 ConcurrentGCThread "G1 Conc#1" [stack: 0x0000004b32b00000,0x0000004b32c00000] [id=11464]
  0x000001782efddd80 ConcurrentGCThread "G1 Refine#0" [stack: 0x0000004b30900000,0x0000004b30a00000] [id=7460]
  0x000001784e8527a0 ConcurrentGCThread "G1 Refine#1" [stack: 0x0000004b33800000,0x0000004b33900000] [id=6068]
  0x000001782efde6b0 ConcurrentGCThread "G1 Service" [stack: 0x0000004b30a00000,0x0000004b30b00000] [id=8916]

Threads with active compile tasks:
C2 CompilerThread0    11424 11872   !   4       java.util.concurrent.ConcurrentHashMap::computeIfAbsent (576 bytes)
C2 CompilerThread1    11424 11884       4       org.gradle.internal.snapshot.impl.AbstractValueProcessor::processValue (775 bytes)
C2 CompilerThread2    11424 11838       4       org.gradle.internal.file.FileHierarchySet$Node::contains (101 bytes)

VM state: at safepoint (normal execution)

VM Mutex/Monitor currently owned by a thread:  ([mutex/lock_event])
[0x000001782ef1ddf0] Threads_lock - owner thread: 0x000001784ad43d10
[0x000001782ef1e030] Heap_lock - owner thread: 0x000001784c29b9b0

Heap address: 0x0000000080000000, size: 2048 MB, Compressed Oops mode: 32-bit

CDS archive(s) not mapped
Compressed class space mapped at: 0x0000000100000000-0x0000000140000000, reserved size: 1073741824
Narrow klass base: 0x0000000000000000, Narrow klass shift: 3, Narrow klass range: 0x140000000

GC Precious Log:
 CPUs: 8 total, 8 available
 Memory: 12037M
 Large Page Support: Disabled
 NUMA Support: Disabled
 Compressed Oops: Enabled (32-bit)
 Heap Region Size: 1M
 Heap Min Capacity: 8M
 Heap Initial Capacity: 190M
 Heap Max Capacity: 2G
 Pre-touch: Disabled
 Parallel Workers: 8
 Concurrent Workers: 2
 Concurrent Refinement Workers: 8
 Periodic GC: Disabled

Heap:
 garbage-first heap   total 194560K, used 99322K [0x0000000080000000, 0x0000000100000000)
  region size 1024K, 3 young (3072K), 3 survivors (3072K)
 Metaspace       used 96781K, committed 97472K, reserved 1138688K
  class space    used 13278K, committed 13568K, reserved 1048576K

Heap Regions: E=young(eden), S=young(survivor), O=old, HS=humongous(starts), HC=humongous(continues), CS=collection set, F=free, OA=open archive, CA=closed archive, TAMS=top-at-mark-start (previous, next)
|   0|0x0000000080000000, 0x0000000080100000, 0x0000000080100000|100%|HS|  |TAMS 0x0000000080100000, 0x0000000080100000| Complete 
|   1|0x0000000080100000, 0x0000000080200000, 0x0000000080200000|100%|HC|  |TAMS 0x0000000080200000, 0x0000000080200000| Complete 
|   2|0x0000000080200000, 0x0000000080300000, 0x0000000080300000|100%|HC|  |TAMS 0x0000000080300000, 0x0000000080300000| Complete 
|   3|0x0000000080300000, 0x0000000080400000, 0x0000000080400000|100%|HC|  |TAMS 0x0000000080400000, 0x0000000080400000| Complete 
|   4|0x0000000080400000, 0x0000000080500000, 0x0000000080500000|100%| O|  |TAMS 0x0000000080500000, 0x0000000080500000| Untracked 
|   5|0x0000000080500000, 0x0000000080600000, 0x0000000080600000|100%| O|  |TAMS 0x0000000080600000, 0x0000000080600000| Untracked 
|   6|0x0000000080600000, 0x0000000080700000, 0x0000000080700000|100%| O|  |TAMS 0x0000000080700000, 0x0000000080700000| Untracked 
|   7|0x0000000080700000, 0x0000000080800000, 0x0000000080800000|100%| O|  |TAMS 0x0000000080800000, 0x0000000080800000| Untracked 
|   8|0x0000000080800000, 0x0000000080900000, 0x0000000080900000|100%| O|  |TAMS 0x0000000080900000, 0x0000000080900000| Untracked 
|   9|0x0000000080900000, 0x0000000080a00000, 0x0000000080a00000|100%| O|  |TAMS 0x0000000080a00000, 0x0000000080a00000| Untracked 
|  10|0x0000000080a00000, 0x0000000080b00000, 0x0000000080b00000|100%| O|  |TAMS 0x0000000080b00000, 0x0000000080b00000| Untracked 
|  11|0x0000000080b00000, 0x0000000080c00000, 0x0000000080c00000|100%| O|  |TAMS 0x0000000080c00000, 0x0000000080c00000| Untracked 
|  12|0x0000000080c00000, 0x0000000080d00000, 0x0000000080d00000|100%| O|  |TAMS 0x0000000080d00000, 0x0000000080d00000| Untracked 
|  13|0x0000000080d00000, 0x0000000080e00000, 0x0000000080e00000|100%| O|  |TAMS 0x0000000080e00000, 0x0000000080e00000| Untracked 
|  14|0x0000000080e00000, 0x0000000080f00000, 0x0000000080f00000|100%| O|  |TAMS 0x0000000080f00000, 0x0000000080f00000| Untracked 
|  15|0x0000000080f00000, 0x0000000081000000, 0x0000000081000000|100%| O|  |TAMS 0x0000000081000000, 0x0000000081000000| Untracked 
|  16|0x0000000081000000, 0x0000000081100000, 0x0000000081100000|100%| O|  |TAMS 0x0000000081100000, 0x0000000081100000| Untracked 
|  17|0x0000000081100000, 0x0000000081200000, 0x0000000081200000|100%| O|  |TAMS 0x0000000081200000, 0x0000000081200000| Untracked 
|  18|0x0000000081200000, 0x0000000081300000, 0x0000000081300000|100%| O|  |TAMS 0x0000000081300000, 0x0000000081300000| Untracked 
|  19|0x0000000081300000, 0x0000000081400000, 0x0000000081400000|100%| O|  |TAMS 0x0000000081400000, 0x0000000081400000| Untracked 
|  20|0x0000000081400000, 0x0000000081500000, 0x0000000081500000|100%| O|  |TAMS 0x0000000081500000, 0x0000000081500000| Untracked 
|  21|0x0000000081500000, 0x0000000081600000, 0x0000000081600000|100%| O|  |TAMS 0x0000000081600000, 0x0000000081600000| Untracked 
|  22|0x0000000081600000, 0x0000000081700000, 0x0000000081700000|100%| O|  |TAMS 0x0000000081700000, 0x0000000081700000| Untracked 
|  23|0x0000000081700000, 0x0000000081800000, 0x0000000081800000|100%| O|  |TAMS 0x0000000081800000, 0x0000000081800000| Untracked 
|  24|0x0000000081800000, 0x0000000081900000, 0x0000000081900000|100%| O|  |TAMS 0x0000000081900000, 0x0000000081900000| Untracked 
|  25|0x0000000081900000, 0x0000000081a00000, 0x0000000081a00000|100%| O|  |TAMS 0x0000000081a00000, 0x0000000081a00000| Untracked 
|  26|0x0000000081a00000, 0x0000000081b00000, 0x0000000081b00000|100%| O|  |TAMS 0x0000000081b00000, 0x0000000081b00000| Untracked 
|  27|0x0000000081b00000, 0x0000000081b00000, 0x0000000081c00000|  0%| F|  |TAMS 0x0000000081b00000, 0x0000000081b00000| Untracked 
|  28|0x0000000081c00000, 0x0000000081d00000, 0x0000000081d00000|100%| O|  |TAMS 0x0000000081d00000, 0x0000000081d00000| Untracked 
|  29|0x0000000081d00000, 0x0000000081e00000, 0x0000000081e00000|100%| O|  |TAMS 0x0000000081e00000, 0x0000000081e00000| Untracked 
|  30|0x0000000081e00000, 0x0000000081f00000, 0x0000000081f00000|100%| O|  |TAMS 0x0000000081f00000, 0x0000000081f00000| Untracked 
|  31|0x0000000081f00000, 0x0000000082000000, 0x0000000082000000|100%| O|  |TAMS 0x0000000082000000, 0x0000000082000000| Untracked 
|  32|0x0000000082000000, 0x0000000082100000, 0x0000000082100000|100%|HS|  |TAMS 0x0000000082100000, 0x0000000082100000| Complete 
|  33|0x0000000082100000, 0x0000000082200000, 0x0000000082200000|100%|HS|  |TAMS 0x0000000082200000, 0x0000000082200000| Complete 
|  34|0x0000000082200000, 0x0000000082300000, 0x0000000082300000|100%| O|  |TAMS 0x0000000082300000, 0x0000000082300000| Untracked 
|  35|0x0000000082300000, 0x0000000082400000, 0x0000000082400000|100%| O|  |TAMS 0x0000000082400000, 0x0000000082400000| Untracked 
|  36|0x0000000082400000, 0x0000000082500000, 0x0000000082500000|100%| O|  |TAMS 0x0000000082500000, 0x0000000082500000| Untracked 
|  37|0x0000000082500000, 0x0000000082600000, 0x0000000082600000|100%|HS|  |TAMS 0x0000000082600000, 0x0000000082600000| Complete 
|  38|0x0000000082600000, 0x0000000082700000, 0x0000000082700000|100%|HC|  |TAMS 0x0000000082700000, 0x0000000082700000| Complete 
|  39|0x0000000082700000, 0x0000000082800000, 0x0000000082800000|100%|HS|  |TAMS 0x0000000082800000, 0x0000000082800000| Complete 
|  40|0x0000000082800000, 0x0000000082900000, 0x0000000082900000|100%| O|  |TAMS 0x0000000082900000, 0x0000000082900000| Untracked 
|  41|0x0000000082900000, 0x0000000082a00000, 0x0000000082a00000|100%| O|  |TAMS 0x0000000082a00000, 0x0000000082a00000| Untracked 
|  42|0x0000000082a00000, 0x0000000082b00000, 0x0000000082b00000|100%| O|  |TAMS 0x0000000082b00000, 0x0000000082b00000| Untracked 
|  43|0x0000000082b00000, 0x0000000082c00000, 0x0000000082c00000|100%|HS|  |TAMS 0x0000000082c00000, 0x0000000082c00000| Complete 
|  44|0x0000000082c00000, 0x0000000082d00000, 0x0000000082d00000|100%|HC|  |TAMS 0x0000000082d00000, 0x0000000082d00000| Complete 
|  45|0x0000000082d00000, 0x0000000082e00000, 0x0000000082e00000|100%|HC|  |TAMS 0x0000000082e00000, 0x0000000082e00000| Complete 
|  46|0x0000000082e00000, 0x0000000082f00000, 0x0000000082f00000|100%|HC|  |TAMS 0x0000000082f00000, 0x0000000082f00000| Complete 
|  47|0x0000000082f00000, 0x0000000083000000, 0x0000000083000000|100%| O|  |TAMS 0x0000000083000000, 0x0000000083000000| Untracked 
|  48|0x0000000083000000, 0x0000000083100000, 0x0000000083100000|100%| O|  |TAMS 0x0000000083100000, 0x0000000083100000| Untracked 
|  49|0x0000000083100000, 0x0000000083200000, 0x0000000083200000|100%| O|  |TAMS 0x0000000083200000, 0x0000000083200000| Untracked 
|  50|0x0000000083200000, 0x0000000083300000, 0x0000000083300000|100%| O|  |TAMS 0x0000000083300000, 0x0000000083300000| Untracked 
|  51|0x0000000083300000, 0x0000000083400000, 0x0000000083400000|100%| O|  |TAMS 0x0000000083400000, 0x0000000083400000| Untracked 
|  52|0x0000000083400000, 0x0000000083500000, 0x0000000083500000|100%| O|  |TAMS 0x0000000083500000, 0x0000000083500000| Untracked 
|  53|0x0000000083500000, 0x0000000083600000, 0x0000000083600000|100%| O|  |TAMS 0x0000000083600000, 0x0000000083600000| Untracked 
|  54|0x0000000083600000, 0x0000000083700000, 0x0000000083700000|100%| O|  |TAMS 0x0000000083700000, 0x0000000083700000| Untracked 
|  55|0x0000000083700000, 0x0000000083800000, 0x0000000083800000|100%| O|  |TAMS 0x0000000083800000, 0x0000000083800000| Untracked 
|  56|0x0000000083800000, 0x0000000083900000, 0x0000000083900000|100%| O|  |TAMS 0x0000000083900000, 0x0000000083900000| Untracked 
|  57|0x0000000083900000, 0x0000000083a00000, 0x0000000083a00000|100%| O|  |TAMS 0x0000000083a00000, 0x0000000083a00000| Untracked 
|  58|0x0000000083a00000, 0x0000000083b00000, 0x0000000083b00000|100%| O|  |TAMS 0x0000000083b00000, 0x0000000083b00000| Untracked 
|  59|0x0000000083b00000, 0x0000000083c00000, 0x0000000083c00000|100%| O|  |TAMS 0x0000000083c00000, 0x0000000083c00000| Untracked 
|  60|0x0000000083c00000, 0x0000000083d00000, 0x0000000083d00000|100%| O|  |TAMS 0x0000000083d00000, 0x0000000083d00000| Untracked 
|  61|0x0000000083d00000, 0x0000000083e00000, 0x0000000083e00000|100%| O|  |TAMS 0x0000000083e00000, 0x0000000083e00000| Untracked 
|  62|0x0000000083e00000, 0x0000000083f00000, 0x0000000083f00000|100%| O|  |TAMS 0x0000000083f00000, 0x0000000083f00000| Untracked 
|  63|0x0000000083f00000, 0x0000000084000000, 0x0000000084000000|100%| O|  |TAMS 0x0000000084000000, 0x0000000084000000| Untracked 
|  64|0x0000000084000000, 0x0000000084100000, 0x0000000084100000|100%| O|  |TAMS 0x0000000084100000, 0x0000000084100000| Untracked 
|  65|0x0000000084100000, 0x0000000084200000, 0x0000000084200000|100%| O|  |TAMS 0x0000000084200000, 0x0000000084200000| Untracked 
|  66|0x0000000084200000, 0x0000000084300000, 0x0000000084300000|100%| O|  |TAMS 0x0000000084300000, 0x0000000084300000| Untracked 
|  67|0x0000000084300000, 0x0000000084400000, 0x0000000084400000|100%| O|  |TAMS 0x0000000084400000, 0x0000000084400000| Untracked 
|  68|0x0000000084400000, 0x0000000084500000, 0x0000000084500000|100%| O|  |TAMS 0x0000000084500000, 0x0000000084500000| Untracked 
|  69|0x0000000084500000, 0x0000000084600000, 0x0000000084600000|100%| O|  |TAMS 0x0000000084600000, 0x0000000084600000| Untracked 
|  70|0x0000000084600000, 0x0000000084700000, 0x0000000084700000|100%| O|  |TAMS 0x0000000084700000, 0x0000000084700000| Untracked 
|  71|0x0000000084700000, 0x0000000084800000, 0x0000000084800000|100%| O|  |TAMS 0x0000000084800000, 0x0000000084800000| Untracked 
|  72|0x0000000084800000, 0x0000000084900000, 0x0000000084900000|100%| O|  |TAMS 0x0000000084900000, 0x0000000084900000| Untracked 
|  73|0x0000000084900000, 0x0000000084a00000, 0x0000000084a00000|100%| O|  |TAMS 0x0000000084a00000, 0x0000000084a00000| Untracked 
|  74|0x0000000084a00000, 0x0000000084b00000, 0x0000000084b00000|100%| O|  |TAMS 0x0000000084b00000, 0x0000000084b00000| Untracked 
|  75|0x0000000084b00000, 0x0000000084c00000, 0x0000000084c00000|100%| O|  |TAMS 0x0000000084c00000, 0x0000000084c00000| Untracked 
|  76|0x0000000084c00000, 0x0000000084d00000, 0x0000000084d00000|100%| O|  |TAMS 0x0000000084d00000, 0x0000000084d00000| Untracked 
|  77|0x0000000084d00000, 0x0000000084e00000, 0x0000000084e00000|100%| O|  |TAMS 0x0000000084e00000, 0x0000000084e00000| Untracked 
|  78|0x0000000084e00000, 0x0000000084f00000, 0x0000000084f00000|100%| O|  |TAMS 0x0000000084f00000, 0x0000000084f00000| Untracked 
|  79|0x0000000084f00000, 0x0000000085000000, 0x0000000085000000|100%| O|  |TAMS 0x0000000085000000, 0x0000000085000000| Untracked 
|  80|0x0000000085000000, 0x0000000085100000, 0x0000000085100000|100%| O|  |TAMS 0x00000000850f5400, 0x0000000085100000| Untracked 
|  81|0x0000000085100000, 0x0000000085200000, 0x0000000085200000|100%| O|  |TAMS 0x0000000085100000, 0x0000000085200000| Untracked 
|  82|0x0000000085200000, 0x0000000085300000, 0x0000000085300000|100%| O|  |TAMS 0x0000000085200000, 0x0000000085300000| Untracked 
|  83|0x0000000085300000, 0x0000000085400000, 0x0000000085400000|100%| O|  |TAMS 0x0000000085300000, 0x0000000085400000| Untracked 
|  84|0x0000000085400000, 0x0000000085500000, 0x0000000085500000|100%| O|  |TAMS 0x0000000085400000, 0x0000000085500000| Untracked 
|  85|0x0000000085500000, 0x0000000085600000, 0x0000000085600000|100%| O|  |TAMS 0x0000000085500000, 0x0000000085600000| Untracked 
|  86|0x0000000085600000, 0x0000000085700000, 0x0000000085700000|100%| O|  |TAMS 0x0000000085600000, 0x0000000085700000| Untracked 
|  87|0x0000000085700000, 0x0000000085800000, 0x0000000085800000|100%| O|  |TAMS 0x0000000085700000, 0x0000000085800000| Untracked 
|  88|0x0000000085800000, 0x0000000085900000, 0x0000000085900000|100%| O|  |TAMS 0x0000000085800000, 0x0000000085900000| Untracked 
|  89|0x0000000085900000, 0x0000000085a00000, 0x0000000085a00000|100%| O|  |TAMS 0x0000000085900000, 0x0000000085a00000| Untracked 
|  90|0x0000000085a00000, 0x0000000085b00000, 0x0000000085b00000|100%| O|  |TAMS 0x0000000085a00000, 0x0000000085b00000| Untracked 
|  91|0x0000000085b00000, 0x0000000085c00000, 0x0000000085c00000|100%| O|  |TAMS 0x0000000085b00000, 0x0000000085c00000| Untracked 
|  92|0x0000000085c00000, 0x0000000085d00000, 0x0000000085d00000|100%| O|  |TAMS 0x0000000085c00000, 0x0000000085d00000| Untracked 
|  93|0x0000000085d00000, 0x0000000085e00000, 0x0000000085e00000|100%| O|  |TAMS 0x0000000085d00000, 0x0000000085e00000| Untracked 
|  94|0x0000000085e00000, 0x0000000085f00000, 0x0000000085f00000|100%| O|  |TAMS 0x0000000085e00000, 0x0000000085f00000| Untracked 
|  95|0x0000000085f00000, 0x0000000085f34a00, 0x0000000086000000| 20%| O|  |TAMS 0x0000000085f00000, 0x0000000085f34a00| Untracked 
|  96|0x0000000086000000, 0x0000000086000000, 0x0000000086100000|  0%| F|  |TAMS 0x0000000086000000, 0x0000000086000000| Untracked 
|  97|0x0000000086100000, 0x0000000086100000, 0x0000000086200000|  0%| F|  |TAMS 0x0000000086100000, 0x0000000086100000| Untracked 
|  98|0x0000000086200000, 0x0000000086200000, 0x0000000086300000|  0%| F|  |TAMS 0x0000000086200000, 0x0000000086200000| Untracked 
|  99|0x0000000086300000, 0x0000000086300000, 0x0000000086400000|  0%| F|  |TAMS 0x0000000086300000, 0x0000000086300000| Untracked 
| 100|0x0000000086400000, 0x0000000086400000, 0x0000000086500000|  0%| F|  |TAMS 0x0000000086400000, 0x0000000086400000| Untracked 
| 101|0x0000000086500000, 0x0000000086500000, 0x0000000086600000|  0%| F|  |TAMS 0x0000000086500000, 0x0000000086500000| Untracked 
| 102|0x0000000086600000, 0x0000000086600000, 0x0000000086700000|  0%| F|  |TAMS 0x0000000086600000, 0x0000000086600000| Untracked 
| 103|0x0000000086700000, 0x0000000086700000, 0x0000000086800000|  0%| F|  |TAMS 0x0000000086700000, 0x0000000086700000| Untracked 
| 104|0x0000000086800000, 0x0000000086800000, 0x0000000086900000|  0%| F|  |TAMS 0x0000000086800000, 0x0000000086800000| Untracked 
| 105|0x0000000086900000, 0x0000000086900000, 0x0000000086a00000|  0%| F|  |TAMS 0x0000000086900000, 0x0000000086900000| Untracked 
| 106|0x0000000086a00000, 0x0000000086a00000, 0x0000000086b00000|  0%| F|  |TAMS 0x0000000086a00000, 0x0000000086a00000| Untracked 
| 107|0x0000000086b00000, 0x0000000086b00000, 0x0000000086c00000|  0%| F|  |TAMS 0x0000000086b00000, 0x0000000086b00000| Untracked 
| 108|0x0000000086c00000, 0x0000000086c00000, 0x0000000086d00000|  0%| F|  |TAMS 0x0000000086c00000, 0x0000000086c00000| Untracked 
| 109|0x0000000086d00000, 0x0000000086d00000, 0x0000000086e00000|  0%| F|  |TAMS 0x0000000086d00000, 0x0000000086d00000| Untracked 
| 110|0x0000000086e00000, 0x0000000086e00000, 0x0000000086f00000|  0%| F|  |TAMS 0x0000000086e00000, 0x0000000086e00000| Untracked 
| 111|0x0000000086f00000, 0x0000000086f00000, 0x0000000087000000|  0%| F|  |TAMS 0x0000000086f00000, 0x0000000086f00000| Untracked 
| 112|0x0000000087000000, 0x0000000087000000, 0x0000000087100000|  0%| F|  |TAMS 0x0000000087000000, 0x0000000087000000| Untracked 
| 113|0x0000000087100000, 0x0000000087100000, 0x0000000087200000|  0%| F|  |TAMS 0x0000000087100000, 0x0000000087100000| Untracked 
| 114|0x0000000087200000, 0x0000000087200000, 0x0000000087300000|  0%| F|  |TAMS 0x0000000087200000, 0x0000000087200000| Untracked 
| 115|0x0000000087300000, 0x0000000087300000, 0x0000000087400000|  0%| F|  |TAMS 0x0000000087300000, 0x0000000087300000| Untracked 
| 116|0x0000000087400000, 0x0000000087400000, 0x0000000087500000|  0%| F|  |TAMS 0x0000000087400000, 0x0000000087400000| Untracked 
| 117|0x0000000087500000, 0x0000000087500000, 0x0000000087600000|  0%| F|  |TAMS 0x0000000087500000, 0x0000000087500000| Untracked 
| 118|0x0000000087600000, 0x0000000087600000, 0x0000000087700000|  0%| F|  |TAMS 0x0000000087600000, 0x0000000087600000| Untracked 
| 119|0x0000000087700000, 0x0000000087700000, 0x0000000087800000|  0%| F|  |TAMS 0x0000000087700000, 0x0000000087700000| Untracked 
| 120|0x0000000087800000, 0x0000000087800000, 0x0000000087900000|  0%| F|  |TAMS 0x0000000087800000, 0x0000000087800000| Untracked 
| 121|0x0000000087900000, 0x00000000879c9e90, 0x0000000087a00000| 78%| S|CS|TAMS 0x0000000087900000, 0x0000000087900000| Complete 
| 122|0x0000000087a00000, 0x0000000087b00000, 0x0000000087b00000|100%| S|CS|TAMS 0x0000000087a00000, 0x0000000087a00000| Complete 
| 123|0x0000000087b00000, 0x0000000087c00000, 0x0000000087c00000|100%| S|CS|TAMS 0x0000000087b00000, 0x0000000087b00000| Complete 
| 124|0x0000000087c00000, 0x0000000087c00000, 0x0000000087d00000|  0%| F|  |TAMS 0x0000000087c00000, 0x0000000087c00000| Untracked 
| 125|0x0000000087d00000, 0x0000000087d00000, 0x0000000087e00000|  0%| F|  |TAMS 0x0000000087d00000, 0x0000000087d00000| Untracked 
| 126|0x0000000087e00000, 0x0000000087e00000, 0x0000000087f00000|  0%| F|  |TAMS 0x0000000087e00000, 0x0000000087e00000| Untracked 
| 127|0x0000000087f00000, 0x0000000087f00000, 0x0000000088000000|  0%| F|  |TAMS 0x0000000087f00000, 0x0000000087f00000| Untracked 
| 128|0x0000000088000000, 0x0000000088000000, 0x0000000088100000|  0%| F|  |TAMS 0x0000000088000000, 0x0000000088000000| Untracked 
| 129|0x0000000088100000, 0x0000000088100000, 0x0000000088200000|  0%| F|  |TAMS 0x0000000088100000, 0x0000000088100000| Untracked 
| 130|0x0000000088200000, 0x0000000088200000, 0x0000000088300000|  0%| F|  |TAMS 0x0000000088200000, 0x0000000088200000| Untracked 
| 131|0x0000000088300000, 0x0000000088300000, 0x0000000088400000|  0%| F|  |TAMS 0x0000000088300000, 0x0000000088300000| Untracked 
| 132|0x0000000088400000, 0x0000000088400000, 0x0000000088500000|  0%| F|  |TAMS 0x0000000088400000, 0x0000000088400000| Untracked 
| 133|0x0000000088500000, 0x0000000088500000, 0x0000000088600000|  0%| F|  |TAMS 0x0000000088500000, 0x0000000088500000| Untracked 
| 134|0x0000000088600000, 0x0000000088600000, 0x0000000088700000|  0%| F|  |TAMS 0x0000000088600000, 0x0000000088600000| Untracked 
| 135|0x0000000088700000, 0x0000000088700000, 0x0000000088800000|  0%| F|  |TAMS 0x0000000088700000, 0x0000000088700000| Untracked 
| 136|0x0000000088800000, 0x0000000088800000, 0x0000000088900000|  0%| F|  |TAMS 0x0000000088800000, 0x0000000088800000| Untracked 
| 137|0x0000000088900000, 0x0000000088900000, 0x0000000088a00000|  0%| F|  |TAMS 0x0000000088900000, 0x0000000088900000| Untracked 
| 138|0x0000000088a00000, 0x0000000088a00000, 0x0000000088b00000|  0%| F|  |TAMS 0x0000000088a00000, 0x0000000088a00000| Untracked 
| 139|0x0000000088b00000, 0x0000000088b00000, 0x0000000088c00000|  0%| F|  |TAMS 0x0000000088b00000, 0x0000000088b00000| Untracked 
| 140|0x0000000088c00000, 0x0000000088c00000, 0x0000000088d00000|  0%| F|  |TAMS 0x0000000088c00000, 0x0000000088c00000| Untracked 
| 141|0x0000000088d00000, 0x0000000088d00000, 0x0000000088e00000|  0%| F|  |TAMS 0x0000000088d00000, 0x0000000088d00000| Untracked 
| 142|0x0000000088e00000, 0x0000000088e00000, 0x0000000088f00000|  0%| F|  |TAMS 0x0000000088e00000, 0x0000000088e00000| Untracked 
| 143|0x0000000088f00000, 0x0000000088f00000, 0x0000000089000000|  0%| F|  |TAMS 0x0000000088f00000, 0x0000000088f00000| Untracked 
| 144|0x0000000089000000, 0x0000000089000000, 0x0000000089100000|  0%| F|  |TAMS 0x0000000089000000, 0x0000000089000000| Untracked 
| 145|0x0000000089100000, 0x0000000089100000, 0x0000000089200000|  0%| F|  |TAMS 0x0000000089100000, 0x0000000089100000| Untracked 
| 146|0x0000000089200000, 0x0000000089200000, 0x0000000089300000|  0%| F|  |TAMS 0x0000000089200000, 0x0000000089200000| Untracked 
| 147|0x0000000089300000, 0x0000000089300000, 0x0000000089400000|  0%| F|  |TAMS 0x0000000089300000, 0x0000000089300000| Untracked 
| 148|0x0000000089400000, 0x0000000089400000, 0x0000000089500000|  0%| F|  |TAMS 0x0000000089400000, 0x0000000089400000| Untracked 
| 149|0x0000000089500000, 0x0000000089500000, 0x0000000089600000|  0%| F|  |TAMS 0x0000000089500000, 0x0000000089500000| Untracked 
| 150|0x0000000089600000, 0x0000000089600000, 0x0000000089700000|  0%| F|  |TAMS 0x0000000089600000, 0x0000000089600000| Untracked 
| 151|0x0000000089700000, 0x0000000089700000, 0x0000000089800000|  0%| F|  |TAMS 0x0000000089700000, 0x0000000089700000| Untracked 
| 152|0x0000000089800000, 0x0000000089800000, 0x0000000089900000|  0%| F|  |TAMS 0x0000000089800000, 0x0000000089800000| Untracked 
| 153|0x0000000089900000, 0x0000000089900000, 0x0000000089a00000|  0%| F|  |TAMS 0x0000000089900000, 0x0000000089900000| Untracked 
| 154|0x0000000089a00000, 0x0000000089a00000, 0x0000000089b00000|  0%| F|  |TAMS 0x0000000089a00000, 0x0000000089a00000| Untracked 
| 155|0x0000000089b00000, 0x0000000089b00000, 0x0000000089c00000|  0%| F|  |TAMS 0x0000000089b00000, 0x0000000089b00000| Untracked 
| 156|0x0000000089c00000, 0x0000000089c00000, 0x0000000089d00000|  0%| F|  |TAMS 0x0000000089c00000, 0x0000000089c00000| Untracked 
| 157|0x0000000089d00000, 0x0000000089d00000, 0x0000000089e00000|  0%| F|  |TAMS 0x0000000089d00000, 0x0000000089d00000| Untracked 
| 158|0x0000000089e00000, 0x0000000089e00000, 0x0000000089f00000|  0%| F|  |TAMS 0x0000000089e00000, 0x0000000089e00000| Untracked 
| 159|0x0000000089f00000, 0x0000000089f00000, 0x000000008a000000|  0%| F|  |TAMS 0x0000000089f00000, 0x0000000089f00000| Untracked 
| 160|0x000000008a000000, 0x000000008a000000, 0x000000008a100000|  0%| F|  |TAMS 0x000000008a000000, 0x000000008a000000| Untracked 
| 161|0x000000008a100000, 0x000000008a100000, 0x000000008a200000|  0%| F|  |TAMS 0x000000008a100000, 0x000000008a100000| Untracked 
| 162|0x000000008a200000, 0x000000008a200000, 0x000000008a300000|  0%| F|  |TAMS 0x000000008a200000, 0x000000008a200000| Untracked 
| 163|0x000000008a300000, 0x000000008a300000, 0x000000008a400000|  0%| F|  |TAMS 0x000000008a300000, 0x000000008a300000| Untracked 
| 164|0x000000008a400000, 0x000000008a400000, 0x000000008a500000|  0%| F|  |TAMS 0x000000008a400000, 0x000000008a400000| Untracked 
| 165|0x000000008a500000, 0x000000008a500000, 0x000000008a600000|  0%| F|  |TAMS 0x000000008a500000, 0x000000008a500000| Untracked 
| 166|0x000000008a600000, 0x000000008a600000, 0x000000008a700000|  0%| F|  |TAMS 0x000000008a600000, 0x000000008a600000| Untracked 
| 167|0x000000008a700000, 0x000000008a700000, 0x000000008a800000|  0%| F|  |TAMS 0x000000008a700000, 0x000000008a700000| Untracked 
| 168|0x000000008a800000, 0x000000008a800000, 0x000000008a900000|  0%| F|  |TAMS 0x000000008a800000, 0x000000008a800000| Untracked 
| 169|0x000000008a900000, 0x000000008a900000, 0x000000008aa00000|  0%| F|  |TAMS 0x000000008a900000, 0x000000008a900000| Untracked 
| 170|0x000000008aa00000, 0x000000008aa00000, 0x000000008ab00000|  0%| F|  |TAMS 0x000000008aa00000, 0x000000008aa00000| Untracked 
| 171|0x000000008ab00000, 0x000000008ab00000, 0x000000008ac00000|  0%| F|  |TAMS 0x000000008ab00000, 0x000000008ab00000| Untracked 
| 172|0x000000008ac00000, 0x000000008ac00000, 0x000000008ad00000|  0%| F|  |TAMS 0x000000008ac00000, 0x000000008ac00000| Untracked 
| 173|0x000000008ad00000, 0x000000008ad00000, 0x000000008ae00000|  0%| F|  |TAMS 0x000000008ad00000, 0x000000008ad00000| Untracked 
| 174|0x000000008ae00000, 0x000000008ae00000, 0x000000008af00000|  0%| F|  |TAMS 0x000000008ae00000, 0x000000008ae00000| Untracked 
| 175|0x000000008af00000, 0x000000008af00000, 0x000000008b000000|  0%| F|  |TAMS 0x000000008af00000, 0x000000008af00000| Untracked 
| 176|0x000000008b000000, 0x000000008b000000, 0x000000008b100000|  0%| F|  |TAMS 0x000000008b000000, 0x000000008b000000| Untracked 
| 177|0x000000008b100000, 0x000000008b100000, 0x000000008b200000|  0%| F|  |TAMS 0x000000008b100000, 0x000000008b100000| Untracked 
| 178|0x000000008b200000, 0x000000008b200000, 0x000000008b300000|  0%| F|  |TAMS 0x000000008b200000, 0x000000008b200000| Untracked 
| 179|0x000000008b300000, 0x000000008b300000, 0x000000008b400000|  0%| F|  |TAMS 0x000000008b300000, 0x000000008b300000| Untracked 
| 180|0x000000008b400000, 0x000000008b400000, 0x000000008b500000|  0%| F|  |TAMS 0x000000008b400000, 0x000000008b400000| Untracked 
| 181|0x000000008b500000, 0x000000008b500000, 0x000000008b600000|  0%| F|  |TAMS 0x000000008b500000, 0x000000008b500000| Untracked 
| 182|0x000000008b600000, 0x000000008b600000, 0x000000008b700000|  0%| F|  |TAMS 0x000000008b600000, 0x000000008b600000| Untracked 
| 183|0x000000008b700000, 0x000000008b700000, 0x000000008b800000|  0%| F|  |TAMS 0x000000008b700000, 0x000000008b700000| Untracked 
| 184|0x000000008b800000, 0x000000008b800000, 0x000000008b900000|  0%| F|  |TAMS 0x000000008b800000, 0x000000008b800000| Untracked 
| 185|0x000000008b900000, 0x000000008b900000, 0x000000008ba00000|  0%| F|  |TAMS 0x000000008b900000, 0x000000008b900000| Untracked 
| 186|0x000000008ba00000, 0x000000008ba00000, 0x000000008bb00000|  0%| F|  |TAMS 0x000000008ba00000, 0x000000008ba00000| Untracked 
| 187|0x000000008bb00000, 0x000000008bb00000, 0x000000008bc00000|  0%| F|  |TAMS 0x000000008bb00000, 0x000000008bb00000| Untracked 
| 188|0x000000008bc00000, 0x000000008bc00000, 0x000000008bd00000|  0%| F|  |TAMS 0x000000008bc00000, 0x000000008bc00000| Untracked 
| 189|0x000000008bd00000, 0x000000008bd00000, 0x000000008be00000|  0%| F|  |TAMS 0x000000008bd00000, 0x000000008bd00000| Untracked 

Card table byte_map: [0x0000017843a40000,0x0000017843e40000] _byte_map_base: 0x0000017843640000

Marking Bits (Prev, Next): (CMBitMap*) 0x000001782ef7d410, (CMBitMap*) 0x000001782ef7d450
 Prev Bits: [0x0000017844240000, 0x0000017846240000)
 Next Bits: [0x0000017846240000, 0x0000017848240000)

Polling page: 0x000001782efe0000

Metaspace:

Usage:
  Non-class:     81.55 MB used.
      Class:     12.97 MB used.
       Both:     94.51 MB used.

Virtual space:
  Non-class space:       88.00 MB reserved,      81.94 MB ( 93%) committed,  11 nodes.
      Class space:        1.00 GB reserved,      13.25 MB (  1%) committed,  1 nodes.
             Both:        1.09 GB reserved,      95.19 MB (  9%) committed. 

Chunk freelists:
   Non-Class:  1.72 MB
       Class:  2.69 MB
        Both:  4.41 MB

MaxMetaspaceSize: unlimited
CompressedClassSpaceSize: 1.00 GB
Initial GC threshold: 21.00 MB
Current GC threshold: 157.31 MB
CDS: off
MetaspaceReclaimPolicy: balanced
 - commit_granule_bytes: 65536.
 - commit_granule_words: 8192.
 - virtual_space_node_default_size: 1048576.
 - enlarge_chunks_in_place: 1.
 - new_chunks_are_fully_committed: 0.
 - uncommit_free_chunks: 1.
 - use_allocation_guard: 0.
 - handle_deallocations: 1.


Internal statistics:

num_allocs_failed_limit: 6.
num_arena_births: 1052.
num_arena_deaths: 0.
num_vsnodes_births: 12.
num_vsnodes_deaths: 0.
num_space_committed: 1523.
num_space_uncommitted: 0.
num_chunks_returned_to_freelist: 6.
num_chunks_taken_from_freelist: 4697.
num_chunk_merges: 6.
num_chunk_splits: 3077.
num_chunks_enlarged: 2025.
num_purges: 0.
num_inconsistent_stats: 0.

CodeHeap 'non-profiled nmethods': size=120000Kb used=6461Kb max_used=6461Kb free=113538Kb
 bounds [0x000001783b6a0000, 0x000001783bcf0000, 0x0000017842bd0000]
CodeHeap 'profiled nmethods': size=120000Kb used=19920Kb max_used=19920Kb free=100079Kb
 bounds [0x0000017833bd0000, 0x0000017834f50000, 0x000001783b100000]
CodeHeap 'non-nmethods': size=5760Kb used=2422Kb max_used=2469Kb free=3338Kb
 bounds [0x000001783b100000, 0x000001783b380000, 0x000001783b6a0000]
 total_blobs=11312 nmethods=10386 adapters=836
 compilation: enabled
              stopped_count=0, restarted_count=0
 full_count=0

Compilation events (20 events):
Event: 11.381 Thread 0x000001784b86d190 11891       3       org.gradle.internal.execution.steps.BuildOperationStep$1::<init> (20 bytes)
Event: 11.382 Thread 0x000001784b86d190 nmethod 11891 0x0000017834f40110 code [0x0000017834f402c0, 0x0000017834f40538]
Event: 11.382 Thread 0x000001784bbef1c0 nmethod 11875 0x000001783bceea90 code [0x000001783bceec40, 0x000001783bcef228]
Event: 11.382 Thread 0x000001784bbef1c0 11884       4       org.gradle.internal.snapshot.impl.AbstractValueProcessor::processValue (775 bytes)
Event: 11.383 Thread 0x000001784b86d190 11893       3       org.gradle.internal.execution.steps.ValidateStep$1::visitImplementation (12 bytes)
Event: 11.383 Thread 0x000001784b86d190 nmethod 11893 0x0000017834f40610 code [0x0000017834f407c0, 0x0000017834f40968]
Event: 11.384 Thread 0x000001784b86d190 11895       3       org.gradle.internal.execution.history.impl.SerializableFileCollectionFingerprint::wasCreatedWithStrategy (14 bytes)
Event: 11.384 Thread 0x000001784b86d190 nmethod 11895 0x0000017834f40a90 code [0x0000017834f40c40, 0x0000017834f40ee8]
Event: 11.384 Thread 0x000001784b86d190 11896       3       org.gradle.internal.execution.steps.SkipUpToDateStep$$Lambda$531/0x00000001005ed730::apply (20 bytes)
Event: 11.384 Thread 0x000001784b86d190 nmethod 11896 0x0000017834f41010 code [0x0000017834f411c0, 0x0000017834f414c8]
Event: 11.385 Thread 0x000001784b86d190 11897       3       org.gradle.internal.execution.steps.ValidateStep$$Lambda$504/0x00000001005dc580::accept (20 bytes)
Event: 11.386 Thread 0x000001784b86d190 nmethod 11897 0x0000017834f41690 code [0x0000017834f41840, 0x0000017834f41b08]
Event: 11.386 Thread 0x000001784b86d190 11898       3       org.gradle.internal.execution.history.changes.SummarizingChangeContainer::accept (66 bytes)
Event: 11.386 Thread 0x000001784b86d190 nmethod 11898 0x0000017834f41c10 code [0x0000017834f41e20, 0x0000017834f42658]
Event: 11.386 Thread 0x000001784b86d190 11899       3       org.gradle.internal.fingerprint.impl.EmptyCurrentFileCollectionFingerprint::getRootHashes (4 bytes)
Event: 11.386 Thread 0x000001784b86d190 nmethod 11899 0x0000017834f42890 code [0x0000017834f42a40, 0x0000017834f42c18]
Event: 11.387 Thread 0x000001784b86d190 11900       3       org.gradle.internal.execution.steps.BuildOperationStep::operation (20 bytes)
Event: 11.387 Thread 0x000001784b86d190 nmethod 11900 0x0000017834f42d10 code [0x0000017834f42ee0, 0x0000017834f43368]
Event: 11.391 Thread 0x000001784b86d190 11901       3       com.google.common.collect.ImmutableSortedMap::forEach (49 bytes)
Event: 11.391 Thread 0x000001784b86d190 nmethod 11901 0x0000017834f43510 code [0x0000017834f43740, 0x0000017834f44038]

GC Heap History (20 events):
Event: 7.532 GC heap after
{Heap after GC invocations=29 (full 0):
 garbage-first heap   total 141312K, used 67869K [0x0000000080000000, 0x0000000100000000)
  region size 1024K, 6 young (6144K), 6 survivors (6144K)
 Metaspace       used 76257K, committed 76864K, reserved 1122304K
  class space    used 10165K, committed 10432K, reserved 1048576K
}
Event: 8.031 GC heap before
{Heap before GC invocations=29 (full 0):
 garbage-first heap   total 141312K, used 108829K [0x0000000080000000, 0x0000000100000000)
  region size 1024K, 46 young (47104K), 6 survivors (6144K)
 Metaspace       used 81139K, committed 81728K, reserved 1122304K
  class space    used 11047K, committed 11328K, reserved 1048576K
}
Event: 8.036 GC heap after
{Heap after GC invocations=30 (full 0):
 garbage-first heap   total 141312K, used 70407K [0x0000000080000000, 0x0000000100000000)
  region size 1024K, 6 young (6144K), 6 survivors (6144K)
 Metaspace       used 81139K, committed 81728K, reserved 1122304K
  class space    used 11047K, committed 11328K, reserved 1048576K
}
Event: 8.592 GC heap before
{Heap before GC invocations=30 (full 0):
 garbage-first heap   total 141312K, used 111367K [0x0000000080000000, 0x0000000100000000)
  region size 1024K, 46 young (47104K), 6 survivors (6144K)
 Metaspace       used 85363K, committed 85952K, reserved 1130496K
  class space    used 11647K, committed 11904K, reserved 1048576K
}
Event: 8.597 GC heap after
{Heap after GC invocations=31 (full 0):
 garbage-first heap   total 141312K, used 73828K [0x0000000080000000, 0x0000000100000000)
  region size 1024K, 6 young (6144K), 6 survivors (6144K)
 Metaspace       used 85363K, committed 85952K, reserved 1130496K
  class space    used 11647K, committed 11904K, reserved 1048576K
}
Event: 9.101 GC heap before
{Heap before GC invocations=32 (full 0):
 garbage-first heap   total 141312K, used 112740K [0x0000000080000000, 0x0000000100000000)
  region size 1024K, 44 young (45056K), 6 survivors (6144K)
 Metaspace       used 89361K, committed 89984K, reserved 1130496K
  class space    used 12279K, committed 12544K, reserved 1048576K
}
Event: 9.107 GC heap after
{Heap after GC invocations=33 (full 0):
 garbage-first heap   total 141312K, used 76280K [0x0000000080000000, 0x0000000100000000)
  region size 1024K, 3 young (3072K), 3 survivors (3072K)
 Metaspace       used 89361K, committed 89984K, reserved 1130496K
  class space    used 12279K, committed 12544K, reserved 1048576K
}
Event: 9.180 GC heap before
{Heap before GC invocations=33 (full 0):
 garbage-first heap   total 141312K, used 79352K [0x0000000080000000, 0x0000000100000000)
  region size 1024K, 6 young (6144K), 3 survivors (3072K)
 Metaspace       used 90718K, committed 91392K, reserved 1130496K
  class space    used 12429K, committed 12736K, reserved 1048576K
}
Event: 9.185 GC heap after
{Heap after GC invocations=34 (full 0):
 garbage-first heap   total 169984K, used 76382K [0x0000000080000000, 0x0000000100000000)
  region size 1024K, 1 young (1024K), 1 survivors (1024K)
 Metaspace       used 90718K, committed 91392K, reserved 1130496K
  class space    used 12429K, committed 12736K, reserved 1048576K
}
Event: 9.790 GC heap before
{Heap before GC invocations=34 (full 0):
 garbage-first heap   total 169984K, used 136798K [0x0000000080000000, 0x0000000100000000)
  region size 1024K, 60 young (61440K), 1 survivors (1024K)
 Metaspace       used 93440K, committed 94144K, reserved 1130496K
  class space    used 12783K, committed 13120K, reserved 1048576K
}
Event: 9.795 GC heap after
{Heap after GC invocations=35 (full 0):
 garbage-first heap   total 169984K, used 82932K [0x0000000080000000, 0x0000000100000000)
  region size 1024K, 8 young (8192K), 8 survivors (8192K)
 Metaspace       used 93440K, committed 94144K, reserved 1130496K
  class space    used 12783K, committed 13120K, reserved 1048576K
}
Event: 10.274 GC heap before
{Heap before GC invocations=35 (full 0):
 garbage-first heap   total 169984K, used 133108K [0x0000000080000000, 0x0000000100000000)
  region size 1024K, 58 young (59392K), 8 survivors (8192K)
 Metaspace       used 95411K, committed 96128K, reserved 1138688K
  class space    used 13173K, committed 13504K, reserved 1048576K
}
Event: 10.285 GC heap after
{Heap after GC invocations=36 (full 0):
 garbage-first heap   total 169984K, used 90069K [0x0000000080000000, 0x0000000100000000)
  region size 1024K, 7 young (7168K), 7 survivors (7168K)
 Metaspace       used 95411K, committed 96128K, reserved 1138688K
  class space    used 13173K, committed 13504K, reserved 1048576K
}
Event: 10.641 GC heap before
{Heap before GC invocations=36 (full 0):
 garbage-first heap   total 169984K, used 136149K [0x0000000080000000, 0x0000000100000000)
  region size 1024K, 53 young (54272K), 7 survivors (7168K)
 Metaspace       used 95928K, committed 96576K, reserved 1138688K
  class space    used 13221K, committed 13504K, reserved 1048576K
}
Event: 10.648 GC heap after
{Heap after GC invocations=37 (full 0):
 garbage-first heap   total 169984K, used 93626K [0x0000000080000000, 0x0000000100000000)
  region size 1024K, 4 young (4096K), 4 survivors (4096K)
 Metaspace       used 95928K, committed 96576K, reserved 1138688K
  class space    used 13221K, committed 13504K, reserved 1048576K
}
Event: 11.067 GC heap before
{Heap before GC invocations=38 (full 0):
 garbage-first heap   total 169984K, used 137658K [0x0000000080000000, 0x0000000100000000)
  region size 1024K, 48 young (49152K), 4 survivors (4096K)
 Metaspace       used 96535K, committed 97216K, reserved 1138688K
  class space    used 13270K, committed 13568K, reserved 1048576K
}
Event: 11.074 GC heap after
{Heap after GC invocations=39 (full 0):
 garbage-first heap   total 169984K, used 96879K [0x0000000080000000, 0x0000000100000000)
  region size 1024K, 6 young (6144K), 6 survivors (6144K)
 Metaspace       used 96535K, committed 97216K, reserved 1138688K
  class space    used 13270K, committed 13568K, reserved 1048576K
}
Event: 11.082 GC heap before
{Heap before GC invocations=39 (full 0):
 garbage-first heap   total 169984K, used 97903K [0x0000000080000000, 0x0000000100000000)
  region size 1024K, 8 young (8192K), 6 survivors (6144K)
 Metaspace       used 96540K, committed 97216K, reserved 1138688K
  class space    used 13270K, committed 13568K, reserved 1048576K
}
Event: 11.087 GC heap after
{Heap after GC invocations=40 (full 0):
 garbage-first heap   total 169984K, used 97431K [0x0000000080000000, 0x0000000100000000)
  region size 1024K, 1 young (1024K), 1 survivors (1024K)
 Metaspace       used 96540K, committed 97216K, reserved 1138688K
  class space    used 13270K, committed 13568K, reserved 1048576K
}
Event: 11.392 GC heap before
{Heap before GC invocations=40 (full 0):
 garbage-first heap   total 169984K, used 138391K [0x0000000080000000, 0x0000000100000000)
  region size 1024K, 42 young (43008K), 1 survivors (1024K)
 Metaspace       used 96781K, committed 97472K, reserved 1138688K
  class space    used 13278K, committed 13568K, reserved 1048576K
}

Dll operation events (2 events):
Event: 0.005 Loaded shared library C:\Program Files\Android\Android Studio\jbr\bin\java.dll
Event: 0.471 Loaded shared library C:\Program Files\Android\Android Studio\jbr\bin\verify.dll

Deoptimization events (20 events):
Event: 11.196 Thread 0x0000017855052970 DEOPT PACKING pc=0x000001783b9c6db0 sp=0x0000004b39dfc300
Event: 11.196 Thread 0x0000017855052970 DEOPT UNPACKING pc=0x000001783b15a1a3 sp=0x0000004b39dfc210 mode 2
Event: 11.196 Thread 0x0000017855052970 Uncommon trap: trap_request=0xffffffc6 fr.pc=0x000001783b895744 relative=0x0000000000000124
Event: 11.196 Thread 0x0000017855052970 Uncommon trap: reason=bimorphic_or_optimized_type_check action=maybe_recompile pc=0x000001783b895744 method=com.google.common.collect.RegularImmutableMap.checkNoConflictInKeyBucket(Ljava/lang/Object;Ljava/lang/Object;Lcom/google/common/collect/ImmutableMa
Event: 11.196 Thread 0x0000017855052970 DEOPT PACKING pc=0x000001783b895744 sp=0x0000004b39dfce00
Event: 11.196 Thread 0x0000017855052970 DEOPT UNPACKING pc=0x000001783b15a1a3 sp=0x0000004b39dfcd98 mode 2
Event: 11.223 Thread 0x0000017855056cd0 Uncommon trap: trap_request=0xffffff45 fr.pc=0x000001783bc5c9a0 relative=0x0000000000000840
Event: 11.223 Thread 0x0000017855056cd0 Uncommon trap: reason=unstable_if action=reinterpret pc=0x000001783bc5c9a0 method=org.gradle.internal.snapshot.VfsRelativePath.lengthOfCommonPrefix(Ljava/lang/String;Lorg/gradle/internal/snapshot/CaseSensitivity;)I @ 165 c2
Event: 11.223 Thread 0x0000017855056cd0 DEOPT PACKING pc=0x000001783bc5c9a0 sp=0x0000004b39cfaae0
Event: 11.223 Thread 0x0000017855056cd0 DEOPT UNPACKING pc=0x000001783b15a1a3 sp=0x0000004b39cfaa70 mode 2
Event: 11.225 Thread 0x0000017855056cd0 Uncommon trap: trap_request=0xffffff76 fr.pc=0x000001783bcc6158 relative=0x0000000000000398
Event: 11.225 Thread 0x0000017855056cd0 Uncommon trap: reason=predicate action=maybe_recompile pc=0x000001783bcc6158 method=java.util.AbstractCollection.toArray([Ljava/lang/Object;)[Ljava/lang/Object; @ 43 c2
Event: 11.225 Thread 0x0000017855056cd0 DEOPT PACKING pc=0x000001783bcc6158 sp=0x0000004b39cfb300
Event: 11.225 Thread 0x0000017855056cd0 DEOPT UNPACKING pc=0x000001783b15a1a3 sp=0x0000004b39cfb2a8 mode 2
Event: 11.240 Thread 0x0000017852162140 DEOPT PACKING pc=0x0000017834ede253 sp=0x0000004b385fb900
Event: 11.240 Thread 0x0000017852162140 DEOPT UNPACKING pc=0x000001783b15ace3 sp=0x0000004b385fae38 mode 0
Event: 11.274 Thread 0x0000017855056cd0 DEOPT PACKING pc=0x0000017834ede253 sp=0x0000004b39cfcc30
Event: 11.274 Thread 0x0000017855056cd0 DEOPT UNPACKING pc=0x000001783b15ace3 sp=0x0000004b39cfc168 mode 0
Event: 11.337 Thread 0x00000178518068d0 DEOPT PACKING pc=0x0000017834ede253 sp=0x0000004b35afb840
Event: 11.337 Thread 0x00000178518068d0 DEOPT UNPACKING pc=0x000001783b15ace3 sp=0x0000004b35afad78 mode 0

Classes unloaded (0 events):
No events

Classes redefined (0 events):
No events

Internal exceptions (20 events):
Event: 10.232 Thread 0x0000017851802570 Exception <a 'java/lang/NoSuchMethodError'{0x0000000087a2fe18}: 'java.lang.Object java.lang.invoke.DirectMethodHandle$Holder.invokeSpecialIFC(java.lang.Object, java.lang.Object, java.lang.Object)'> (0x0000000087a2fe18) 
thrown [s\src\hotspot\share\interpreter\linkResolver.cpp, line 771]
Event: 10.232 Thread 0x000001784f7073b0 Exception <a 'java/lang/NoSuchMethodError'{0x0000000087a07908}: 'java.lang.Object java.lang.invoke.DirectMethodHandle$Holder.invokeSpecialIFC(java.lang.Object, java.lang.Object, java.lang.Object)'> (0x0000000087a07908) 
thrown [s\src\hotspot\share\interpreter\linkResolver.cpp, line 771]
Event: 10.232 Thread 0x0000017855055e60 Exception <a 'java/lang/NoSuchMethodError'{0x0000000087a3a490}: 'java.lang.Object java.lang.invoke.DirectMethodHandle$Holder.invokeSpecialIFC(java.lang.Object, java.lang.Object, java.lang.Object)'> (0x0000000087a3a490) 
thrown [s\src\hotspot\share\interpreter\linkResolver.cpp, line 771]
Event: 10.232 Thread 0x0000017852160930 Exception <a 'java/lang/NoSuchMethodError'{0x0000000087a1eaf8}: 'java.lang.Object java.lang.invoke.DirectMethodHandle$Holder.invokeSpecialIFC(java.lang.Object, java.lang.Object, java.lang.Object)'> (0x0000000087a1eaf8) 
thrown [s\src\hotspot\share\interpreter\linkResolver.cpp, line 771]
Event: 10.232 Thread 0x000001785215d910 Exception <a 'java/lang/NoSuchMethodError'{0x0000000087a75660}: 'java.lang.Object java.lang.invoke.DirectMethodHandle$Holder.invokeSpecialIFC(java.lang.Object, java.lang.Object, java.lang.Object)'> (0x0000000087a75660) 
thrown [s\src\hotspot\share\interpreter\linkResolver.cpp, line 771]
Event: 10.233 Thread 0x000001785215f5f0 Exception <a 'java/lang/NoSuchMethodError'{0x0000000087a278d8}: 'java.lang.Object java.lang.invoke.DirectMethodHandle$Holder.invokeSpecialIFC(java.lang.Object, java.lang.Object, java.lang.Object)'> (0x0000000087a278d8) 
thrown [s\src\hotspot\share\interpreter\linkResolver.cpp, line 771]
Event: 10.233 Thread 0x0000017852162140 Exception <a 'java/lang/NoSuchMethodError'{0x0000000087a7d398}: 'java.lang.Object java.lang.invoke.DirectMethodHandle$Holder.invokeSpecialIFC(java.lang.Object, java.lang.Object, java.lang.Object)'> (0x0000000087a7d398) 
thrown [s\src\hotspot\share\interpreter\linkResolver.cpp, line 771]
Event: 10.304 Thread 0x0000017855051b00 Exception <a 'java/lang/NoSuchMethodError'{0x000000008a02b5d8}: static Lorg/jetbrains/kotlin/gradle/plugin/statistics/MetricContainer;.<clinit>()V> (0x000000008a02b5d8) 
thrown [s\src\hotspot\share\prims\jni.cpp, line 1108]
Event: 10.380 Thread 0x00000178521617a0 Exception <a 'java/lang/NoSuchMethodError'{0x000000008a441c60}: 'void java.lang.invoke.DirectMethodHandle$Holder.invokeVirtual(java.lang.Object, java.lang.Object)'> (0x000000008a441c60) 
thrown [s\src\hotspot\share\interpreter\linkResolver.cpp, line 771]
Event: 10.811 Thread 0x0000017855052970 Exception <a 'java/lang/NoSuchMethodError'{0x0000000089741a28}: static Lcom/android/build/gradle/internal/scope/InternalArtifactType;.<clinit>()V> (0x0000000089741a28) 
thrown [s\src\hotspot\share\prims\jni.cpp, line 1108]
Event: 10.811 Thread 0x0000017855052970 Exception <a 'java/lang/NoSuchMethodError'{0x0000000089743168}: static Lcom/android/build/gradle/internal/scope/InternalArtifactType;.<clinit>()V> (0x0000000089743168) 
thrown [s\src\hotspot\share\prims\jni.cpp, line 1108]
Event: 10.811 Thread 0x0000017855052970 Exception <a 'java/lang/NoSuchMethodError'{0x0000000089746308}: static Lcom/android/build/api/artifact/Artifact$Single;.<clinit>()V> (0x0000000089746308) 
thrown [s\src\hotspot\share\prims\jni.cpp, line 1108]
Event: 10.811 Thread 0x0000017855052970 Exception <a 'java/lang/NoSuchMethodError'{0x0000000089748b58}: static Ljava/lang/Object;.<clinit>()V> (0x0000000089748b58) 
thrown [s\src\hotspot\share\prims\jni.cpp, line 1108]
Event: 10.812 Thread 0x0000017855052970 Exception <a 'java/lang/NoSuchMethodError'{0x000000008975ef50}: static Lcom/android/build/api/artifact/ArtifactKind;.<clinit>()V> (0x000000008975ef50) 
thrown [s\src\hotspot\share\prims\jni.cpp, line 1108]
Event: 10.813 Thread 0x0000017855052970 Exception <a 'java/lang/NoSuchMethodError'{0x0000000089760110}: static Lcom/android/build/api/artifact/ArtifactKind;.<clinit>()V> (0x0000000089760110) 
thrown [s\src\hotspot\share\prims\jni.cpp, line 1108]
Event: 11.018 Thread 0x0000017855052970 Exception <a 'java/lang/NoSuchMethodError'{0x0000000087e94910}: 'int java.lang.invoke.DirectMethodHandle$Holder.invokeSpecial(java.lang.Object, java.lang.Object, java.lang.Object, java.lang.Object, java.lang.Object)'> (0x0000000087e94910) 
thrown [s\src\hotspot\share\interpreter\linkResolver.cpp, line 771]
Event: 11.163 Thread 0x0000017855052970 Exception <a 'sun/nio/fs/WindowsException'{0x0000000089ad2550}> (0x0000000089ad2550) 
thrown [s\src\hotspot\share\prims\jni.cpp, line 517]
Event: 11.164 Thread 0x0000017855052970 Exception <a 'sun/nio/fs/WindowsException'{0x0000000089ad7380}> (0x0000000089ad7380) 
thrown [s\src\hotspot\share\prims\jni.cpp, line 517]
Event: 11.164 Thread 0x0000017855052970 Exception <a 'sun/nio/fs/WindowsException'{0x0000000089ad9120}> (0x0000000089ad9120) 
thrown [s\src\hotspot\share\prims\jni.cpp, line 517]
Event: 11.172 Thread 0x0000017855052970 Exception <a 'sun/nio/fs/WindowsException'{0x0000000089908f18}> (0x0000000089908f18) 
thrown [s\src\hotspot\share\prims\jni.cpp, line 517]

VM Operations (20 events):
Event: 10.921 Executing VM operation: ICBufferFull done
Event: 10.936 Executing VM operation: HandshakeAllThreads
Event: 10.937 Executing VM operation: HandshakeAllThreads done
Event: 10.966 Executing VM operation: HandshakeAllThreads
Event: 10.967 Executing VM operation: HandshakeAllThreads done
Event: 11.011 Executing VM operation: HandshakeAllThreads
Event: 11.011 Executing VM operation: HandshakeAllThreads done
Event: 11.015 Executing VM operation: HandshakeAllThreads
Event: 11.015 Executing VM operation: HandshakeAllThreads done
Event: 11.017 Executing VM operation: HandshakeAllThreads
Event: 11.017 Executing VM operation: HandshakeAllThreads done
Event: 11.048 Executing VM operation: ICBufferFull
Event: 11.049 Executing VM operation: ICBufferFull done
Event: 11.067 Executing VM operation: G1CollectForAllocation
Event: 11.075 Executing VM operation: G1CollectForAllocation done
Event: 11.081 Executing VM operation: G1CollectForAllocation
Event: 11.089 Executing VM operation: G1CollectForAllocation done
Event: 11.224 Executing VM operation: ICBufferFull
Event: 11.224 Executing VM operation: ICBufferFull done
Event: 11.392 Executing VM operation: G1CollectForAllocation

Events (20 events):
Event: 9.968 Thread 0x0000017855055990 Thread added: 0x0000017855055990
Event: 9.968 Thread 0x0000017855051160 Thread added: 0x0000017855051160
Event: 9.969 Thread 0x0000017855055e60 Thread added: 0x0000017855055e60
Event: 9.969 Thread 0x0000017855056330 Thread added: 0x0000017855056330
Event: 9.969 Thread 0x0000017855056cd0 Thread added: 0x0000017855056cd0
Event: 9.969 Thread 0x0000017855052970 Thread added: 0x0000017855052970
Event: 9.969 Thread 0x0000017855056800 Thread added: 0x0000017855056800
Event: 9.996 Thread 0x0000017855057670 Thread added: 0x0000017855057670
Event: 10.015 loading class java/util/TreeMap$KeySpliterator
Event: 10.015 loading class java/util/TreeMap$TreeMapSpliterator
Event: 10.015 loading class java/util/TreeMap$TreeMapSpliterator done
Event: 10.015 loading class java/util/TreeMap$KeySpliterator done
Event: 10.078 loading class java/io/ObjectStreamClass$ExceptionInfo
Event: 10.078 loading class java/io/ObjectStreamClass$ExceptionInfo done
Event: 10.307 loading class java/util/HashMap$UnsafeHolder
Event: 10.308 loading class java/util/HashMap$UnsafeHolder done
Event: 10.580 loading class java/util/Comparators$NaturalOrderComparator
Event: 10.580 loading class java/util/Comparators$NaturalOrderComparator done
Event: 10.580 loading class java/util/stream/SortedOps$SizedRefSortingSink
Event: 10.580 loading class java/util/stream/SortedOps$SizedRefSortingSink done


Dynamic libraries:
0x00007ff777360000 - 0x00007ff77736a000 	C:\Program Files\Android\Android Studio\jbr\bin\java.exe
0x00007ff8113f0000 - 0x00007ff811606000 	C:\WINDOWS\SYSTEM32\ntdll.dll
0x00007ff810640000 - 0x00007ff810704000 	C:\WINDOWS\System32\KERNEL32.DLL
0x00007ff80e870000 - 0x00007ff80ec16000 	C:\WINDOWS\System32\KERNELBASE.dll
0x00007ff80eeb0000 - 0x00007ff80efc1000 	C:\WINDOWS\System32\ucrtbase.dll
0x00007ff80ad20000 - 0x00007ff80ad3b000 	C:\Program Files\Android\Android Studio\jbr\bin\VCRUNTIME140.dll
0x00007fffced50000 - 0x00007fffced67000 	C:\Program Files\Android\Android Studio\jbr\bin\jli.dll
0x00007ff80f5a0000 - 0x00007ff80f74d000 	C:\WINDOWS\System32\USER32.dll
0x00007ff80e730000 - 0x00007ff80e756000 	C:\WINDOWS\System32\win32u.dll
0x00007ffff2dd0000 - 0x00007ffff3063000 	C:\WINDOWS\WinSxS\amd64_microsoft.windows.common-controls_6595b64144ccf1df_6.0.22621.3235_none_270f74e173860f98\COMCTL32.dll
0x00007ff810d00000 - 0x00007ff810d29000 	C:\WINDOWS\System32\GDI32.dll
0x00007ff811300000 - 0x00007ff8113a7000 	C:\WINDOWS\System32\msvcrt.dll
0x00007ff80ec20000 - 0x00007ff80ed38000 	C:\WINDOWS\System32\gdi32full.dll
0x00007ff80e760000 - 0x00007ff80e7fa000 	C:\WINDOWS\System32\msvcp_win.dll
0x00007ff80f3e0000 - 0x00007ff80f411000 	C:\WINDOWS\System32\IMM32.DLL
0x00007ff80af30000 - 0x00007ff80af3c000 	C:\Program Files\Android\Android Studio\jbr\bin\vcruntime140_1.dll
0x00007fffe3060000 - 0x00007fffe30ed000 	C:\Program Files\Android\Android Studio\jbr\bin\msvcp140.dll
0x00007fffc4030000 - 0x00007fffc4c9e000 	C:\Program Files\Android\Android Studio\jbr\bin\server\jvm.dll
0x00007ff810710000 - 0x00007ff8107c2000 	C:\WINDOWS\System32\ADVAPI32.dll
0x00007ff810590000 - 0x00007ff810638000 	C:\WINDOWS\System32\sechost.dll
0x00007ff80efd0000 - 0x00007ff80eff8000 	C:\WINDOWS\System32\bcrypt.dll
0x00007ff810be0000 - 0x00007ff810cf5000 	C:\WINDOWS\System32\RPCRT4.dll
0x00007ff8035b0000 - 0x00007ff8035ba000 	C:\WINDOWS\SYSTEM32\VERSION.dll
0x00007ff805b10000 - 0x00007ff805b44000 	C:\WINDOWS\SYSTEM32\WINMM.dll
0x00007fffe6900000 - 0x00007fffe6909000 	C:\WINDOWS\SYSTEM32\WSOCK32.dll
0x00007ff811270000 - 0x00007ff8112e1000 	C:\WINDOWS\System32\WS2_32.dll
0x00007ff80d730000 - 0x00007ff80d748000 	C:\WINDOWS\SYSTEM32\kernel.appcore.dll
0x00007ff80b580000 - 0x00007ff80b58a000 	C:\Program Files\Android\Android Studio\jbr\bin\jimage.dll
0x00007ff80bf50000 - 0x00007ff80c183000 	C:\WINDOWS\SYSTEM32\DBGHELP.DLL
0x00007ff810830000 - 0x00007ff810bb8000 	C:\WINDOWS\System32\combase.dll
0x00007ff80f300000 - 0x00007ff80f3d7000 	C:\WINDOWS\System32\OLEAUT32.dll
0x00007fffdc790000 - 0x00007fffdc7c2000 	C:\WINDOWS\SYSTEM32\dbgcore.DLL
0x00007ff80f0c0000 - 0x00007ff80f13a000 	C:\WINDOWS\System32\bcryptPrimitives.dll
0x00007fffc9130000 - 0x00007fffc9155000 	C:\Program Files\Android\Android Studio\jbr\bin\java.dll
0x00007fffdea80000 - 0x00007fffdea98000 	C:\Program Files\Android\Android Studio\jbr\bin\zip.dll
0x00007ff80fa80000 - 0x00007ff8102dd000 	C:\WINDOWS\System32\SHELL32.dll
0x00007ff80c640000 - 0x00007ff80cf38000 	C:\WINDOWS\SYSTEM32\windows.storage.dll
0x00007ff80c500000 - 0x00007ff80c63e000 	C:\WINDOWS\SYSTEM32\wintypes.dll
0x00007ff80f4a0000 - 0x00007ff80f593000 	C:\WINDOWS\System32\SHCORE.dll
0x00007ff811210000 - 0x00007ff81126e000 	C:\WINDOWS\System32\shlwapi.dll
0x00007ff80e660000 - 0x00007ff80e686000 	C:\WINDOWS\SYSTEM32\profapi.dll
0x00007fffdbdb0000 - 0x00007fffdbdc9000 	C:\Program Files\Android\Android Studio\jbr\bin\net.dll
0x00007ff8089b0000 - 0x00007ff808ae7000 	C:\WINDOWS\SYSTEM32\WINHTTP.dll
0x00007ff80dba0000 - 0x00007ff80dc09000 	C:\WINDOWS\system32\mswsock.dll
0x00007fffd4360000 - 0x00007fffd4376000 	C:\Program Files\Android\Android Studio\jbr\bin\nio.dll
0x00007ff808670000 - 0x00007ff808680000 	C:\Program Files\Android\Android Studio\jbr\bin\verify.dll
0x00007ff80ad40000 - 0x00007ff80ad67000 	C:\Users\yk5fe\.gradle\native\68d5fa5c4cc2d200863cafc0d521ce42e7d3e7ee720ec0a83991735586a16f82\windows-amd64\native-platform.dll
0x00007fffd1e40000 - 0x00007fffd1f84000 	C:\Users\yk5fe\.gradle\native\e376f236ea51e6404a007f0833ffe2c6e607c4080706a723a18a27aeea778392\windows-amd64\native-platform-file-events.dll
0x00007ff807930000 - 0x00007ff807939000 	C:\Program Files\Android\Android Studio\jbr\bin\management.dll
0x00007ffff1e60000 - 0x00007ffff1e6b000 	C:\Program Files\Android\Android Studio\jbr\bin\management_ext.dll
0x00007ff8104a0000 - 0x00007ff8104a8000 	C:\WINDOWS\System32\PSAPI.DLL
0x00007ff80def0000 - 0x00007ff80df0b000 	C:\WINDOWS\SYSTEM32\CRYPTSP.dll
0x00007ff80d690000 - 0x00007ff80d6c5000 	C:\WINDOWS\system32\rsaenh.dll
0x00007ff80dc40000 - 0x00007ff80dc6c000 	C:\WINDOWS\SYSTEM32\USERENV.dll
0x00007ff80ded0000 - 0x00007ff80dedc000 	C:\WINDOWS\SYSTEM32\CRYPTBASE.dll
0x00007ff80d1a0000 - 0x00007ff80d1cd000 	C:\WINDOWS\SYSTEM32\IPHLPAPI.DLL
0x00007ff8104b0000 - 0x00007ff8104b9000 	C:\WINDOWS\System32\NSI.dll
0x00007ff8088d0000 - 0x00007ff8088e9000 	C:\WINDOWS\SYSTEM32\dhcpcsvc6.DLL
0x00007ff808890000 - 0x00007ff8088af000 	C:\WINDOWS\SYSTEM32\dhcpcsvc.DLL
0x00007ff80d1d0000 - 0x00007ff80d2c9000 	C:\WINDOWS\SYSTEM32\DNSAPI.dll
0x00007ffff1480000 - 0x00007ffff1488000 	C:\WINDOWS\system32\wshunix.dll
0x00007fffdc170000 - 0x00007fffdc187000 	C:\WINDOWS\system32\napinsp.dll
0x00007fffcee20000 - 0x00007fffcee3b000 	C:\WINDOWS\system32\pnrpnsp.dll
0x00007fffcee00000 - 0x00007fffcee11000 	C:\WINDOWS\System32\winrnr.dll
0x00007fffd7670000 - 0x00007fffd7685000 	C:\WINDOWS\system32\wshbth.dll
0x00007fffcc0a0000 - 0x00007fffcc0c1000 	C:\WINDOWS\system32\nlansp_c.dll
0x000000006d050000 - 0x000000006d076000 	C:\Program Files\Bonjour\mdnsNSP.dll
0x00007ff808650000 - 0x00007ff80865a000 	C:\Windows\System32\rasadhlp.dll
0x00007ff805fb0000 - 0x00007ff806033000 	C:\WINDOWS\System32\fwpuclnt.dll

dbghelp: loaded successfully - version: 4.0.5 - missing functions: none
symbol engine: initialized successfully - sym options: 0x614 - pdb path: .;C:\Program Files\Android\Android Studio\jbr\bin;C:\WINDOWS\SYSTEM32;C:\WINDOWS\WinSxS\amd64_microsoft.windows.common-controls_6595b64144ccf1df_6.0.22621.3235_none_270f74e173860f98;C:\Program Files\Android\Android Studio\jbr\bin\server;C:\Users\yk5fe\.gradle\native\68d5fa5c4cc2d200863cafc0d521ce42e7d3e7ee720ec0a83991735586a16f82\windows-amd64;C:\Users\yk5fe\.gradle\native\e376f236ea51e6404a007f0833ffe2c6e607c4080706a723a18a27aeea778392\windows-amd64;C:\Program Files\Bonjour

VM Arguments:
jvm_args: --add-opens=java.base/java.util=ALL-UNNAMED --add-opens=java.base/java.lang=ALL-UNNAMED --add-opens=java.base/java.lang.invoke=ALL-UNNAMED --add-opens=java.prefs/java.util.prefs=ALL-UNNAMED --add-opens=java.base/java.nio.charset=ALL-UNNAMED --add-opens=java.base/java.net=ALL-UNNAMED --add-opens=java.base/java.util.concurrent.atomic=ALL-UNNAMED -Xmx2048m -Dfile.encoding=UTF-8 -Duser.country=FR -Duser.language=fr -Duser.variant 
java_command: org.gradle.launcher.daemon.bootstrap.GradleDaemon 8.0
java_class_path (initial): C:\Users\yk5fe\.gradle\wrapper\dists\gradle-8.0-bin\ca5e32bp14vu59qr306oxotwh\gradle-8.0\lib\gradle-launcher-8.0.jar
Launcher Type: SUN_STANDARD

[Global flags]
     intx CICompilerCount                          = 4                                         {product} {ergonomic}
     uint ConcGCThreads                            = 2                                         {product} {ergonomic}
     uint G1ConcRefinementThreads                  = 8                                         {product} {ergonomic}
   size_t G1HeapRegionSize                         = 1048576                                   {product} {ergonomic}
    uintx GCDrainStackTargetSize                   = 64                                        {product} {ergonomic}
   size_t InitialHeapSize                          = 199229440                                 {product} {ergonomic}
   size_t MarkStackSize                            = 4194304                                   {product} {ergonomic}
   size_t MaxHeapSize                              = 2147483648                                {product} {command line}
   size_t MaxNewSize                               = 1287651328                                {product} {ergonomic}
   size_t MinHeapDeltaBytes                        = 1048576                                   {product} {ergonomic}
   size_t MinHeapSize                              = 8388608                                   {product} {ergonomic}
    uintx NonNMethodCodeHeapSize                   = 5839372                                {pd product} {ergonomic}
    uintx NonProfiledCodeHeapSize                  = 122909434                              {pd product} {ergonomic}
    uintx ProfiledCodeHeapSize                     = 122909434                              {pd product} {ergonomic}
    uintx ReservedCodeCacheSize                    = 251658240                              {pd product} {ergonomic}
     bool SegmentedCodeCache                       = true                                      {product} {ergonomic}
   size_t SoftMaxHeapSize                          = 2147483648                             {manageable} {ergonomic}
     bool UseCompressedClassPointers               = true                           {product lp64_product} {ergonomic}
     bool UseCompressedOops                        = true                           {product lp64_product} {ergonomic}
     bool UseG1GC                                  = true                                      {product} {ergonomic}
     bool UseLargePagesIndividualAllocation        = false                                  {pd product} {ergonomic}

Logging:
Log output configuration:
 #0: stdout all=warning uptime,level,tags
 #1: stderr all=off uptime,level,tags

Environment Variables:
JAVA_HOME=C:\Program Files\Java\jdk-20
PATH=C:\Program Files\Java\jdk-20\bin;C:\ADMINISTRATION\WINDOWS\bin;C:\Program Files\Common Files\Oracle\Java\javapath;C:\WINDOWS\system32;C:\WINDOWS;C:\WINDOWS\System32\Wbem;C:\WINDOWS\System32\WindowsPowerShell\v1.0\;C:\WINDOWS\System32\OpenSSH\;C:\Program Files\Git\cmd;C:\Program Files\MySQL\MySQL Server 5.1\bin;C:\Users\yk5fe\AppData\Roaming\nvm;C:\Program Files\nodejs;C:\Program Files\nodejs\;C:\Program Files (x86)\Windows Kits\10\Windows Performance Toolkit\;C:\Users\yk5fe\AppData\Local\Programs\Python\Python39\Scripts\;C:\Users\yk5fe\AppData\Local\Programs\Python\Python39\;C:\Program Files\Java\jdk-20\bin;C:\ADMINISTRATION\WINDOWS\bin;C:\Program Files\Common Files\Oracle\Java\javapath;C:\WINDOWS\system32;C:\WINDOWS;C:\WINDOWS\System32\Wbem;C:\WINDOWS\System32\WindowsPowerShell\v1.0\;C:\WINDOWS\System32\OpenSSH\;C:\Program Files\Git\cmd;C:\Program Files\MySQL\MySQL Server 5.1\bin;C:\Users\yk5fe\AppData\Roaming\nvm;C:\Program Files\nodejs;C:\Program Files\nodejs\;C:\Program Files (x86)\Windows Kits\10\Windows Performance Toolkit\;C:\Program Files\Java\jdk-20\bin;C:\ADMINISTRATION\WINDOWS\bin;C:\Program Files\Common Files\Oracle\Java\javapath;C:\WINDOWS\system32;C:\WINDOWS;C:\WINDOWS\System32\Wbem;C:\WINDOWS\System32\WindowsPowerShell\v1.0\;C:\WINDOWS\System32\OpenSSH\;C:\Program Files\Git\cmd;C:\Program Files\MySQL\MySQL Server 5.1\bin;C:\Users\yk5fe\AppData\Roaming\nvm;C:\Program Files\nodejs;C:\Program Files\nodejs\;C:\Program Files (x86)\Windows Kits\;C:\Users\yk5fe\AppData\Local\Programs\Microsoft VS Code\bin
USERNAME=yk5fe
OS=Windows_NT
PROCESSOR_IDENTIFIER=Intel64 Family 6 Model 140 Stepping 2, GenuineIntel
TMP=C:\Users\yk5fe\AppData\Local\Temp
TEMP=C:\Users\yk5fe\AppData\Local\Temp


JNI global refs:
JNI global refs: 27, weak refs: 5

JNI global refs memory usage: 843, weak refs: 841


---------------  S Y S T E M  ---------------

OS:
 Windows 11 , 64 bit Build 22621 (10.0.22621.3235)
OS uptime: 1 days 16:28 hours
Hyper-V role detected

CPU: total 8 (initial active 8) (4 cores per cpu, 2 threads per core) family 6 model 140 stepping 2 microcode 0x2c, cx8, cmov, fxsr, ht, mmx, 3dnowpref, sse, sse2, sse3, ssse3, sse4.1, sse4.2, popcnt, lzcnt, tsc, tscinvbit, avx, avx2, aes, erms, clmul, bmi1, bmi2, adx, avx512f, avx512dq, avx512cd, avx512bw, avx512vl, sha, fma, vzeroupper, avx512_vpopcntdq, avx512_vpclmulqdq, avx512_vaes, avx512_vnni, clflush, clflushopt, clwb, avx512_vbmi2, avx512_vbmi, hv

Memory: 4k page, system-wide physical 12037M (581M free)
TotalPageFile size 14437M (AvailPageFile size 24M)
current process WorkingSet (physical memory assigned to process): 445M, peak: 451M
current process commit charge ("private bytes"): 504M, peak: 649M

vm_info: OpenJDK 64-Bit Server VM (17.0.6+0-b2043.56-10027231) for windows-amd64 JRE (17.0.6+0-b2043.56-10027231), built on Apr 28 2023 00:43:19 by "androidbuild" with MS VC++ 16.10 / 16.11 (VS2019)

END.
