#
# There is insufficient memory for the Java Runtime Environment to continue.
# Native memory allocation (mmap) failed to map 95420416 bytes for G1 virtual space
# Possible reasons:
#   The system is out of physical RAM or swap space
#   The process is running with CompressedOops enabled, and the Java Heap may be blocking the growth of the native heap
# Possible solutions:
#   Reduce memory load on the system
#   Increase physical memory or swap space
#   Check if swap backing store is full
#   Decrease Java heap size (-Xmx/-Xms)
#   Decrease number of Java threads
#   Decrease Java thread stack sizes (-Xss)
#   Set larger code cache with -XX:ReservedCodeCacheSize=
#   JVM is running with Unscaled Compressed Oops mode in which the Java heap is
#     placed in the first 4GB address space. The Java Heap base address is the
#     maximum limit for the native heap growth. Please use -XX:HeapBaseMinAddress
#     to set the Java Heap base and to place the Java Heap above 4GB virtual address.
# This output file may be truncated or incomplete.
#
#  Out of Memory Error (os_windows.cpp:3769), pid=3792, tid=1512
#
# JRE version: OpenJDK Runtime Environment (17.0.6) (build 17.0.6+0-b2043.56-10027231)
# Java VM: OpenJDK 64-Bit Server VM (17.0.6+0-b2043.56-10027231, mixed mode, tiered, compressed oops, compressed class ptrs, g1 gc, windows-amd64)
# No core dump will be written. Minidumps are not enabled by default on client versions of Windows
#

---------------  S U M M A R Y ------------

Command Line: --add-opens=java.base/java.util=ALL-UNNAMED --add-opens=java.base/java.lang=ALL-UNNAMED --add-opens=java.base/java.lang.invoke=ALL-UNNAMED --add-opens=java.prefs/java.util.prefs=ALL-UNNAMED --add-opens=java.base/java.nio.charset=ALL-UNNAMED --add-opens=java.base/java.net=ALL-UNNAMED --add-opens=java.base/java.util.concurrent.atomic=ALL-UNNAMED -Xmx2048m -Dfile.encoding=UTF-8 -Duser.country=FR -Duser.language=fr -Duser.variant org.gradle.launcher.daemon.bootstrap.GradleDaemon 8.0

Host: 11th Gen Intel(R) Core(TM) i5-1155G7 @ 2.50GHz, 8 cores, 11G,  Windows 11 , 64 bit Build 22621 (10.0.22621.3235)
Time: Mon Mar 25 23:57:12 2024 Greenwich elapsed time: 12.841341 seconds (0d 0h 0m 12s)

---------------  T H R E A D  ---------------

Current thread (0x000002a1f28081d0):  VMThread "VM Thread" [stack: 0x000000fe32700000,0x000000fe32800000] [id=1512]

Stack: [0x000000fe32700000,0x000000fe32800000]
Native frames: (J=compiled Java code, j=interpreted, Vv=VM code, C=native code)
V  [jvm.dll+0x683c9a]
V  [jvm.dll+0x8427a4]
V  [jvm.dll+0x843f9e]
V  [jvm.dll+0x844603]
V  [jvm.dll+0x249b75]
V  [jvm.dll+0x680b69]
V  [jvm.dll+0x67505a]
V  [jvm.dll+0x309acb]
V  [jvm.dll+0x310f86]
V  [jvm.dll+0x3608ee]
V  [jvm.dll+0x360b1f]
V  [jvm.dll+0x2dfbf8]
V  [jvm.dll+0x2ddec4]
V  [jvm.dll+0x2dd4cc]
V  [jvm.dll+0x321f3b]
V  [jvm.dll+0x848ccb]
V  [jvm.dll+0x849a04]
V  [jvm.dll+0x849f1d]
V  [jvm.dll+0x84a2f4]
V  [jvm.dll+0x84a3c0]
V  [jvm.dll+0x7f274a]
V  [jvm.dll+0x682ad5]
C  [ucrtbase.dll+0x29363]
C  [KERNEL32.DLL+0x1257d]
C  [ntdll.dll+0x5aa58]

VM_Operation (0x000000fe3b5fb210): G1CollectForAllocation, mode: safepoint, requested by thread 0x000002a1f9487f20


---------------  P R O C E S S  ---------------

Threads class SMR info:
_java_thread_list=0x000002a1f3bd3140, length=140, elements={
0x000002a1d6182790, 0x000002a1f280ad80, 0x000002a1f280cd40, 0x000002a1f2867450,
0x000002a1f2868000, 0x000002a1f2868dc0, 0x000002a1f286b780, 0x000002a1f286e930,
0x000002a1f28773e0, 0x000002a1f287b6e0, 0x000002a1f2a02da0, 0x000002a1f2a096a0,
0x000002a1f573e260, 0x000002a1f573d3f0, 0x000002a1f573ca50, 0x000002a1f573d8c0,
0x000002a1f573bbe0, 0x000002a1f573c580, 0x000002a1f573f5a0, 0x000002a1f573e730,
0x000002a1f573c0b0, 0x000002a1f573dd90, 0x000002a1f573ec00, 0x000002a1f573f0d0,
0x000002a1f6711c80, 0x000002a1f6714ca0, 0x000002a1f67117b0, 0x000002a1f6712150,
0x000002a1f6716980, 0x000002a1f6713e30, 0x000002a1f6710470, 0x000002a1f6716e50,
0x000002a1f6712620, 0x000002a1f6715640, 0x000002a1f6712af0, 0x000002a1f67147d0,
0x000002a1f67177f0, 0x000002a1f670ffa0, 0x000002a1f6713960, 0x000002a1f6715b10,
0x000002a1f67164b0, 0x000002a1f6710e10, 0x000002a1f67112e0, 0x000002a1f80d5b60,
0x000002a1f80d1cd0, 0x000002a1f80d4350, 0x000002a1f80d6ea0, 0x000002a1f80d6030,
0x000002a1f80d7840, 0x000002a1f80d51c0, 0x000002a1f80d4820, 0x000002a1f80d4cf0,
0x000002a1f80d21a0, 0x000002a1f80d39b0, 0x000002a1f80d86b0, 0x000002a1f80d6500,
0x000002a1f80d5690, 0x000002a1f80d3e80, 0x000002a1f80d7d10, 0x000002a1f80d69d0,
0x000002a1f80d1330, 0x000002a1f80d7370, 0x000002a1f80d2670, 0x000002a1f80d2b40,
0x000002a1f80d81e0, 0x000002a1f80d0e60, 0x000002a1f80d1800, 0x000002a1f80d3010,
0x000002a1f80d34e0, 0x000002a1f6a08650, 0x000002a1f6a0a800, 0x000002a1f6a05630,
0x000002a1f6a0acd0, 0x000002a1f6a03480, 0x000002a1f6a09990, 0x000002a1f6a03e20,
0x000002a1f6a03950, 0x000002a1f6a042f0, 0x000002a1f6a047c0, 0x000002a1f6a05b00,
0x000002a1f6a04c90, 0x000002a1f6a09e60, 0x000002a1f6a05160, 0x000002a1f6a05fd0,
0x000002a1f6a06e40, 0x000002a1f6a06970, 0x000002a1f6a0a330, 0x000002a1f6a08b20,
0x000002a1f6a064a0, 0x000002a1f6a07310, 0x000002a1f6a077e0, 0x000002a1f6a07cb0,
0x000002a1f6a08180, 0x000002a1f6a08ff0, 0x000002a1f6a094c0, 0x000002a1f8b10fd0,
0x000002a1f8b0f7c0, 0x000002a1f8b10b00, 0x000002a1f8b16b40, 0x000002a1f8b161a0,
0x000002a1f8b16670, 0x000002a1f8b14990, 0x000002a1f8b127e0, 0x000002a1f8b12310,
0x000002a1f8b13b20, 0x000002a1f8b17010, 0x000002a1f8b12cb0, 0x000002a1f8b10630,
0x000002a1f8b114a0, 0x000002a1f8b13650, 0x000002a1f8b11970, 0x000002a1f8b13180,
0x000002a1f8b15330, 0x000002a1f8b0fc90, 0x000002a1f8b10160, 0x000002a1f8b144c0,
0x000002a1f8b14e60, 0x000002a1f8b13ff0, 0x000002a1f8b11e40, 0x000002a1f8b15800,
0x000002a1f8b15cd0, 0x000002a1f94858a0, 0x000002a1f948a0d0, 0x000002a1f948a5a0,
0x000002a1f9486710, 0x000002a1f9484a30, 0x000002a1f9488d90, 0x000002a1f9487580,
0x000002a1f2d8bf80, 0x000002a1f9468b70, 0x000002a1f9485d70, 0x000002a1f94870b0,
0x000002a1f9487f20, 0x000002a1f2f8b520, 0x000002a1f2f889d0, 0x000002a1f2f854e0,
0x000002a1f2f8b050, 0x000002a1f2f89d10, 0x000002a1f2f84b40, 0x000002a1f2f88030
}

Java Threads: ( => current thread )
  0x000002a1d6182790 JavaThread "main" [_thread_blocked, id=8328, stack(0x000000fe32100000,0x000000fe32200000)]
  0x000002a1f280ad80 JavaThread "Reference Handler" daemon [_thread_blocked, id=5980, stack(0x000000fe32800000,0x000000fe32900000)]
  0x000002a1f280cd40 JavaThread "Finalizer" daemon [_thread_blocked, id=16316, stack(0x000000fe32900000,0x000000fe32a00000)]
  0x000002a1f2867450 JavaThread "Signal Dispatcher" daemon [_thread_blocked, id=13368, stack(0x000000fe32a00000,0x000000fe32b00000)]
  0x000002a1f2868000 JavaThread "Attach Listener" daemon [_thread_blocked, id=6824, stack(0x000000fe32b00000,0x000000fe32c00000)]
  0x000002a1f2868dc0 JavaThread "Service Thread" daemon [_thread_blocked, id=2632, stack(0x000000fe32c00000,0x000000fe32d00000)]
  0x000002a1f286b780 JavaThread "Monitor Deflation Thread" daemon [_thread_blocked, id=8488, stack(0x000000fe32d00000,0x000000fe32e00000)]
  0x000002a1f286e930 JavaThread "C2 CompilerThread0" daemon [_thread_in_native, id=4428, stack(0x000000fe32e00000,0x000000fe32f00000)]
  0x000002a1f28773e0 JavaThread "C1 CompilerThread0" daemon [_thread_blocked, id=2920, stack(0x000000fe32f00000,0x000000fe33000000)]
  0x000002a1f287b6e0 JavaThread "Sweeper thread" daemon [_thread_blocked, id=8168, stack(0x000000fe33000000,0x000000fe33100000)]
  0x000002a1f2a02da0 JavaThread "Common-Cleaner" daemon [_thread_blocked, id=10220, stack(0x000000fe33100000,0x000000fe33200000)]
  0x000002a1f2a096a0 JavaThread "Notification Thread" daemon [_thread_blocked, id=12028, stack(0x000000fe33200000,0x000000fe33300000)]
  0x000002a1f573e260 JavaThread "Daemon health stats" [_thread_blocked, id=13612, stack(0x000000fe33a00000,0x000000fe33b00000)]
  0x000002a1f573d3f0 JavaThread "Incoming local TCP Connector on port 60345" [_thread_in_native, id=8124, stack(0x000000fe33b00000,0x000000fe33c00000)]
  0x000002a1f573ca50 JavaThread "Daemon periodic checks" [_thread_blocked, id=15120, stack(0x000000fe33c00000,0x000000fe33d00000)]
  0x000002a1f573d8c0 JavaThread "Daemon" [_thread_blocked, id=13548, stack(0x000000fe33d00000,0x000000fe33e00000)]
  0x000002a1f573bbe0 JavaThread "Handler for socket connection from /127.0.0.1:60345 to /127.0.0.1:60346" [_thread_in_native, id=5740, stack(0x000000fe33e00000,0x000000fe33f00000)]
  0x000002a1f573c580 JavaThread "Cancel handler" [_thread_blocked, id=15500, stack(0x000000fe33f00000,0x000000fe34000000)]
  0x000002a1f573f5a0 JavaThread "Daemon worker" [_thread_blocked, id=4024, stack(0x000000fe34000000,0x000000fe34100000)]
  0x000002a1f573e730 JavaThread "Asynchronous log dispatcher for DefaultDaemonConnection: socket connection from /127.0.0.1:60345 to /127.0.0.1:60346" [_thread_blocked, id=10612, stack(0x000000fe34100000,0x000000fe34200000)]
  0x000002a1f573c0b0 JavaThread "Stdin handler" [_thread_blocked, id=828, stack(0x000000fe34200000,0x000000fe34300000)]
  0x000002a1f573dd90 JavaThread "Daemon client event forwarder" [_thread_blocked, id=1540, stack(0x000000fe34300000,0x000000fe34400000)]
  0x000002a1f573ec00 JavaThread "Cache worker for journal cache (C:\Users\yk5fe\.gradle\caches\journal-1)" [_thread_blocked, id=8700, stack(0x000000fe34800000,0x000000fe34900000)]
  0x000002a1f573f0d0 JavaThread "File lock request listener" [_thread_in_native, id=5352, stack(0x000000fe34900000,0x000000fe34a00000)]
  0x000002a1f6711c80 JavaThread "Cache worker for file hash cache (C:\Users\yk5fe\.gradle\caches\8.0\fileHashes)" [_thread_blocked, id=3984, stack(0x000000fe34a00000,0x000000fe34b00000)]
  0x000002a1f6714ca0 JavaThread "File watcher server" daemon [_thread_blocked, id=10744, stack(0x000000fe34b00000,0x000000fe34c00000)]
  0x000002a1f67117b0 JavaThread "File watcher consumer" daemon [_thread_blocked, id=14736, stack(0x000000fe34c00000,0x000000fe34d00000)]
  0x000002a1f6712150 JavaThread "Cache worker for checksums cache (C:\Users\yk5fe\AndroidStudioProjects\Network_YGC\.gradle\8.0\checksums)" [_thread_blocked, id=11744, stack(0x000000fe34d00000,0x000000fe34e00000)]
  0x000002a1f6716980 JavaThread "Cache worker for cache directory md-rule (C:\Users\yk5fe\.gradle\caches\8.0\md-rule)" [_thread_blocked, id=8264, stack(0x000000fe34e00000,0x000000fe34f00000)]
  0x000002a1f6713e30 JavaThread "Cache worker for file content cache (C:\Users\yk5fe\.gradle\caches\8.0\fileContent)" [_thread_blocked, id=1852, stack(0x000000fe34f00000,0x000000fe35000000)]
  0x000002a1f6710470 JavaThread "Cache worker for file hash cache (C:\Users\yk5fe\AndroidStudioProjects\Network_YGC\.gradle\8.0\fileHashes)" [_thread_blocked, id=1328, stack(0x000000fe35000000,0x000000fe35100000)]
  0x000002a1f6716e50 JavaThread "Cache worker for cache directory md-supplier (C:\Users\yk5fe\.gradle\caches\8.0\md-supplier)" [_thread_blocked, id=4076, stack(0x000000fe35100000,0x000000fe35200000)]
  0x000002a1f6712620 JavaThread "Cache worker for execution history cache (C:\Users\yk5fe\.gradle\caches\8.0\executionHistory)" [_thread_blocked, id=8612, stack(0x000000fe35200000,0x000000fe35300000)]
  0x000002a1f6715640 JavaThread "jar transforms" [_thread_blocked, id=5520, stack(0x000000fe35300000,0x000000fe35400000)]
  0x000002a1f6712af0 JavaThread "jar transforms Thread 2" [_thread_blocked, id=7804, stack(0x000000fe35400000,0x000000fe35500000)]
  0x000002a1f67147d0 JavaThread "Cache worker for kotlin-dsl (C:\Users\yk5fe\.gradle\caches\8.0\kotlin-dsl)" [_thread_blocked, id=7520, stack(0x000000fe35600000,0x000000fe35700000)]
  0x000002a1f67177f0 JavaThread "jar transforms Thread 3" [_thread_blocked, id=11644, stack(0x000000fe35700000,0x000000fe35800000)]
  0x000002a1f670ffa0 JavaThread "jar transforms Thread 4" [_thread_blocked, id=14352, stack(0x000000fe35800000,0x000000fe35900000)]
  0x000002a1f6713960 JavaThread "Cache worker for dependencies-accessors (C:\Users\yk5fe\AndroidStudioProjects\Network_YGC\.gradle\8.0\dependencies-accessors)" [_thread_blocked, id=4636, stack(0x000000fe35900000,0x000000fe35a00000)]
  0x000002a1f6715b10 JavaThread "Cache worker for Build Output Cleanup Cache (C:\Users\yk5fe\AndroidStudioProjects\Network_YGC\.gradle\buildOutputCleanup)" [_thread_blocked, id=10688, stack(0x000000fe35a00000,0x000000fe35b00000)]
  0x000002a1f67164b0 JavaThread "jar transforms Thread 5" [_thread_blocked, id=8340, stack(0x000000fe35b00000,0x000000fe35c00000)]
  0x000002a1f6710e10 JavaThread "Unconstrained build operations" [_thread_blocked, id=8596, stack(0x000000fe35c00000,0x000000fe35d00000)]
  0x000002a1f67112e0 JavaThread "Unconstrained build operations Thread 2" [_thread_blocked, id=7976, stack(0x000000fe35d00000,0x000000fe35e00000)]
  0x000002a1f80d5b60 JavaThread "Unconstrained build operations Thread 3" [_thread_blocked, id=12784, stack(0x000000fe35e00000,0x000000fe35f00000)]
  0x000002a1f80d1cd0 JavaThread "Unconstrained build operations Thread 4" [_thread_blocked, id=14804, stack(0x000000fe35f00000,0x000000fe36000000)]
  0x000002a1f80d4350 JavaThread "Unconstrained build operations Thread 5" [_thread_blocked, id=6080, stack(0x000000fe36000000,0x000000fe36100000)]
  0x000002a1f80d6ea0 JavaThread "Unconstrained build operations Thread 6" [_thread_blocked, id=9984, stack(0x000000fe36100000,0x000000fe36200000)]
  0x000002a1f80d6030 JavaThread "Unconstrained build operations Thread 7" [_thread_blocked, id=9704, stack(0x000000fe36200000,0x000000fe36300000)]
  0x000002a1f80d7840 JavaThread "Unconstrained build operations Thread 8" [_thread_blocked, id=3612, stack(0x000000fe36300000,0x000000fe36400000)]
  0x000002a1f80d51c0 JavaThread "Unconstrained build operations Thread 9" [_thread_blocked, id=11084, stack(0x000000fe36400000,0x000000fe36500000)]
  0x000002a1f80d4820 JavaThread "Unconstrained build operations Thread 10" [_thread_blocked, id=7356, stack(0x000000fe36500000,0x000000fe36600000)]
  0x000002a1f80d4cf0 JavaThread "Unconstrained build operations Thread 11" [_thread_blocked, id=10228, stack(0x000000fe36600000,0x000000fe36700000)]
  0x000002a1f80d21a0 JavaThread "Unconstrained build operations Thread 12" [_thread_blocked, id=15136, stack(0x000000fe36700000,0x000000fe36800000)]
  0x000002a1f80d39b0 JavaThread "Unconstrained build operations Thread 13" [_thread_blocked, id=9168, stack(0x000000fe36800000,0x000000fe36900000)]
  0x000002a1f80d86b0 JavaThread "Unconstrained build operations Thread 14" [_thread_blocked, id=6896, stack(0x000000fe36900000,0x000000fe36a00000)]
  0x000002a1f80d6500 JavaThread "Unconstrained build operations Thread 15" [_thread_blocked, id=14948, stack(0x000000fe36a00000,0x000000fe36b00000)]
  0x000002a1f80d5690 JavaThread "Unconstrained build operations Thread 16" [_thread_blocked, id=14028, stack(0x000000fe36b00000,0x000000fe36c00000)]
  0x000002a1f80d3e80 JavaThread "Unconstrained build operations Thread 17" [_thread_blocked, id=9780, stack(0x000000fe36c00000,0x000000fe36d00000)]
  0x000002a1f80d7d10 JavaThread "Unconstrained build operations Thread 18" [_thread_blocked, id=2560, stack(0x000000fe36d00000,0x000000fe36e00000)]
  0x000002a1f80d69d0 JavaThread "Unconstrained build operations Thread 19" [_thread_blocked, id=4160, stack(0x000000fe36e00000,0x000000fe36f00000)]
  0x000002a1f80d1330 JavaThread "Unconstrained build operations Thread 20" [_thread_blocked, id=14340, stack(0x000000fe36f00000,0x000000fe37000000)]
  0x000002a1f80d7370 JavaThread "Unconstrained build operations Thread 21" [_thread_blocked, id=15484, stack(0x000000fe37000000,0x000000fe37100000)]
  0x000002a1f80d2670 JavaThread "Unconstrained build operations Thread 22" [_thread_blocked, id=15132, stack(0x000000fe37100000,0x000000fe37200000)]
  0x000002a1f80d2b40 JavaThread "Unconstrained build operations Thread 23" [_thread_blocked, id=6292, stack(0x000000fe37200000,0x000000fe37300000)]
  0x000002a1f80d81e0 JavaThread "Unconstrained build operations Thread 24" [_thread_blocked, id=12464, stack(0x000000fe37300000,0x000000fe37400000)]
  0x000002a1f80d0e60 JavaThread "Unconstrained build operations Thread 25" [_thread_blocked, id=8640, stack(0x000000fe37400000,0x000000fe37500000)]
  0x000002a1f80d1800 JavaThread "Unconstrained build operations Thread 26" [_thread_blocked, id=7088, stack(0x000000fe37500000,0x000000fe37600000)]
  0x000002a1f80d3010 JavaThread "Unconstrained build operations Thread 27" [_thread_blocked, id=12968, stack(0x000000fe37600000,0x000000fe37700000)]
  0x000002a1f80d34e0 JavaThread "Unconstrained build operations Thread 28" [_thread_blocked, id=15880, stack(0x000000fe37700000,0x000000fe37800000)]
  0x000002a1f6a08650 JavaThread "Unconstrained build operations Thread 29" [_thread_blocked, id=2928, stack(0x000000fe37800000,0x000000fe37900000)]
  0x000002a1f6a0a800 JavaThread "Unconstrained build operations Thread 30" [_thread_blocked, id=1092, stack(0x000000fe37900000,0x000000fe37a00000)]
  0x000002a1f6a05630 JavaThread "Unconstrained build operations Thread 31" [_thread_blocked, id=9200, stack(0x000000fe37a00000,0x000000fe37b00000)]
  0x000002a1f6a0acd0 JavaThread "Unconstrained build operations Thread 32" [_thread_blocked, id=10208, stack(0x000000fe37b00000,0x000000fe37c00000)]
  0x000002a1f6a03480 JavaThread "Unconstrained build operations Thread 33" [_thread_blocked, id=5024, stack(0x000000fe37c00000,0x000000fe37d00000)]
  0x000002a1f6a09990 JavaThread "Unconstrained build operations Thread 34" [_thread_blocked, id=11092, stack(0x000000fe37d00000,0x000000fe37e00000)]
  0x000002a1f6a03e20 JavaThread "Unconstrained build operations Thread 35" [_thread_blocked, id=2908, stack(0x000000fe37e00000,0x000000fe37f00000)]
  0x000002a1f6a03950 JavaThread "Unconstrained build operations Thread 36" [_thread_blocked, id=15704, stack(0x000000fe37f00000,0x000000fe38000000)]
  0x000002a1f6a042f0 JavaThread "Unconstrained build operations Thread 37" [_thread_blocked, id=11612, stack(0x000000fe38000000,0x000000fe38100000)]
  0x000002a1f6a047c0 JavaThread "Unconstrained build operations Thread 38" [_thread_blocked, id=7160, stack(0x000000fe38100000,0x000000fe38200000)]
  0x000002a1f6a05b00 JavaThread "Unconstrained build operations Thread 39" [_thread_blocked, id=4612, stack(0x000000fe38200000,0x000000fe38300000)]
  0x000002a1f6a04c90 JavaThread "Unconstrained build operations Thread 40" [_thread_blocked, id=11472, stack(0x000000fe38300000,0x000000fe38400000)]
  0x000002a1f6a09e60 JavaThread "Unconstrained build operations Thread 41" [_thread_blocked, id=7444, stack(0x000000fe38400000,0x000000fe38500000)]
  0x000002a1f6a05160 JavaThread "Unconstrained build operations Thread 42" [_thread_blocked, id=4532, stack(0x000000fe38500000,0x000000fe38600000)]
  0x000002a1f6a05fd0 JavaThread "Unconstrained build operations Thread 43" [_thread_blocked, id=3760, stack(0x000000fe38600000,0x000000fe38700000)]
  0x000002a1f6a06e40 JavaThread "Unconstrained build operations Thread 44" [_thread_blocked, id=4108, stack(0x000000fe38700000,0x000000fe38800000)]
  0x000002a1f6a06970 JavaThread "Unconstrained build operations Thread 45" [_thread_blocked, id=10492, stack(0x000000fe38800000,0x000000fe38900000)]
  0x000002a1f6a0a330 JavaThread "Unconstrained build operations Thread 46" [_thread_blocked, id=12556, stack(0x000000fe38900000,0x000000fe38a00000)]
  0x000002a1f6a08b20 JavaThread "Unconstrained build operations Thread 47" [_thread_blocked, id=12780, stack(0x000000fe38a00000,0x000000fe38b00000)]
  0x000002a1f6a064a0 JavaThread "Unconstrained build operations Thread 48" [_thread_blocked, id=4128, stack(0x000000fe38b00000,0x000000fe38c00000)]
  0x000002a1f6a07310 JavaThread "Unconstrained build operations Thread 49" [_thread_blocked, id=15872, stack(0x000000fe38c00000,0x000000fe38d00000)]
  0x000002a1f6a077e0 JavaThread "Unconstrained build operations Thread 50" [_thread_blocked, id=14200, stack(0x000000fe38d00000,0x000000fe38e00000)]
  0x000002a1f6a07cb0 JavaThread "Unconstrained build operations Thread 51" [_thread_blocked, id=12928, stack(0x000000fe38e00000,0x000000fe38f00000)]
  0x000002a1f6a08180 JavaThread "Unconstrained build operations Thread 52" [_thread_blocked, id=11948, stack(0x000000fe38f00000,0x000000fe39000000)]
  0x000002a1f6a08ff0 JavaThread "Unconstrained build operations Thread 53" [_thread_blocked, id=10524, stack(0x000000fe39000000,0x000000fe39100000)]
  0x000002a1f6a094c0 JavaThread "Unconstrained build operations Thread 54" [_thread_blocked, id=6280, stack(0x000000fe39100000,0x000000fe39200000)]
  0x000002a1f8b10fd0 JavaThread "Unconstrained build operations Thread 55" [_thread_blocked, id=9364, stack(0x000000fe39200000,0x000000fe39300000)]
  0x000002a1f8b0f7c0 JavaThread "Unconstrained build operations Thread 56" [_thread_blocked, id=10864, stack(0x000000fe39300000,0x000000fe39400000)]
  0x000002a1f8b10b00 JavaThread "Unconstrained build operations Thread 57" [_thread_blocked, id=12360, stack(0x000000fe39400000,0x000000fe39500000)]
  0x000002a1f8b16b40 JavaThread "Unconstrained build operations Thread 58" [_thread_blocked, id=12752, stack(0x000000fe39500000,0x000000fe39600000)]
  0x000002a1f8b161a0 JavaThread "Unconstrained build operations Thread 59" [_thread_blocked, id=3008, stack(0x000000fe39600000,0x000000fe39700000)]
  0x000002a1f8b16670 JavaThread "Unconstrained build operations Thread 60" [_thread_blocked, id=9272, stack(0x000000fe39700000,0x000000fe39800000)]
  0x000002a1f8b14990 JavaThread "Unconstrained build operations Thread 61" [_thread_blocked, id=13900, stack(0x000000fe39800000,0x000000fe39900000)]
  0x000002a1f8b127e0 JavaThread "Unconstrained build operations Thread 62" [_thread_blocked, id=10904, stack(0x000000fe39900000,0x000000fe39a00000)]
  0x000002a1f8b12310 JavaThread "Unconstrained build operations Thread 63" [_thread_blocked, id=11296, stack(0x000000fe39a00000,0x000000fe39b00000)]
  0x000002a1f8b13b20 JavaThread "Unconstrained build operations Thread 64" [_thread_blocked, id=13108, stack(0x000000fe39b00000,0x000000fe39c00000)]
  0x000002a1f8b17010 JavaThread "Unconstrained build operations Thread 65" [_thread_blocked, id=11316, stack(0x000000fe39c00000,0x000000fe39d00000)]
  0x000002a1f8b12cb0 JavaThread "Unconstrained build operations Thread 66" [_thread_blocked, id=14656, stack(0x000000fe39d00000,0x000000fe39e00000)]
  0x000002a1f8b10630 JavaThread "Unconstrained build operations Thread 67" [_thread_blocked, id=7952, stack(0x000000fe39e00000,0x000000fe39f00000)]
  0x000002a1f8b114a0 JavaThread "Unconstrained build operations Thread 68" [_thread_blocked, id=15060, stack(0x000000fe39f00000,0x000000fe3a000000)]
  0x000002a1f8b13650 JavaThread "Unconstrained build operations Thread 69" [_thread_blocked, id=6284, stack(0x000000fe3a000000,0x000000fe3a100000)]
  0x000002a1f8b11970 JavaThread "Unconstrained build operations Thread 70" [_thread_blocked, id=9692, stack(0x000000fe3a100000,0x000000fe3a200000)]
  0x000002a1f8b13180 JavaThread "Unconstrained build operations Thread 71" [_thread_blocked, id=15896, stack(0x000000fe3a200000,0x000000fe3a300000)]
  0x000002a1f8b15330 JavaThread "Unconstrained build operations Thread 72" [_thread_blocked, id=7944, stack(0x000000fe3a300000,0x000000fe3a400000)]
  0x000002a1f8b0fc90 JavaThread "Unconstrained build operations Thread 73" [_thread_blocked, id=15944, stack(0x000000fe3a400000,0x000000fe3a500000)]
  0x000002a1f8b10160 JavaThread "Unconstrained build operations Thread 74" [_thread_blocked, id=15344, stack(0x000000fe3a500000,0x000000fe3a600000)]
  0x000002a1f8b144c0 JavaThread "Unconstrained build operations Thread 75" [_thread_blocked, id=15168, stack(0x000000fe3a600000,0x000000fe3a700000)]
  0x000002a1f8b14e60 JavaThread "Unconstrained build operations Thread 76" [_thread_blocked, id=13060, stack(0x000000fe3a700000,0x000000fe3a800000)]
  0x000002a1f8b13ff0 JavaThread "Unconstrained build operations Thread 77" [_thread_blocked, id=2620, stack(0x000000fe3a800000,0x000000fe3a900000)]
  0x000002a1f8b11e40 JavaThread "Unconstrained build operations Thread 78" [_thread_blocked, id=16276, stack(0x000000fe3a900000,0x000000fe3aa00000)]
  0x000002a1f8b15800 JavaThread "Unconstrained build operations Thread 79" [_thread_blocked, id=3296, stack(0x000000fe3aa00000,0x000000fe3ab00000)]
  0x000002a1f8b15cd0 JavaThread "Unconstrained build operations Thread 80" [_thread_blocked, id=16036, stack(0x000000fe3ab00000,0x000000fe3ac00000)]
  0x000002a1f94858a0 JavaThread "jar transforms Thread 6" [_thread_blocked, id=7884, stack(0x000000fe3ac00000,0x000000fe3ad00000)]
  0x000002a1f948a0d0 JavaThread "jar transforms Thread 7" [_thread_blocked, id=5528, stack(0x000000fe3ad00000,0x000000fe3ae00000)]
  0x000002a1f948a5a0 JavaThread "jar transforms Thread 8" [_thread_blocked, id=12820, stack(0x000000fe3ae00000,0x000000fe3af00000)]
  0x000002a1f9486710 JavaThread "build event listener" [_thread_blocked, id=14728, stack(0x000000fe3af00000,0x000000fe3b000000)]
  0x000002a1f9484a30 JavaThread "Memory manager" [_thread_blocked, id=12264, stack(0x000000fe3b000000,0x000000fe3b100000)]
  0x000002a1f9488d90 JavaThread "build event listener" [_thread_blocked, id=5348, stack(0x000000fe3b100000,0x000000fe3b200000)]
  0x000002a1f9487580 JavaThread "build event listener" [_thread_blocked, id=1608, stack(0x000000fe3b200000,0x000000fe3b300000)]
  0x000002a1f2d8bf80 JavaThread "C2 CompilerThread1" daemon [_thread_blocked, id=11076, stack(0x000000fe33400000,0x000000fe33500000)]
  0x000002a1f9468b70 JavaThread "C2 CompilerThread2" daemon [_thread_in_native, id=2316, stack(0x000000fe33500000,0x000000fe33600000)]
  0x000002a1f9485d70 JavaThread "included builds" [_thread_blocked, id=13812, stack(0x000000fe3b300000,0x000000fe3b400000)]
  0x000002a1f94870b0 JavaThread "Execution worker" [_thread_blocked, id=7072, stack(0x000000fe3b400000,0x000000fe3b500000)]
  0x000002a1f9487f20 JavaThread "Execution worker Thread 2" [_thread_blocked, id=14708, stack(0x000000fe3b500000,0x000000fe3b600000)]
  0x000002a1f2f8b520 JavaThread "Execution worker Thread 3" [_thread_blocked, id=3076, stack(0x000000fe3b600000,0x000000fe3b700000)]
  0x000002a1f2f889d0 JavaThread "Execution worker Thread 4" [_thread_blocked, id=12844, stack(0x000000fe3b700000,0x000000fe3b800000)]
  0x000002a1f2f854e0 JavaThread "Execution worker Thread 5" [_thread_blocked, id=13984, stack(0x000000fe3b800000,0x000000fe3b900000)]
  0x000002a1f2f8b050 JavaThread "Execution worker Thread 6" [_thread_blocked, id=12496, stack(0x000000fe3b900000,0x000000fe3ba00000)]
  0x000002a1f2f89d10 JavaThread "Execution worker Thread 7" [_thread_blocked, id=800, stack(0x000000fe3ba00000,0x000000fe3bb00000)]
  0x000002a1f2f84b40 JavaThread "Cache worker for execution history cache (C:\Users\yk5fe\AndroidStudioProjects\Network_YGC\.gradle\8.0\executionHistory)" [_thread_blocked, id=4708, stack(0x000000fe3bb00000,0x000000fe3bc00000)]
  0x000002a1f2f88030 JavaThread "WorkerExecutor Queue" [_thread_blocked, id=4464, stack(0x000000fe3bc00000,0x000000fe3bd00000)]

Other Threads:
=>0x000002a1f28081d0 VMThread "VM Thread" [stack: 0x000000fe32700000,0x000000fe32800000] [id=1512]
  0x000002a1f28224e0 WatcherThread [stack: 0x000000fe33300000,0x000000fe33400000] [id=12108]
  0x000002a1d61db6c0 GCTaskThread "GC Thread#0" [stack: 0x000000fe32200000,0x000000fe32300000] [id=15156]
  0x000002a1f352b090 GCTaskThread "GC Thread#1" [stack: 0x000000fe33600000,0x000000fe33700000] [id=10784]
  0x000002a1f352b340 GCTaskThread "GC Thread#2" [stack: 0x000000fe33700000,0x000000fe33800000] [id=6696]
  0x000002a1f3d1f5b0 GCTaskThread "GC Thread#3" [stack: 0x000000fe33800000,0x000000fe33900000] [id=12860]
  0x000002a1f2d8ad40 GCTaskThread "GC Thread#4" [stack: 0x000000fe33900000,0x000000fe33a00000] [id=15608]
  0x000002a1f5bc5eb0 GCTaskThread "GC Thread#5" [stack: 0x000000fe34400000,0x000000fe34500000] [id=7872]
  0x000002a1f40fa080 GCTaskThread "GC Thread#6" [stack: 0x000000fe34500000,0x000000fe34600000] [id=3480]
  0x000002a1f501d110 GCTaskThread "GC Thread#7" [stack: 0x000000fe34600000,0x000000fe34700000] [id=3652]
  0x000002a1d61ec600 ConcurrentGCThread "G1 Main Marker" [stack: 0x000000fe32300000,0x000000fe32400000] [id=13772]
  0x000002a1d61ed010 ConcurrentGCThread "G1 Conc#0" [stack: 0x000000fe32400000,0x000000fe32500000] [id=10184]
  0x000002a1f3b1d940 ConcurrentGCThread "G1 Conc#1" [stack: 0x000000fe34700000,0x000000fe34800000] [id=3212]
  0x000002a1d623e010 ConcurrentGCThread "G1 Refine#0" [stack: 0x000000fe32500000,0x000000fe32600000] [id=13788]
  0x000002a1f5e24e20 ConcurrentGCThread "G1 Refine#1" [stack: 0x000000fe35500000,0x000000fe35600000] [id=7468]
  0x000002a1d623ea30 ConcurrentGCThread "G1 Service" [stack: 0x000000fe32600000,0x000000fe32700000] [id=9104]

Threads with active compile tasks:
C2 CompilerThread0    12866 12222       4       org.gradle.internal.snapshot.impl.AbstractValueProcessor::processValue (775 bytes)
C1 CompilerThread0    12866 12336   !   3       java.lang.invoke.BoundMethodHandle$Species_L::copyWithExtendL (31 bytes)
C2 CompilerThread1    12866 12231       4       java.util.regex.Pattern::compile (500 bytes)
C2 CompilerThread2    12866 12211       4       java.lang.reflect.Constructor::newInstanceWithCaller (75 bytes)

VM state: at safepoint (normal execution)

VM Mutex/Monitor currently owned by a thread:  ([mutex/lock_event])
[0x000002a1d617f900] Threads_lock - owner thread: 0x000002a1f28081d0
[0x000002a1d617fab0] Heap_lock - owner thread: 0x000002a1f9487f20

Heap address: 0x0000000080000000, size: 2048 MB, Compressed Oops mode: 32-bit

CDS archive(s) not mapped
Compressed class space mapped at: 0x0000000100000000-0x0000000140000000, reserved size: 1073741824
Narrow klass base: 0x0000000000000000, Narrow klass shift: 3, Narrow klass range: 0x140000000

GC Precious Log:
 CPUs: 8 total, 8 available
 Memory: 12037M
 Large Page Support: Disabled
 NUMA Support: Disabled
 Compressed Oops: Enabled (32-bit)
 Heap Region Size: 1M
 Heap Min Capacity: 8M
 Heap Initial Capacity: 190M
 Heap Max Capacity: 2G
 Pre-touch: Disabled
 Parallel Workers: 8
 Concurrent Workers: 2
 Concurrent Refinement Workers: 8
 Periodic GC: Disabled

Heap:
 garbage-first heap   total 194560K, used 100497K [0x0000000080000000, 0x0000000100000000)
  region size 1024K, 1 young (1024K), 1 survivors (1024K)
 Metaspace       used 99934K, committed 100672K, reserved 1138688K
  class space    used 13727K, committed 14080K, reserved 1048576K

Heap Regions: E=young(eden), S=young(survivor), O=old, HS=humongous(starts), HC=humongous(continues), CS=collection set, F=free, OA=open archive, CA=closed archive, TAMS=top-at-mark-start (previous, next)
|   0|0x0000000080000000, 0x0000000080100000, 0x0000000080100000|100%|HS|  |TAMS 0x0000000080100000, 0x0000000080000000| Complete 
|   1|0x0000000080100000, 0x0000000080200000, 0x0000000080200000|100%|HC|  |TAMS 0x0000000080200000, 0x0000000080100000| Complete 
|   2|0x0000000080200000, 0x0000000080300000, 0x0000000080300000|100%|HC|  |TAMS 0x0000000080300000, 0x0000000080200000| Complete 
|   3|0x0000000080300000, 0x0000000080400000, 0x0000000080400000|100%|HC|  |TAMS 0x0000000080400000, 0x0000000080300000| Complete 
|   4|0x0000000080400000, 0x0000000080500000, 0x0000000080500000|100%| O|  |TAMS 0x0000000080500000, 0x0000000080400000| Untracked 
|   5|0x0000000080500000, 0x0000000080600000, 0x0000000080600000|100%| O|  |TAMS 0x0000000080600000, 0x0000000080500000| Untracked 
|   6|0x0000000080600000, 0x0000000080700000, 0x0000000080700000|100%| O|  |TAMS 0x0000000080700000, 0x0000000080600000| Untracked 
|   7|0x0000000080700000, 0x0000000080800000, 0x0000000080800000|100%| O|  |TAMS 0x0000000080800000, 0x0000000080700000| Untracked 
|   8|0x0000000080800000, 0x0000000080900000, 0x0000000080900000|100%| O|  |TAMS 0x0000000080900000, 0x0000000080800000| Untracked 
|   9|0x0000000080900000, 0x0000000080a00000, 0x0000000080a00000|100%| O|  |TAMS 0x0000000080a00000, 0x0000000080900000| Untracked 
|  10|0x0000000080a00000, 0x0000000080b00000, 0x0000000080b00000|100%| O|  |TAMS 0x0000000080b00000, 0x0000000080a00000| Untracked 
|  11|0x0000000080b00000, 0x0000000080c00000, 0x0000000080c00000|100%| O|  |TAMS 0x0000000080c00000, 0x0000000080b00000| Untracked 
|  12|0x0000000080c00000, 0x0000000080d00000, 0x0000000080d00000|100%| O|  |TAMS 0x0000000080d00000, 0x0000000080c00000| Untracked 
|  13|0x0000000080d00000, 0x0000000080e00000, 0x0000000080e00000|100%| O|  |TAMS 0x0000000080e00000, 0x0000000080d00000| Untracked 
|  14|0x0000000080e00000, 0x0000000080f00000, 0x0000000080f00000|100%| O|  |TAMS 0x0000000080f00000, 0x0000000080e00000| Untracked 
|  15|0x0000000080f00000, 0x0000000081000000, 0x0000000081000000|100%| O|  |TAMS 0x0000000081000000, 0x0000000080f00000| Untracked 
|  16|0x0000000081000000, 0x0000000081100000, 0x0000000081100000|100%| O|  |TAMS 0x0000000081100000, 0x0000000081000000| Untracked 
|  17|0x0000000081100000, 0x0000000081200000, 0x0000000081200000|100%| O|  |TAMS 0x0000000081200000, 0x0000000081100000| Untracked 
|  18|0x0000000081200000, 0x0000000081300000, 0x0000000081300000|100%| O|  |TAMS 0x0000000081300000, 0x0000000081200000| Untracked 
|  19|0x0000000081300000, 0x0000000081400000, 0x0000000081400000|100%| O|  |TAMS 0x0000000081400000, 0x0000000081300000| Untracked 
|  20|0x0000000081400000, 0x0000000081500000, 0x0000000081500000|100%| O|  |TAMS 0x0000000081500000, 0x0000000081400000| Untracked 
|  21|0x0000000081500000, 0x0000000081600000, 0x0000000081600000|100%| O|  |TAMS 0x0000000081600000, 0x0000000081500000| Untracked 
|  22|0x0000000081600000, 0x0000000081700000, 0x0000000081700000|100%| O|  |TAMS 0x0000000081700000, 0x0000000081600000| Untracked 
|  23|0x0000000081700000, 0x0000000081800000, 0x0000000081800000|100%| O|  |TAMS 0x0000000081800000, 0x0000000081700000| Untracked 
|  24|0x0000000081800000, 0x0000000081900000, 0x0000000081900000|100%| O|  |TAMS 0x0000000081900000, 0x0000000081800000| Untracked 
|  25|0x0000000081900000, 0x0000000081a00000, 0x0000000081a00000|100%| O|  |TAMS 0x0000000081a00000, 0x0000000081900000| Untracked 
|  26|0x0000000081a00000, 0x0000000081b00000, 0x0000000081b00000|100%| O|  |TAMS 0x0000000081b00000, 0x0000000081a00000| Untracked 
|  27|0x0000000081b00000, 0x0000000081c00000, 0x0000000081c00000|100%| O|  |TAMS 0x0000000081c00000, 0x0000000081b00000| Untracked 
|  28|0x0000000081c00000, 0x0000000081d00000, 0x0000000081d00000|100%| O|  |TAMS 0x0000000081d00000, 0x0000000081c00000| Untracked 
|  29|0x0000000081d00000, 0x0000000081e00000, 0x0000000081e00000|100%| O|  |TAMS 0x0000000081e00000, 0x0000000081d00000| Untracked 
|  30|0x0000000081e00000, 0x0000000081f00000, 0x0000000081f00000|100%| O|  |TAMS 0x0000000081f00000, 0x0000000081e00000| Untracked 
|  31|0x0000000081f00000, 0x0000000082000000, 0x0000000082000000|100%| O|  |TAMS 0x0000000082000000, 0x0000000081f00000| Untracked 
|  32|0x0000000082000000, 0x0000000082100000, 0x0000000082100000|100%|HS|  |TAMS 0x0000000082100000, 0x0000000082000000| Complete 
|  33|0x0000000082100000, 0x0000000082200000, 0x0000000082200000|100%|HS|  |TAMS 0x0000000082200000, 0x0000000082100000| Complete 
|  34|0x0000000082200000, 0x0000000082300000, 0x0000000082300000|100%|HS|  |TAMS 0x0000000082300000, 0x0000000082200000| Complete 
|  35|0x0000000082300000, 0x0000000082400000, 0x0000000082400000|100%|HC|  |TAMS 0x0000000082400000, 0x0000000082300000| Complete 
|  36|0x0000000082400000, 0x0000000082500000, 0x0000000082500000|100%| O|  |TAMS 0x0000000082500000, 0x0000000082400000| Untracked 
|  37|0x0000000082500000, 0x0000000082600000, 0x0000000082600000|100%| O|  |TAMS 0x0000000082600000, 0x0000000082500000| Untracked 
|  38|0x0000000082600000, 0x0000000082700000, 0x0000000082700000|100%| O|  |TAMS 0x0000000082700000, 0x0000000082600000| Untracked 
|  39|0x0000000082700000, 0x0000000082800000, 0x0000000082800000|100%|HS|  |TAMS 0x0000000082800000, 0x0000000082700000| Complete 
|  40|0x0000000082800000, 0x0000000082900000, 0x0000000082900000|100%|HS|  |TAMS 0x0000000082900000, 0x0000000082800000| Complete 
|  41|0x0000000082900000, 0x0000000082a00000, 0x0000000082a00000|100%|HC|  |TAMS 0x0000000082a00000, 0x0000000082900000| Complete 
|  42|0x0000000082a00000, 0x0000000082b00000, 0x0000000082b00000|100%|HC|  |TAMS 0x0000000082b00000, 0x0000000082a00000| Complete 
|  43|0x0000000082b00000, 0x0000000082c00000, 0x0000000082c00000|100%|HC|  |TAMS 0x0000000082c00000, 0x0000000082b00000| Complete 
|  44|0x0000000082c00000, 0x0000000082d00000, 0x0000000082d00000|100%| O|  |TAMS 0x0000000082d00000, 0x0000000082c00000| Untracked 
|  45|0x0000000082d00000, 0x0000000082e00000, 0x0000000082e00000|100%| O|  |TAMS 0x0000000082e00000, 0x0000000082d00000| Untracked 
|  46|0x0000000082e00000, 0x0000000082f00000, 0x0000000082f00000|100%| O|  |TAMS 0x0000000082f00000, 0x0000000082e00000| Untracked 
|  47|0x0000000082f00000, 0x0000000083000000, 0x0000000083000000|100%| O|  |TAMS 0x0000000083000000, 0x0000000082f00000| Untracked 
|  48|0x0000000083000000, 0x0000000083100000, 0x0000000083100000|100%| O|  |TAMS 0x0000000083100000, 0x0000000083000000| Untracked 
|  49|0x0000000083100000, 0x0000000083100000, 0x0000000083200000|  0%| F|  |TAMS 0x0000000083100000, 0x0000000083100000| Untracked 
|  50|0x0000000083200000, 0x0000000083300000, 0x0000000083300000|100%| O|  |TAMS 0x0000000083300000, 0x0000000083200000| Untracked 
|  51|0x0000000083300000, 0x0000000083400000, 0x0000000083400000|100%| O|  |TAMS 0x0000000083400000, 0x0000000083300000| Untracked 
|  52|0x0000000083400000, 0x0000000083500000, 0x0000000083500000|100%| O|  |TAMS 0x0000000083500000, 0x0000000083400000| Untracked 
|  53|0x0000000083500000, 0x0000000083600000, 0x0000000083600000|100%| O|  |TAMS 0x0000000083600000, 0x0000000083500000| Untracked 
|  54|0x0000000083600000, 0x0000000083700000, 0x0000000083700000|100%| O|  |TAMS 0x0000000083700000, 0x0000000083600000| Untracked 
|  55|0x0000000083700000, 0x0000000083800000, 0x0000000083800000|100%| O|  |TAMS 0x0000000083800000, 0x0000000083700000| Untracked 
|  56|0x0000000083800000, 0x0000000083900000, 0x0000000083900000|100%| O|  |TAMS 0x0000000083900000, 0x0000000083800000| Untracked 
|  57|0x0000000083900000, 0x0000000083a00000, 0x0000000083a00000|100%| O|  |TAMS 0x0000000083a00000, 0x0000000083900000| Untracked 
|  58|0x0000000083a00000, 0x0000000083b00000, 0x0000000083b00000|100%| O|  |TAMS 0x0000000083b00000, 0x0000000083a00000| Untracked 
|  59|0x0000000083b00000, 0x0000000083c00000, 0x0000000083c00000|100%| O|  |TAMS 0x0000000083c00000, 0x0000000083b00000| Untracked 
|  60|0x0000000083c00000, 0x0000000083d00000, 0x0000000083d00000|100%| O|  |TAMS 0x0000000083d00000, 0x0000000083c00000| Untracked 
|  61|0x0000000083d00000, 0x0000000083e00000, 0x0000000083e00000|100%| O|  |TAMS 0x0000000083e00000, 0x0000000083d00000| Untracked 
|  62|0x0000000083e00000, 0x0000000083f00000, 0x0000000083f00000|100%| O|  |TAMS 0x0000000083f00000, 0x0000000083e00000| Untracked 
|  63|0x0000000083f00000, 0x0000000084000000, 0x0000000084000000|100%| O|  |TAMS 0x0000000084000000, 0x0000000083f00000| Untracked 
|  64|0x0000000084000000, 0x0000000084100000, 0x0000000084100000|100%| O|  |TAMS 0x0000000084100000, 0x0000000084000000| Untracked 
|  65|0x0000000084100000, 0x0000000084200000, 0x0000000084200000|100%| O|  |TAMS 0x0000000084200000, 0x0000000084100000| Untracked 
|  66|0x0000000084200000, 0x0000000084300000, 0x0000000084300000|100%| O|  |TAMS 0x0000000084300000, 0x0000000084200000| Untracked 
|  67|0x0000000084300000, 0x0000000084400000, 0x0000000084400000|100%| O|  |TAMS 0x0000000084400000, 0x0000000084300000| Untracked 
|  68|0x0000000084400000, 0x0000000084500000, 0x0000000084500000|100%| O|  |TAMS 0x0000000084500000, 0x0000000084400000| Untracked 
|  69|0x0000000084500000, 0x0000000084600000, 0x0000000084600000|100%| O|  |TAMS 0x0000000084600000, 0x0000000084500000| Untracked 
|  70|0x0000000084600000, 0x0000000084700000, 0x0000000084700000|100%| O|  |TAMS 0x0000000084700000, 0x0000000084600000| Untracked 
|  71|0x0000000084700000, 0x0000000084800000, 0x0000000084800000|100%| O|  |TAMS 0x0000000084800000, 0x0000000084700000| Untracked 
|  72|0x0000000084800000, 0x0000000084900000, 0x0000000084900000|100%| O|  |TAMS 0x0000000084900000, 0x0000000084800000| Untracked 
|  73|0x0000000084900000, 0x0000000084a00000, 0x0000000084a00000|100%| O|  |TAMS 0x0000000084a00000, 0x0000000084900000| Untracked 
|  74|0x0000000084a00000, 0x0000000084b00000, 0x0000000084b00000|100%| O|  |TAMS 0x0000000084b00000, 0x0000000084a00000| Untracked 
|  75|0x0000000084b00000, 0x0000000084c00000, 0x0000000084c00000|100%| O|  |TAMS 0x0000000084c00000, 0x0000000084b00000| Untracked 
|  76|0x0000000084c00000, 0x0000000084d00000, 0x0000000084d00000|100%| O|  |TAMS 0x0000000084d00000, 0x0000000084c00000| Untracked 
|  77|0x0000000084d00000, 0x0000000084e00000, 0x0000000084e00000|100%| O|  |TAMS 0x0000000084e00000, 0x0000000084d00000| Untracked 
|  78|0x0000000084e00000, 0x0000000084f00000, 0x0000000084f00000|100%| O|  |TAMS 0x0000000084f00000, 0x0000000084e00000| Untracked 
|  79|0x0000000084f00000, 0x0000000085000000, 0x0000000085000000|100%| O|  |TAMS 0x0000000085000000, 0x0000000084f00000| Untracked 
|  80|0x0000000085000000, 0x0000000085100000, 0x0000000085100000|100%| O|  |TAMS 0x0000000085100000, 0x0000000085000000| Untracked 
|  81|0x0000000085100000, 0x0000000085200000, 0x0000000085200000|100%| O|  |TAMS 0x0000000085200000, 0x0000000085100000| Untracked 
|  82|0x0000000085200000, 0x0000000085300000, 0x0000000085300000|100%| O|  |TAMS 0x0000000085300000, 0x0000000085200000| Untracked 
|  83|0x0000000085300000, 0x0000000085400000, 0x0000000085400000|100%| O|  |TAMS 0x0000000085400000, 0x0000000085300000| Untracked 
|  84|0x0000000085400000, 0x0000000085500000, 0x0000000085500000|100%| O|  |TAMS 0x0000000085500000, 0x0000000085400000| Untracked 
|  85|0x0000000085500000, 0x0000000085600000, 0x0000000085600000|100%| O|  |TAMS 0x000000008555a600, 0x0000000085500000| Untracked 
|  86|0x0000000085600000, 0x0000000085700000, 0x0000000085700000|100%| O|  |TAMS 0x0000000085600000, 0x0000000085600000| Untracked 
|  87|0x0000000085700000, 0x0000000085800000, 0x0000000085800000|100%| O|  |TAMS 0x0000000085700000, 0x0000000085700000| Untracked 
|  88|0x0000000085800000, 0x0000000085900000, 0x0000000085900000|100%| O|  |TAMS 0x0000000085800000, 0x0000000085800000| Untracked 
|  89|0x0000000085900000, 0x0000000085a00000, 0x0000000085a00000|100%| O|  |TAMS 0x0000000085900000, 0x0000000085900000| Untracked 
|  90|0x0000000085a00000, 0x0000000085b00000, 0x0000000085b00000|100%| O|  |TAMS 0x0000000085a00000, 0x0000000085a00000| Untracked 
|  91|0x0000000085b00000, 0x0000000085c00000, 0x0000000085c00000|100%| O|  |TAMS 0x0000000085b00000, 0x0000000085b00000| Untracked 
|  92|0x0000000085c00000, 0x0000000085d00000, 0x0000000085d00000|100%| O|  |TAMS 0x0000000085c00000, 0x0000000085c00000| Untracked 
|  93|0x0000000085d00000, 0x0000000085e00000, 0x0000000085e00000|100%| O|  |TAMS 0x0000000085d00000, 0x0000000085d00000| Untracked 
|  94|0x0000000085e00000, 0x0000000085f00000, 0x0000000085f00000|100%| O|  |TAMS 0x0000000085e00000, 0x0000000085e00000| Untracked 
|  95|0x0000000085f00000, 0x0000000086000000, 0x0000000086000000|100%| O|  |TAMS 0x0000000085f00000, 0x0000000085f00000| Untracked 
|  96|0x0000000086000000, 0x0000000086100000, 0x0000000086100000|100%| O|  |TAMS 0x0000000086000000, 0x0000000086000000| Untracked 
|  97|0x0000000086100000, 0x0000000086200000, 0x0000000086200000|100%| O|  |TAMS 0x0000000086100000, 0x0000000086100000| Untracked 
|  98|0x0000000086200000, 0x0000000086224400, 0x0000000086300000| 14%| O|  |TAMS 0x0000000086200000, 0x0000000086200000| Untracked 
|  99|0x0000000086300000, 0x0000000086300000, 0x0000000086400000|  0%| F|  |TAMS 0x0000000086300000, 0x0000000086300000| Untracked 
| 100|0x0000000086400000, 0x0000000086400000, 0x0000000086500000|  0%| F|  |TAMS 0x0000000086400000, 0x0000000086400000| Untracked 
| 101|0x0000000086500000, 0x0000000086500000, 0x0000000086600000|  0%| F|  |TAMS 0x0000000086500000, 0x0000000086500000| Untracked 
| 102|0x0000000086600000, 0x0000000086600000, 0x0000000086700000|  0%| F|  |TAMS 0x0000000086600000, 0x0000000086600000| Untracked 
| 103|0x0000000086700000, 0x0000000086700000, 0x0000000086800000|  0%| F|  |TAMS 0x0000000086700000, 0x0000000086700000| Untracked 
| 104|0x0000000086800000, 0x0000000086800000, 0x0000000086900000|  0%| F|  |TAMS 0x0000000086800000, 0x0000000086800000| Untracked 
| 105|0x0000000086900000, 0x0000000086900000, 0x0000000086a00000|  0%| F|  |TAMS 0x0000000086900000, 0x0000000086900000| Untracked 
| 106|0x0000000086a00000, 0x0000000086a00000, 0x0000000086b00000|  0%| F|  |TAMS 0x0000000086a00000, 0x0000000086a00000| Untracked 
| 107|0x0000000086b00000, 0x0000000086b00000, 0x0000000086c00000|  0%| F|  |TAMS 0x0000000086b00000, 0x0000000086b00000| Untracked 
| 108|0x0000000086c00000, 0x0000000086c00000, 0x0000000086d00000|  0%| F|  |TAMS 0x0000000086c00000, 0x0000000086c00000| Untracked 
| 109|0x0000000086d00000, 0x0000000086d00000, 0x0000000086e00000|  0%| F|  |TAMS 0x0000000086d00000, 0x0000000086d00000| Untracked 
| 110|0x0000000086e00000, 0x0000000086e00000, 0x0000000086f00000|  0%| F|  |TAMS 0x0000000086e00000, 0x0000000086e00000| Untracked 
| 111|0x0000000086f00000, 0x0000000086f00000, 0x0000000087000000|  0%| F|  |TAMS 0x0000000086f00000, 0x0000000086f00000| Untracked 
| 112|0x0000000087000000, 0x0000000087000000, 0x0000000087100000|  0%| F|  |TAMS 0x0000000087000000, 0x0000000087000000| Untracked 
| 113|0x0000000087100000, 0x0000000087100000, 0x0000000087200000|  0%| F|  |TAMS 0x0000000087100000, 0x0000000087100000| Untracked 
| 114|0x0000000087200000, 0x0000000087200000, 0x0000000087300000|  0%| F|  |TAMS 0x0000000087200000, 0x0000000087200000| Untracked 
| 115|0x0000000087300000, 0x0000000087300000, 0x0000000087400000|  0%| F|  |TAMS 0x0000000087300000, 0x0000000087300000| Untracked 
| 116|0x0000000087400000, 0x0000000087400000, 0x0000000087500000|  0%| F|  |TAMS 0x0000000087400000, 0x0000000087400000| Untracked 
| 117|0x0000000087500000, 0x0000000087500000, 0x0000000087600000|  0%| F|  |TAMS 0x0000000087500000, 0x0000000087500000| Untracked 
| 118|0x0000000087600000, 0x0000000087600000, 0x0000000087700000|  0%| F|  |TAMS 0x0000000087600000, 0x0000000087600000| Untracked 
| 119|0x0000000087700000, 0x0000000087700000, 0x0000000087800000|  0%| F|  |TAMS 0x0000000087700000, 0x0000000087700000| Untracked 
| 120|0x0000000087800000, 0x0000000087800000, 0x0000000087900000|  0%| F|  |TAMS 0x0000000087800000, 0x0000000087800000| Untracked 
| 121|0x0000000087900000, 0x0000000087900000, 0x0000000087a00000|  0%| F|  |TAMS 0x0000000087900000, 0x0000000087900000| Untracked 
| 122|0x0000000087a00000, 0x0000000087a00000, 0x0000000087b00000|  0%| F|  |TAMS 0x0000000087a00000, 0x0000000087a00000| Untracked 
| 123|0x0000000087b00000, 0x0000000087b00000, 0x0000000087c00000|  0%| F|  |TAMS 0x0000000087b00000, 0x0000000087b00000| Untracked 
| 124|0x0000000087c00000, 0x0000000087c00000, 0x0000000087d00000|  0%| F|  |TAMS 0x0000000087c00000, 0x0000000087c00000| Untracked 
| 125|0x0000000087d00000, 0x0000000087d00000, 0x0000000087e00000|  0%| F|  |TAMS 0x0000000087d00000, 0x0000000087d00000| Untracked 
| 126|0x0000000087e00000, 0x0000000087e00000, 0x0000000087f00000|  0%| F|  |TAMS 0x0000000087e00000, 0x0000000087e00000| Untracked 
| 127|0x0000000087f00000, 0x0000000087f00000, 0x0000000088000000|  0%| F|  |TAMS 0x0000000087f00000, 0x0000000087f00000| Untracked 
| 128|0x0000000088000000, 0x0000000088000000, 0x0000000088100000|  0%| F|  |TAMS 0x0000000088000000, 0x0000000088000000| Untracked 
| 129|0x0000000088100000, 0x0000000088100000, 0x0000000088200000|  0%| F|  |TAMS 0x0000000088100000, 0x0000000088100000| Untracked 
| 130|0x0000000088200000, 0x0000000088200000, 0x0000000088300000|  0%| F|  |TAMS 0x0000000088200000, 0x0000000088200000| Untracked 
| 131|0x0000000088300000, 0x0000000088300000, 0x0000000088400000|  0%| F|  |TAMS 0x0000000088300000, 0x0000000088300000| Untracked 
| 132|0x0000000088400000, 0x0000000088400000, 0x0000000088500000|  0%| F|  |TAMS 0x0000000088400000, 0x0000000088400000| Untracked 
| 133|0x0000000088500000, 0x0000000088500000, 0x0000000088600000|  0%| F|  |TAMS 0x0000000088500000, 0x0000000088500000| Untracked 
| 134|0x0000000088600000, 0x0000000088600000, 0x0000000088700000|  0%| F|  |TAMS 0x0000000088600000, 0x0000000088600000| Untracked 
| 135|0x0000000088700000, 0x0000000088700000, 0x0000000088800000|  0%| F|  |TAMS 0x0000000088700000, 0x0000000088700000| Untracked 
| 136|0x0000000088800000, 0x0000000088800000, 0x0000000088900000|  0%| F|  |TAMS 0x0000000088800000, 0x0000000088800000| Untracked 
| 137|0x0000000088900000, 0x0000000088900000, 0x0000000088a00000|  0%| F|  |TAMS 0x0000000088900000, 0x0000000088900000| Untracked 
| 138|0x0000000088a00000, 0x0000000088a00000, 0x0000000088b00000|  0%| F|  |TAMS 0x0000000088a00000, 0x0000000088a00000| Untracked 
| 139|0x0000000088b00000, 0x0000000088b00000, 0x0000000088c00000|  0%| F|  |TAMS 0x0000000088b00000, 0x0000000088b00000| Untracked 
| 140|0x0000000088c00000, 0x0000000088c00000, 0x0000000088d00000|  0%| F|  |TAMS 0x0000000088c00000, 0x0000000088c00000| Untracked 
| 141|0x0000000088d00000, 0x0000000088d00000, 0x0000000088e00000|  0%| F|  |TAMS 0x0000000088d00000, 0x0000000088d00000| Untracked 
| 142|0x0000000088e00000, 0x0000000088e00000, 0x0000000088f00000|  0%| F|  |TAMS 0x0000000088e00000, 0x0000000088e00000| Untracked 
| 143|0x0000000088f00000, 0x0000000088f00000, 0x0000000089000000|  0%| F|  |TAMS 0x0000000088f00000, 0x0000000088f00000| Untracked 
| 144|0x0000000089000000, 0x0000000089000000, 0x0000000089100000|  0%| F|  |TAMS 0x0000000089000000, 0x0000000089000000| Untracked 
| 145|0x0000000089100000, 0x0000000089100000, 0x0000000089200000|  0%| F|  |TAMS 0x0000000089100000, 0x0000000089100000| Untracked 
| 146|0x0000000089200000, 0x0000000089200000, 0x0000000089300000|  0%| F|  |TAMS 0x0000000089200000, 0x0000000089200000| Untracked 
| 147|0x0000000089300000, 0x0000000089300000, 0x0000000089400000|  0%| F|  |TAMS 0x0000000089300000, 0x0000000089300000| Untracked 
| 148|0x0000000089400000, 0x0000000089400000, 0x0000000089500000|  0%| F|  |TAMS 0x0000000089400000, 0x0000000089400000| Untracked 
| 149|0x0000000089500000, 0x0000000089500000, 0x0000000089600000|  0%| F|  |TAMS 0x0000000089500000, 0x0000000089500000| Untracked 
| 150|0x0000000089600000, 0x0000000089600000, 0x0000000089700000|  0%| F|  |TAMS 0x0000000089600000, 0x0000000089600000| Untracked 
| 151|0x0000000089700000, 0x0000000089700000, 0x0000000089800000|  0%| F|  |TAMS 0x0000000089700000, 0x0000000089700000| Untracked 
| 152|0x0000000089800000, 0x0000000089800000, 0x0000000089900000|  0%| F|  |TAMS 0x0000000089800000, 0x0000000089800000| Untracked 
| 153|0x0000000089900000, 0x0000000089900000, 0x0000000089a00000|  0%| F|  |TAMS 0x0000000089900000, 0x0000000089900000| Untracked 
| 154|0x0000000089a00000, 0x0000000089a00000, 0x0000000089b00000|  0%| F|  |TAMS 0x0000000089a00000, 0x0000000089a00000| Untracked 
| 155|0x0000000089b00000, 0x0000000089b00000, 0x0000000089c00000|  0%| F|  |TAMS 0x0000000089b00000, 0x0000000089b00000| Untracked 
| 156|0x0000000089c00000, 0x0000000089c00000, 0x0000000089d00000|  0%| F|  |TAMS 0x0000000089c00000, 0x0000000089c00000| Untracked 
| 157|0x0000000089d00000, 0x0000000089d00000, 0x0000000089e00000|  0%| F|  |TAMS 0x0000000089d00000, 0x0000000089d00000| Untracked 
| 158|0x0000000089e00000, 0x0000000089e00000, 0x0000000089f00000|  0%| F|  |TAMS 0x0000000089e00000, 0x0000000089e00000| Untracked 
| 159|0x0000000089f00000, 0x0000000089f00000, 0x000000008a000000|  0%| F|  |TAMS 0x0000000089f00000, 0x0000000089f00000| Untracked 
| 160|0x000000008a000000, 0x000000008a000000, 0x000000008a100000|  0%| F|  |TAMS 0x000000008a000000, 0x000000008a000000| Untracked 
| 161|0x000000008a100000, 0x000000008a100000, 0x000000008a200000|  0%| F|  |TAMS 0x000000008a100000, 0x000000008a100000| Untracked 
| 162|0x000000008a200000, 0x000000008a200000, 0x000000008a300000|  0%| F|  |TAMS 0x000000008a200000, 0x000000008a200000| Untracked 
| 163|0x000000008a300000, 0x000000008a300000, 0x000000008a400000|  0%| F|  |TAMS 0x000000008a300000, 0x000000008a300000| Untracked 
| 164|0x000000008a400000, 0x000000008a500000, 0x000000008a500000|100%| S|CS|TAMS 0x000000008a400000, 0x000000008a400000| Complete 
| 165|0x000000008a500000, 0x000000008a500000, 0x000000008a600000|  0%| F|  |TAMS 0x000000008a500000, 0x000000008a500000| Untracked 
| 166|0x000000008a600000, 0x000000008a600000, 0x000000008a700000|  0%| F|  |TAMS 0x000000008a600000, 0x000000008a600000| Untracked 
| 167|0x000000008a700000, 0x000000008a700000, 0x000000008a800000|  0%| F|  |TAMS 0x000000008a700000, 0x000000008a700000| Untracked 
| 168|0x000000008a800000, 0x000000008a800000, 0x000000008a900000|  0%| F|  |TAMS 0x000000008a800000, 0x000000008a800000| Untracked 
| 169|0x000000008a900000, 0x000000008a900000, 0x000000008aa00000|  0%| F|  |TAMS 0x000000008a900000, 0x000000008a900000| Untracked 
| 170|0x000000008aa00000, 0x000000008aa00000, 0x000000008ab00000|  0%| F|  |TAMS 0x000000008aa00000, 0x000000008aa00000| Untracked 
| 171|0x000000008ab00000, 0x000000008ab00000, 0x000000008ac00000|  0%| F|  |TAMS 0x000000008ab00000, 0x000000008ab00000| Untracked 
| 172|0x000000008ac00000, 0x000000008ac00000, 0x000000008ad00000|  0%| F|  |TAMS 0x000000008ac00000, 0x000000008ac00000| Untracked 
| 173|0x000000008ad00000, 0x000000008ad00000, 0x000000008ae00000|  0%| F|  |TAMS 0x000000008ad00000, 0x000000008ad00000| Untracked 
| 174|0x000000008ae00000, 0x000000008ae00000, 0x000000008af00000|  0%| F|  |TAMS 0x000000008ae00000, 0x000000008ae00000| Untracked 
| 175|0x000000008af00000, 0x000000008af00000, 0x000000008b000000|  0%| F|  |TAMS 0x000000008af00000, 0x000000008af00000| Untracked 
| 176|0x000000008b000000, 0x000000008b000000, 0x000000008b100000|  0%| F|  |TAMS 0x000000008b000000, 0x000000008b000000| Untracked 
| 177|0x000000008b100000, 0x000000008b100000, 0x000000008b200000|  0%| F|  |TAMS 0x000000008b100000, 0x000000008b100000| Untracked 
| 178|0x000000008b200000, 0x000000008b200000, 0x000000008b300000|  0%| F|  |TAMS 0x000000008b200000, 0x000000008b200000| Untracked 
| 179|0x000000008b300000, 0x000000008b300000, 0x000000008b400000|  0%| F|  |TAMS 0x000000008b300000, 0x000000008b300000| Untracked 
| 180|0x000000008b400000, 0x000000008b400000, 0x000000008b500000|  0%| F|  |TAMS 0x000000008b400000, 0x000000008b400000| Untracked 
| 181|0x000000008b500000, 0x000000008b500000, 0x000000008b600000|  0%| F|  |TAMS 0x000000008b500000, 0x000000008b500000| Untracked 
| 182|0x000000008b600000, 0x000000008b600000, 0x000000008b700000|  0%| F|  |TAMS 0x000000008b600000, 0x000000008b600000| Untracked 
| 183|0x000000008b700000, 0x000000008b700000, 0x000000008b800000|  0%| F|  |TAMS 0x000000008b700000, 0x000000008b700000| Untracked 
| 184|0x000000008b800000, 0x000000008b800000, 0x000000008b900000|  0%| F|  |TAMS 0x000000008b800000, 0x000000008b800000| Untracked 
| 185|0x000000008b900000, 0x000000008b900000, 0x000000008ba00000|  0%| F|  |TAMS 0x000000008b900000, 0x000000008b900000| Untracked 
| 186|0x000000008ba00000, 0x000000008ba00000, 0x000000008bb00000|  0%| F|  |TAMS 0x000000008ba00000, 0x000000008ba00000| Untracked 
| 187|0x000000008bb00000, 0x000000008bb00000, 0x000000008bc00000|  0%| F|  |TAMS 0x000000008bb00000, 0x000000008bb00000| Untracked 
| 188|0x000000008bc00000, 0x000000008bc00000, 0x000000008bd00000|  0%| F|  |TAMS 0x000000008bc00000, 0x000000008bc00000| Untracked 
| 189|0x000000008bd00000, 0x000000008bd00000, 0x000000008be00000|  0%| F|  |TAMS 0x000000008bd00000, 0x000000008bd00000| Untracked 

Card table byte_map: [0x000002a1eac80000,0x000002a1eb080000] _byte_map_base: 0x000002a1ea880000

Marking Bits (Prev, Next): (CMBitMap*) 0x000002a1d61dbd10, (CMBitMap*) 0x000002a1d61dbcd0
 Prev Bits: [0x000002a1ed480000, 0x000002a1ef480000)
 Next Bits: [0x000002a1eb480000, 0x000002a1ed480000)

Polling page: 0x000002a1d6240000

Metaspace:

Usage:
  Non-class:     84.19 MB used.
      Class:     13.41 MB used.
       Both:     97.59 MB used.

Virtual space:
  Non-class space:       88.00 MB reserved,      84.56 MB ( 96%) committed,  11 nodes.
      Class space:        1.00 GB reserved,      13.75 MB (  1%) committed,  1 nodes.
             Both:        1.09 GB reserved,      98.31 MB (  9%) committed. 

Chunk freelists:
   Non-Class:  3.30 MB
       Class:  2.25 MB
        Both:  5.55 MB

MaxMetaspaceSize: unlimited
CompressedClassSpaceSize: 1.00 GB
Initial GC threshold: 21.00 MB
Current GC threshold: 160.62 MB
CDS: off
MetaspaceReclaimPolicy: balanced
 - commit_granule_bytes: 65536.
 - commit_granule_words: 8192.
 - virtual_space_node_default_size: 1048576.
 - enlarge_chunks_in_place: 1.
 - new_chunks_are_fully_committed: 0.
 - uncommit_free_chunks: 1.
 - use_allocation_guard: 0.
 - handle_deallocations: 1.


Internal statistics:

num_allocs_failed_limit: 6.
num_arena_births: 1120.
num_arena_deaths: 0.
num_vsnodes_births: 12.
num_vsnodes_deaths: 0.
num_space_committed: 1573.
num_space_uncommitted: 0.
num_chunks_returned_to_freelist: 6.
num_chunks_taken_from_freelist: 4904.
num_chunk_merges: 6.
num_chunk_splits: 3211.
num_chunks_enlarged: 2103.
num_purges: 0.
num_inconsistent_stats: 0.

CodeHeap 'non-profiled nmethods': size=120000Kb used=6657Kb max_used=6657Kb free=113342Kb
 bounds [0x000002a1e28e0000, 0x000002a1e2f70000, 0x000002a1e9e10000]
CodeHeap 'profiled nmethods': size=120000Kb used=21055Kb max_used=21055Kb free=98944Kb
 bounds [0x000002a1dae10000, 0x000002a1dc2b0000, 0x000002a1e2340000]
CodeHeap 'non-nmethods': size=5760Kb used=2425Kb max_used=2471Kb free=3334Kb
 bounds [0x000002a1e2340000, 0x000002a1e25c0000, 0x000002a1e28e0000]
 total_blobs=11702 nmethods=10747 adapters=867
 compilation: enabled
              stopped_count=0, restarted_count=0
 full_count=0

Compilation events (20 events):
Event: 12.814 Thread 0x000002a1f28773e0 nmethod 12325 0x000002a1e2f60410 code [0x000002a1e2f605a0, 0x000002a1e2f60678]
Event: 12.814 Thread 0x000002a1f28773e0 12326       3       java.util.HashMap::capacity (32 bytes)
Event: 12.814 Thread 0x000002a1f28773e0 nmethod 12326 0x000002a1dc29cf90 code [0x000002a1dc29d140, 0x000002a1dc29d338]
Event: 12.815 Thread 0x000002a1f28773e0 12327       3       org.gradle.api.internal.artifacts.configurations.DefaultConfiguration::logIfImproperConfiguration (107 bytes)
Event: 12.817 Thread 0x000002a1f28773e0 nmethod 12327 0x000002a1dc29d410 code [0x000002a1dc29d800, 0x000002a1dc29f0d8]
Event: 12.817 Thread 0x000002a1f28773e0 12329       3       org.gradle.internal.properties.PropertyVisitor::visitOutputFileProperty (1 bytes)
Event: 12.817 Thread 0x000002a1f28773e0 nmethod 12329 0x000002a1dc29f910 code [0x000002a1dc29faa0, 0x000002a1dc29fbb8]
Event: 12.817 Thread 0x000002a1f28773e0 12328       3       org.gradle.api.internal.provider.Providers$NoValueProvider::calculateValue (5 bytes)
Event: 12.817 Thread 0x000002a1f28773e0 nmethod 12328 0x000002a1dc29fc90 code [0x000002a1dc29fe20, 0x000002a1dc29ff38]
Event: 12.819 Thread 0x000002a1f28773e0 12330       3       org.gradle.api.internal.provider.AbstractProperty::implicitFinalizeValue (15 bytes)
Event: 12.819 Thread 0x000002a1f28773e0 nmethod 12330 0x000002a1dc2a0010 code [0x000002a1dc2a01c0, 0x000002a1dc2a0458]
Event: 12.821 Thread 0x000002a1f28773e0 12331   !   3       sun.nio.ch.IOUtil::releaseScope (31 bytes)
Event: 12.821 Thread 0x000002a1f28773e0 nmethod 12331 0x000002a1dc2a0590 code [0x000002a1dc2a0760, 0x000002a1dc2a0aa8]
Event: 12.821 Thread 0x000002a1f28773e0 12332       3       sun.nio.ch.IOUtil::acquireScope (11 bytes)
Event: 12.821 Thread 0x000002a1f28773e0 nmethod 12332 0x000002a1dc2a0c10 code [0x000002a1dc2a0da0, 0x000002a1dc2a0ec8]
Event: 12.822 Thread 0x000002a1f28773e0 12333       3       org.gradle.api.internal.provider.ProviderResolutionStrategy$1::resolve (7 bytes)
Event: 12.822 Thread 0x000002a1f28773e0 nmethod 12333 0x000002a1dc2a0f90 code [0x000002a1dc2a1160, 0x000002a1dc2a14f8]
Event: 12.822 Thread 0x000002a1f28773e0 12334       3       org.gradle.internal.snapshot.impl.IsolatedImmutableManagedValue::hashCode (5 bytes)
Event: 12.823 Thread 0x000002a1f28773e0 nmethod 12334 0x000002a1dc2a1690 code [0x000002a1dc2a1840, 0x000002a1dc2a1a68]
Event: 12.823 Thread 0x000002a1f28773e0 12336   !   3       java.lang.invoke.BoundMethodHandle$Species_L::copyWithExtendL (31 bytes)

GC Heap History (20 events):
Event: 8.300 GC heap after
{Heap after GC invocations=35 (full 0):
 garbage-first heap   total 124928K, used 69820K [0x0000000080000000, 0x0000000100000000)
  region size 1024K, 1 young (1024K), 1 survivors (1024K)
 Metaspace       used 81375K, committed 81984K, reserved 1122304K
  class space    used 11083K, committed 11328K, reserved 1048576K
}
Event: 8.783 GC heap before
{Heap before GC invocations=35 (full 0):
 garbage-first heap   total 124928K, used 101564K [0x0000000080000000, 0x0000000100000000)
  region size 1024K, 32 young (32768K), 1 survivors (1024K)
 Metaspace       used 84573K, committed 85184K, reserved 1122304K
  class space    used 11559K, committed 11840K, reserved 1048576K
}
Event: 8.787 GC heap after
{Heap after GC invocations=36 (full 0):
 garbage-first heap   total 159744K, used 71517K [0x0000000080000000, 0x0000000100000000)
  region size 1024K, 3 young (3072K), 3 survivors (3072K)
 Metaspace       used 84573K, committed 85184K, reserved 1122304K
  class space    used 11559K, committed 11840K, reserved 1048576K
}
Event: 9.752 GC heap before
{Heap before GC invocations=37 (full 0):
 garbage-first heap   total 159744K, used 124765K [0x0000000080000000, 0x0000000100000000)
  region size 1024K, 55 young (56320K), 3 survivors (3072K)
 Metaspace       used 91111K, committed 91712K, reserved 1130496K
  class space    used 12471K, committed 12736K, reserved 1048576K
}
Event: 9.757 GC heap after
{Heap after GC invocations=38 (full 0):
 garbage-first heap   total 159744K, used 75412K [0x0000000080000000, 0x0000000100000000)
  region size 1024K, 6 young (6144K), 6 survivors (6144K)
 Metaspace       used 91111K, committed 91712K, reserved 1130496K
  class space    used 12471K, committed 12736K, reserved 1048576K
}
Event: 9.782 GC heap before
{Heap before GC invocations=38 (full 0):
 garbage-first heap   total 159744K, used 76436K [0x0000000080000000, 0x0000000100000000)
  region size 1024K, 7 young (7168K), 6 survivors (6144K)
 Metaspace       used 91281K, committed 91904K, reserved 1130496K
  class space    used 12493K, committed 12800K, reserved 1048576K
}
Event: 9.789 GC heap after
{Heap after GC invocations=39 (full 0):
 garbage-first heap   total 159744K, used 75594K [0x0000000080000000, 0x0000000100000000)
  region size 1024K, 1 young (1024K), 1 survivors (1024K)
 Metaspace       used 91281K, committed 91904K, reserved 1130496K
  class space    used 12493K, committed 12800K, reserved 1048576K
}
Event: 10.342 GC heap before
{Heap before GC invocations=39 (full 0):
 garbage-first heap   total 159744K, used 125770K [0x0000000080000000, 0x0000000100000000)
  region size 1024K, 50 young (51200K), 1 survivors (1024K)
 Metaspace       used 93418K, committed 94080K, reserved 1130496K
  class space    used 12791K, committed 13120K, reserved 1048576K
}
Event: 10.349 GC heap after
{Heap after GC invocations=40 (full 0):
 garbage-first heap   total 159744K, used 81054K [0x0000000080000000, 0x0000000100000000)
  region size 1024K, 7 young (7168K), 7 survivors (7168K)
 Metaspace       used 93418K, committed 94080K, reserved 1130496K
  class space    used 12791K, committed 13120K, reserved 1048576K
}
Event: 10.917 GC heap before
{Heap before GC invocations=41 (full 0):
 garbage-first heap   total 159744K, used 127134K [0x0000000080000000, 0x0000000100000000)
  region size 1024K, 52 young (53248K), 7 survivors (7168K)
 Metaspace       used 94938K, committed 95616K, reserved 1138688K
  class space    used 13060K, committed 13376K, reserved 1048576K
}
Event: 10.928 GC heap after
{Heap after GC invocations=42 (full 0):
 garbage-first heap   total 159744K, used 87345K [0x0000000080000000, 0x0000000100000000)
  region size 1024K, 7 young (7168K), 7 survivors (7168K)
 Metaspace       used 94938K, committed 95616K, reserved 1138688K
  class space    used 13060K, committed 13376K, reserved 1048576K
}
Event: 11.241 GC heap before
{Heap before GC invocations=42 (full 0):
 garbage-first heap   total 159744K, used 127281K [0x0000000080000000, 0x0000000100000000)
  region size 1024K, 47 young (48128K), 7 survivors (7168K)
 Metaspace       used 95562K, committed 96256K, reserved 1138688K
  class space    used 13198K, committed 13504K, reserved 1048576K
}
Event: 11.248 GC heap after
{Heap after GC invocations=43 (full 0):
 garbage-first heap   total 159744K, used 90904K [0x0000000080000000, 0x0000000100000000)
  region size 1024K, 4 young (4096K), 4 survivors (4096K)
 Metaspace       used 95562K, committed 96256K, reserved 1138688K
  class space    used 13198K, committed 13504K, reserved 1048576K
}
Event: 11.716 GC heap before
{Heap before GC invocations=44 (full 0):
 garbage-first heap   total 165888K, used 128792K [0x0000000080000000, 0x0000000100000000)
  region size 1024K, 42 young (43008K), 4 survivors (4096K)
 Metaspace       used 96159K, committed 96832K, reserved 1138688K
  class space    used 13251K, committed 13568K, reserved 1048576K
}
Event: 11.722 GC heap after
{Heap after GC invocations=45 (full 0):
 garbage-first heap   total 165888K, used 93545K [0x0000000080000000, 0x0000000100000000)
  region size 1024K, 6 young (6144K), 6 survivors (6144K)
 Metaspace       used 96159K, committed 96832K, reserved 1138688K
  class space    used 13251K, committed 13568K, reserved 1048576K
}
Event: 12.251 GC heap before
{Heap before GC invocations=45 (full 0):
 garbage-first heap   total 165888K, used 135529K [0x0000000080000000, 0x0000000100000000)
  region size 1024K, 48 young (49152K), 6 survivors (6144K)
 Metaspace       used 97492K, committed 98240K, reserved 1138688K
  class space    used 13435K, committed 13760K, reserved 1048576K
}
Event: 12.259 GC heap after
{Heap after GC invocations=46 (full 0):
 garbage-first heap   total 165888K, used 96575K [0x0000000080000000, 0x0000000100000000)
  region size 1024K, 6 young (6144K), 6 survivors (6144K)
 Metaspace       used 97492K, committed 98240K, reserved 1138688K
  class space    used 13435K, committed 13760K, reserved 1048576K
}
Event: 12.796 GC heap before
{Heap before GC invocations=47 (full 0):
 garbage-first heap   total 171008K, used 135487K [0x0000000080000000, 0x0000000100000000)
  region size 1024K, 45 young (46080K), 6 survivors (6144K)
 Metaspace       used 99728K, committed 100416K, reserved 1138688K
  class space    used 13701K, committed 14016K, reserved 1048576K
}
Event: 12.805 GC heap after
{Heap after GC invocations=48 (full 0):
 garbage-first heap   total 171008K, used 99832K [0x0000000080000000, 0x0000000100000000)
  region size 1024K, 6 young (6144K), 6 survivors (6144K)
 Metaspace       used 99728K, committed 100416K, reserved 1138688K
  class space    used 13701K, committed 14016K, reserved 1048576K
}
Event: 12.824 GC heap before
{Heap before GC invocations=48 (full 0):
 garbage-first heap   total 171008K, used 101880K [0x0000000080000000, 0x0000000100000000)
  region size 1024K, 8 young (8192K), 6 survivors (6144K)
 Metaspace       used 99934K, committed 100672K, reserved 1138688K
  class space    used 13727K, committed 14080K, reserved 1048576K
}

Dll operation events (2 events):
Event: 0.005 Loaded shared library C:\Program Files\Android\Android Studio\jbr\bin\java.dll
Event: 0.291 Loaded shared library C:\Program Files\Android\Android Studio\jbr\bin\verify.dll

Deoptimization events (20 events):
Event: 12.784 Thread 0x000002a1f6a077e0 DEOPT PACKING pc=0x000002a1dc23a1ec sp=0x000000fe38dfde20
Event: 12.784 Thread 0x000002a1f6a077e0 DEOPT UNPACKING pc=0x000002a1e239ace3 sp=0x000000fe38dfd378 mode 0
Event: 12.787 Thread 0x000002a1f2f88030 Uncommon trap: trap_request=0xffffffde fr.pc=0x000002a1e2d589e0 relative=0x00000000000004a0
Event: 12.787 Thread 0x000002a1f2f88030 Uncommon trap: reason=class_check action=maybe_recompile pc=0x000002a1e2d589e0 method=java.util.regex.Matcher.search(I)Z @ 121 c2
Event: 12.787 Thread 0x000002a1f2f88030 DEOPT PACKING pc=0x000002a1e2d589e0 sp=0x000000fe3bcfd230
Event: 12.787 Thread 0x000002a1f2f88030 DEOPT UNPACKING pc=0x000002a1e239a1a3 sp=0x000000fe3bcfd200 mode 2
Event: 12.788 Thread 0x000002a1f2f88030 Uncommon trap: trap_request=0xffffffde fr.pc=0x000002a1e2d589e0 relative=0x00000000000004a0
Event: 12.788 Thread 0x000002a1f2f88030 Uncommon trap: reason=class_check action=maybe_recompile pc=0x000002a1e2d589e0 method=java.util.regex.Matcher.search(I)Z @ 121 c2
Event: 12.789 Thread 0x000002a1f2f88030 DEOPT PACKING pc=0x000002a1e2d589e0 sp=0x000000fe3bcfd230
Event: 12.789 Thread 0x000002a1f2f88030 DEOPT UNPACKING pc=0x000002a1e239a1a3 sp=0x000000fe3bcfd200 mode 2
Event: 12.789 Thread 0x000002a1f2f88030 Uncommon trap: trap_request=0xffffffde fr.pc=0x000002a1e2d589e0 relative=0x00000000000004a0
Event: 12.789 Thread 0x000002a1f2f88030 Uncommon trap: reason=class_check action=maybe_recompile pc=0x000002a1e2d589e0 method=java.util.regex.Matcher.search(I)Z @ 121 c2
Event: 12.789 Thread 0x000002a1f2f88030 DEOPT PACKING pc=0x000002a1e2d589e0 sp=0x000000fe3bcfd230
Event: 12.789 Thread 0x000002a1f2f88030 DEOPT UNPACKING pc=0x000002a1e239a1a3 sp=0x000000fe3bcfd200 mode 2
Event: 12.790 Thread 0x000002a1f2f88030 Uncommon trap: trap_request=0xffffffde fr.pc=0x000002a1e2d589e0 relative=0x00000000000004a0
Event: 12.790 Thread 0x000002a1f2f88030 Uncommon trap: reason=class_check action=maybe_recompile pc=0x000002a1e2d589e0 method=java.util.regex.Matcher.search(I)Z @ 121 c2
Event: 12.790 Thread 0x000002a1f2f88030 DEOPT PACKING pc=0x000002a1e2d589e0 sp=0x000000fe3bcfd230
Event: 12.790 Thread 0x000002a1f2f88030 DEOPT UNPACKING pc=0x000002a1e239a1a3 sp=0x000000fe3bcfd200 mode 2
Event: 12.821 Thread 0x000002a1f9487f20 DEOPT PACKING pc=0x000002a1dc23a1ec sp=0x000000fe3b5fbd70
Event: 12.821 Thread 0x000002a1f9487f20 DEOPT UNPACKING pc=0x000002a1e239ace3 sp=0x000000fe3b5fb2c8 mode 0

Classes unloaded (0 events):
No events

Classes redefined (0 events):
No events

Internal exceptions (20 events):
Event: 10.952 Thread 0x000002a1f8b11e40 Exception <a 'java/lang/NoSuchMethodError'{0x00000000899c8f90}: 'java.lang.Object java.lang.invoke.DirectMethodHandle$Holder.invokeSpecialIFC(java.lang.Object, java.lang.Object, java.lang.Object)'> (0x00000000899c8f90) 
thrown [s\src\hotspot\share\interpreter\linkResolver.cpp, line 771]
Event: 10.952 Thread 0x000002a1f9485d70 Exception <a 'java/lang/NoSuchMethodError'{0x0000000089993358}: 'java.lang.Object java.lang.invoke.DirectMethodHandle$Holder.invokeSpecialIFC(java.lang.Object, java.lang.Object, java.lang.Object)'> (0x0000000089993358) 
thrown [s\src\hotspot\share\interpreter\linkResolver.cpp, line 771]
Event: 10.952 Thread 0x000002a1f8b13180 Exception <a 'java/lang/NoSuchMethodError'{0x00000000899d3008}: 'java.lang.Object java.lang.invoke.DirectMethodHandle$Holder.invokeSpecialIFC(java.lang.Object, java.lang.Object, java.lang.Object)'> (0x00000000899d3008) 
thrown [s\src\hotspot\share\interpreter\linkResolver.cpp, line 771]
Event: 11.022 Thread 0x000002a1f9487580 Exception <a 'java/lang/NoSuchMethodError'{0x0000000088f253f0}: static Lorg/jetbrains/kotlin/gradle/plugin/statistics/MetricContainer;.<clinit>()V> (0x0000000088f253f0) 
thrown [s\src\hotspot\share\prims\jni.cpp, line 1108]
Event: 11.639 Thread 0x000002a1f2f889d0 Exception <a 'java/lang/NoSuchMethodError'{0x00000000885e9968}: static Lcom/android/build/gradle/internal/scope/InternalArtifactType;.<clinit>()V> (0x00000000885e9968) 
thrown [s\src\hotspot\share\prims\jni.cpp, line 1108]
Event: 11.639 Thread 0x000002a1f2f889d0 Exception <a 'java/lang/NoSuchMethodError'{0x00000000885eb0a8}: static Lcom/android/build/gradle/internal/scope/InternalArtifactType;.<clinit>()V> (0x00000000885eb0a8) 
thrown [s\src\hotspot\share\prims\jni.cpp, line 1108]
Event: 11.639 Thread 0x000002a1f2f889d0 Exception <a 'java/lang/NoSuchMethodError'{0x00000000885ee248}: static Lcom/android/build/api/artifact/Artifact$Single;.<clinit>()V> (0x00000000885ee248) 
thrown [s\src\hotspot\share\prims\jni.cpp, line 1108]
Event: 11.639 Thread 0x000002a1f2f889d0 Exception <a 'java/lang/NoSuchMethodError'{0x00000000885f0a58}: static Ljava/lang/Object;.<clinit>()V> (0x00000000885f0a58) 
thrown [s\src\hotspot\share\prims\jni.cpp, line 1108]
Event: 11.641 Thread 0x000002a1f2f889d0 Exception <a 'java/lang/NoSuchMethodError'{0x0000000088407508}: static Lcom/android/build/api/artifact/ArtifactKind;.<clinit>()V> (0x0000000088407508) 
thrown [s\src\hotspot\share\prims\jni.cpp, line 1108]
Event: 11.641 Thread 0x000002a1f2f889d0 Exception <a 'java/lang/NoSuchMethodError'{0x00000000884086c8}: static Lcom/android/build/api/artifact/ArtifactKind;.<clinit>()V> (0x00000000884086c8) 
thrown [s\src\hotspot\share\prims\jni.cpp, line 1108]
Event: 11.886 Thread 0x000002a1f2f889d0 Exception <a 'java/lang/NoSuchMethodError'{0x00000000891d1788}: 'int java.lang.invoke.DirectMethodHandle$Holder.invokeSpecial(java.lang.Object, java.lang.Object, java.lang.Object, java.lang.Object, java.lang.Object)'> (0x00000000891d1788) 
thrown [s\src\hotspot\share\interpreter\linkResolver.cpp, line 771]
Event: 12.064 Thread 0x000002a1f2f889d0 Exception <a 'java/lang/NoSuchMethodError'{0x00000000881accc8}: 'void java.lang.invoke.DirectMethodHandle$Holder.invokeVirtual(java.lang.Object, java.lang.Object)'> (0x00000000881accc8) 
thrown [s\src\hotspot\share\interpreter\linkResolver.cpp, line 771]
Event: 12.635 Thread 0x000002a1f2f889d0 Exception <a 'java/lang/NoSuchMethodError'{0x000000008967a028}: static Lorg/jetbrains/kotlin/incremental/ChangedFiles$Known;.<clinit>()V> (0x000000008967a028) 
thrown [s\src\hotspot\share\prims\jni.cpp, line 1108]
Event: 12.638 Thread 0x000002a1f2f889d0 Exception <a 'java/lang/NoSuchMethodError'{0x00000000896bf450}: static Lorg/jetbrains/kotlin/incremental/ClasspathChanges$ClasspathSnapshotEnabled$IncrementalRun$NoChanges;.<clinit>()V> (0x00000000896bf450) 
thrown [s\src\hotspot\share\prims\jni.cpp, line 1108]
Event: 12.638 Thread 0x000002a1f2f889d0 Exception <a 'java/lang/NoSuchMethodError'{0x00000000896c13b0}: static Lorg/jetbrains/kotlin/incremental/ClasspathChanges$ClasspathSnapshotEnabled$IncrementalRun;.<clinit>()V> (0x00000000896c13b0) 
thrown [s\src\hotspot\share\prims\jni.cpp, line 1108]
Event: 12.638 Thread 0x000002a1f2f889d0 Exception <a 'java/lang/NoSuchMethodError'{0x00000000896c2e50}: static Lorg/jetbrains/kotlin/incremental/ClasspathChanges$ClasspathSnapshotEnabled;.<clinit>()V> (0x00000000896c2e50) 
thrown [s\src\hotspot\share\prims\jni.cpp, line 1108]
Event: 12.638 Thread 0x000002a1f2f889d0 Exception <a 'java/lang/NoSuchMethodError'{0x00000000896c4e90}: static Lorg/jetbrains/kotlin/incremental/ClasspathChanges;.<clinit>()V> (0x00000000896c4e90) 
thrown [s\src\hotspot\share\prims\jni.cpp, line 1108]
Event: 12.646 Thread 0x000002a1f2f889d0 Exception <a 'java/lang/NoSuchMethodError'{0x000000008953fc90}: static Lorg/jetbrains/kotlin/build/report/metrics/BuildMetricsReporterImpl;.<clinit>()V> (0x000000008953fc90) 
thrown [s\src\hotspot\share\prims\jni.cpp, line 1108]
Event: 12.650 Thread 0x000002a1f2f889d0 Exception <a 'java/lang/NoSuchMethodError'{0x0000000089585360}: static Lorg/jetbrains/kotlin/build/report/metrics/GcMetrics;.<clinit>()V> (0x0000000089585360) 
thrown [s\src\hotspot\share\prims\jni.cpp, line 1108]
Event: 12.676 Thread 0x000002a1f9485d70 Exception <a 'sun/nio/fs/WindowsException'{0x00000000894873d0}> (0x00000000894873d0) 
thrown [s\src\hotspot\share\prims\jni.cpp, line 517]

VM Operations (20 events):
Event: 11.883 Executing VM operation: HandshakeAllThreads done
Event: 11.885 Executing VM operation: HandshakeAllThreads
Event: 11.885 Executing VM operation: HandshakeAllThreads done
Event: 11.988 Executing VM operation: ICBufferFull
Event: 11.988 Executing VM operation: ICBufferFull done
Event: 12.139 Executing VM operation: HandshakeAllThreads
Event: 12.139 Executing VM operation: HandshakeAllThreads done
Event: 12.251 Executing VM operation: G1CollectForAllocation
Event: 12.259 Executing VM operation: G1CollectForAllocation done
Event: 12.347 Executing VM operation: G1Concurrent
Event: 12.353 Executing VM operation: G1Concurrent done
Event: 12.398 Executing VM operation: G1Concurrent
Event: 12.398 Executing VM operation: G1Concurrent done
Event: 12.561 Executing VM operation: HandshakeAllThreads
Event: 12.561 Executing VM operation: HandshakeAllThreads done
Event: 12.736 Executing VM operation: ICBufferFull
Event: 12.736 Executing VM operation: ICBufferFull done
Event: 12.795 Executing VM operation: G1CollectForAllocation
Event: 12.806 Executing VM operation: G1CollectForAllocation done
Event: 12.824 Executing VM operation: G1CollectForAllocation

Events (20 events):
Event: 12.820 loading class sun/rmi/runtime/Log$LoggerLog$1
Event: 12.820 loading class sun/rmi/runtime/Log$LoggerLog$1 done
Event: 12.820 loading class sun/rmi/runtime/Log$InternalStreamHandler
Event: 12.820 loading class sun/rmi/runtime/Log$InternalStreamHandler done
Event: 12.820 loading class java/util/logging/SimpleFormatter
Event: 12.820 loading class java/util/logging/Formatter
Event: 12.821 loading class java/util/logging/Formatter done
Event: 12.821 loading class java/util/logging/SimpleFormatter done
Event: 12.821 loading class jdk/internal/logger/SurrogateLogger
Event: 12.821 loading class jdk/internal/logger/SimpleConsoleLogger
Event: 12.822 loading class jdk/internal/logger/SimpleConsoleLogger done
Event: 12.822 loading class jdk/internal/logger/SurrogateLogger done
Event: 12.822 loading class sun/util/logging/PlatformLogger
Event: 12.822 loading class sun/util/logging/PlatformLogger done
Event: 12.822 loading class sun/util/logging/PlatformLogger$Level
Event: 12.823 loading class sun/util/logging/PlatformLogger$Level done
Event: 12.823 loading class jdk/internal/logger/SimpleConsoleLogger$Formatting
Event: 12.823 loading class jdk/internal/logger/SimpleConsoleLogger$Formatting done
Event: 12.823 loading class java/util/logging/Handler$1
Event: 12.824 loading class java/util/logging/Handler$1 done


Dynamic libraries:
0x00007ff777360000 - 0x00007ff77736a000 	C:\Program Files\Android\Android Studio\jbr\bin\java.exe
0x00007ff8113f0000 - 0x00007ff811606000 	C:\WINDOWS\SYSTEM32\ntdll.dll
0x00007ff810640000 - 0x00007ff810704000 	C:\WINDOWS\System32\KERNEL32.DLL
0x00007ff80e870000 - 0x00007ff80ec16000 	C:\WINDOWS\System32\KERNELBASE.dll
0x00007ff80eeb0000 - 0x00007ff80efc1000 	C:\WINDOWS\System32\ucrtbase.dll
0x00007ff80ad20000 - 0x00007ff80ad3b000 	C:\Program Files\Android\Android Studio\jbr\bin\VCRUNTIME140.dll
0x00007fffced50000 - 0x00007fffced67000 	C:\Program Files\Android\Android Studio\jbr\bin\jli.dll
0x00007ff80f5a0000 - 0x00007ff80f74d000 	C:\WINDOWS\System32\USER32.dll
0x00007ff80e730000 - 0x00007ff80e756000 	C:\WINDOWS\System32\win32u.dll
0x00007ffff2dd0000 - 0x00007ffff3063000 	C:\WINDOWS\WinSxS\amd64_microsoft.windows.common-controls_6595b64144ccf1df_6.0.22621.3235_none_270f74e173860f98\COMCTL32.dll
0x00007ff810d00000 - 0x00007ff810d29000 	C:\WINDOWS\System32\GDI32.dll
0x00007ff811300000 - 0x00007ff8113a7000 	C:\WINDOWS\System32\msvcrt.dll
0x00007ff80ec20000 - 0x00007ff80ed38000 	C:\WINDOWS\System32\gdi32full.dll
0x00007ff80e760000 - 0x00007ff80e7fa000 	C:\WINDOWS\System32\msvcp_win.dll
0x00007ff80f3e0000 - 0x00007ff80f411000 	C:\WINDOWS\System32\IMM32.DLL
0x00007ff80af30000 - 0x00007ff80af3c000 	C:\Program Files\Android\Android Studio\jbr\bin\vcruntime140_1.dll
0x00007fffe3060000 - 0x00007fffe30ed000 	C:\Program Files\Android\Android Studio\jbr\bin\msvcp140.dll
0x00007fffc4030000 - 0x00007fffc4c9e000 	C:\Program Files\Android\Android Studio\jbr\bin\server\jvm.dll
0x00007ff810710000 - 0x00007ff8107c2000 	C:\WINDOWS\System32\ADVAPI32.dll
0x00007ff810590000 - 0x00007ff810638000 	C:\WINDOWS\System32\sechost.dll
0x00007ff80efd0000 - 0x00007ff80eff8000 	C:\WINDOWS\System32\bcrypt.dll
0x00007ff810be0000 - 0x00007ff810cf5000 	C:\WINDOWS\System32\RPCRT4.dll
0x00007ff805b10000 - 0x00007ff805b44000 	C:\WINDOWS\SYSTEM32\WINMM.dll
0x00007fffe6900000 - 0x00007fffe6909000 	C:\WINDOWS\SYSTEM32\WSOCK32.dll
0x00007ff8035b0000 - 0x00007ff8035ba000 	C:\WINDOWS\SYSTEM32\VERSION.dll
0x00007ff811270000 - 0x00007ff8112e1000 	C:\WINDOWS\System32\WS2_32.dll
0x00007ff80d730000 - 0x00007ff80d748000 	C:\WINDOWS\SYSTEM32\kernel.appcore.dll
0x00007ff80b580000 - 0x00007ff80b58a000 	C:\Program Files\Android\Android Studio\jbr\bin\jimage.dll
0x00007ff80bf50000 - 0x00007ff80c183000 	C:\WINDOWS\SYSTEM32\DBGHELP.DLL
0x00007ff810830000 - 0x00007ff810bb8000 	C:\WINDOWS\System32\combase.dll
0x00007ff80f300000 - 0x00007ff80f3d7000 	C:\WINDOWS\System32\OLEAUT32.dll
0x00007fffdc790000 - 0x00007fffdc7c2000 	C:\WINDOWS\SYSTEM32\dbgcore.DLL
0x00007ff80f0c0000 - 0x00007ff80f13a000 	C:\WINDOWS\System32\bcryptPrimitives.dll
0x00007fffc9130000 - 0x00007fffc9155000 	C:\Program Files\Android\Android Studio\jbr\bin\java.dll
0x00007fffdea80000 - 0x00007fffdea98000 	C:\Program Files\Android\Android Studio\jbr\bin\zip.dll
0x00007ff80fa80000 - 0x00007ff8102dd000 	C:\WINDOWS\System32\SHELL32.dll
0x00007ff80c640000 - 0x00007ff80cf38000 	C:\WINDOWS\SYSTEM32\windows.storage.dll
0x00007ff80c500000 - 0x00007ff80c63e000 	C:\WINDOWS\SYSTEM32\wintypes.dll
0x00007ff80f4a0000 - 0x00007ff80f593000 	C:\WINDOWS\System32\SHCORE.dll
0x00007ff811210000 - 0x00007ff81126e000 	C:\WINDOWS\System32\shlwapi.dll
0x00007ff80e660000 - 0x00007ff80e686000 	C:\WINDOWS\SYSTEM32\profapi.dll
0x00007fffdbdb0000 - 0x00007fffdbdc9000 	C:\Program Files\Android\Android Studio\jbr\bin\net.dll
0x00007ff8089b0000 - 0x00007ff808ae7000 	C:\WINDOWS\SYSTEM32\WINHTTP.dll
0x00007ff80dba0000 - 0x00007ff80dc09000 	C:\WINDOWS\system32\mswsock.dll
0x00007fffd4360000 - 0x00007fffd4376000 	C:\Program Files\Android\Android Studio\jbr\bin\nio.dll
0x00007ff808670000 - 0x00007ff808680000 	C:\Program Files\Android\Android Studio\jbr\bin\verify.dll
0x00007ff80ad40000 - 0x00007ff80ad67000 	C:\Users\yk5fe\.gradle\native\68d5fa5c4cc2d200863cafc0d521ce42e7d3e7ee720ec0a83991735586a16f82\windows-amd64\native-platform.dll
0x00007fffd1e40000 - 0x00007fffd1f84000 	C:\Users\yk5fe\.gradle\native\e376f236ea51e6404a007f0833ffe2c6e607c4080706a723a18a27aeea778392\windows-amd64\native-platform-file-events.dll
0x00007ff807930000 - 0x00007ff807939000 	C:\Program Files\Android\Android Studio\jbr\bin\management.dll
0x00007ffff1e60000 - 0x00007ffff1e6b000 	C:\Program Files\Android\Android Studio\jbr\bin\management_ext.dll
0x00007ff8104a0000 - 0x00007ff8104a8000 	C:\WINDOWS\System32\PSAPI.DLL
0x00007ff80def0000 - 0x00007ff80df0b000 	C:\WINDOWS\SYSTEM32\CRYPTSP.dll
0x00007ff80d690000 - 0x00007ff80d6c5000 	C:\WINDOWS\system32\rsaenh.dll
0x00007ff80dc40000 - 0x00007ff80dc6c000 	C:\WINDOWS\SYSTEM32\USERENV.dll
0x00007ff80ded0000 - 0x00007ff80dedc000 	C:\WINDOWS\SYSTEM32\CRYPTBASE.dll
0x00007ff80d1a0000 - 0x00007ff80d1cd000 	C:\WINDOWS\SYSTEM32\IPHLPAPI.DLL
0x00007ff8104b0000 - 0x00007ff8104b9000 	C:\WINDOWS\System32\NSI.dll
0x00007ff8088d0000 - 0x00007ff8088e9000 	C:\WINDOWS\SYSTEM32\dhcpcsvc6.DLL
0x00007ff808890000 - 0x00007ff8088af000 	C:\WINDOWS\SYSTEM32\dhcpcsvc.DLL
0x00007ff80d1d0000 - 0x00007ff80d2c9000 	C:\WINDOWS\SYSTEM32\DNSAPI.dll
0x00007ffff1480000 - 0x00007ffff1488000 	C:\WINDOWS\system32\wshunix.dll
0x00007fffdc170000 - 0x00007fffdc187000 	C:\WINDOWS\system32\napinsp.dll
0x00007fffcee20000 - 0x00007fffcee3b000 	C:\WINDOWS\system32\pnrpnsp.dll
0x00007fffcee00000 - 0x00007fffcee11000 	C:\WINDOWS\System32\winrnr.dll
0x00007fffd7670000 - 0x00007fffd7685000 	C:\WINDOWS\system32\wshbth.dll
0x00007fffcc0a0000 - 0x00007fffcc0c1000 	C:\WINDOWS\system32\nlansp_c.dll
0x000000006d050000 - 0x000000006d076000 	C:\Program Files\Bonjour\mdnsNSP.dll
0x00007ff808650000 - 0x00007ff80865a000 	C:\Windows\System32\rasadhlp.dll
0x00007ff805fb0000 - 0x00007ff806033000 	C:\WINDOWS\System32\fwpuclnt.dll

dbghelp: loaded successfully - version: 4.0.5 - missing functions: none
symbol engine: initialized successfully - sym options: 0x614 - pdb path: .;C:\Program Files\Android\Android Studio\jbr\bin;C:\WINDOWS\SYSTEM32;C:\WINDOWS\WinSxS\amd64_microsoft.windows.common-controls_6595b64144ccf1df_6.0.22621.3235_none_270f74e173860f98;C:\Program Files\Android\Android Studio\jbr\bin\server;C:\Users\yk5fe\.gradle\native\68d5fa5c4cc2d200863cafc0d521ce42e7d3e7ee720ec0a83991735586a16f82\windows-amd64;C:\Users\yk5fe\.gradle\native\e376f236ea51e6404a007f0833ffe2c6e607c4080706a723a18a27aeea778392\windows-amd64;C:\Program Files\Bonjour

VM Arguments:
jvm_args: --add-opens=java.base/java.util=ALL-UNNAMED --add-opens=java.base/java.lang=ALL-UNNAMED --add-opens=java.base/java.lang.invoke=ALL-UNNAMED --add-opens=java.prefs/java.util.prefs=ALL-UNNAMED --add-opens=java.base/java.nio.charset=ALL-UNNAMED --add-opens=java.base/java.net=ALL-UNNAMED --add-opens=java.base/java.util.concurrent.atomic=ALL-UNNAMED -Xmx2048m -Dfile.encoding=UTF-8 -Duser.country=FR -Duser.language=fr -Duser.variant 
java_command: org.gradle.launcher.daemon.bootstrap.GradleDaemon 8.0
java_class_path (initial): C:\Users\yk5fe\.gradle\wrapper\dists\gradle-8.0-bin\ca5e32bp14vu59qr306oxotwh\gradle-8.0\lib\gradle-launcher-8.0.jar
Launcher Type: SUN_STANDARD

[Global flags]
     intx CICompilerCount                          = 4                                         {product} {ergonomic}
     uint ConcGCThreads                            = 2                                         {product} {ergonomic}
     uint G1ConcRefinementThreads                  = 8                                         {product} {ergonomic}
   size_t G1HeapRegionSize                         = 1048576                                   {product} {ergonomic}
    uintx GCDrainStackTargetSize                   = 64                                        {product} {ergonomic}
   size_t InitialHeapSize                          = 199229440                                 {product} {ergonomic}
   size_t MarkStackSize                            = 4194304                                   {product} {ergonomic}
   size_t MaxHeapSize                              = 2147483648                                {product} {command line}
   size_t MaxNewSize                               = 1287651328                                {product} {ergonomic}
   size_t MinHeapDeltaBytes                        = 1048576                                   {product} {ergonomic}
   size_t MinHeapSize                              = 8388608                                   {product} {ergonomic}
    uintx NonNMethodCodeHeapSize                   = 5839372                                {pd product} {ergonomic}
    uintx NonProfiledCodeHeapSize                  = 122909434                              {pd product} {ergonomic}
    uintx ProfiledCodeHeapSize                     = 122909434                              {pd product} {ergonomic}
    uintx ReservedCodeCacheSize                    = 251658240                              {pd product} {ergonomic}
     bool SegmentedCodeCache                       = true                                      {product} {ergonomic}
   size_t SoftMaxHeapSize                          = 2147483648                             {manageable} {ergonomic}
     bool UseCompressedClassPointers               = true                           {product lp64_product} {ergonomic}
     bool UseCompressedOops                        = true                           {product lp64_product} {ergonomic}
     bool UseG1GC                                  = true                                      {product} {ergonomic}
     bool UseLargePagesIndividualAllocation        = false                                  {pd product} {ergonomic}

Logging:
Log output configuration:
 #0: stdout all=warning uptime,level,tags
 #1: stderr all=off uptime,level,tags

Environment Variables:
JAVA_HOME=C:\Program Files\Java\jdk-20
PATH=C:\Program Files\Java\jdk-20\bin;C:\ADMINISTRATION\WINDOWS\bin;C:\Program Files\Common Files\Oracle\Java\javapath;C:\WINDOWS\system32;C:\WINDOWS;C:\WINDOWS\System32\Wbem;C:\WINDOWS\System32\WindowsPowerShell\v1.0\;C:\WINDOWS\System32\OpenSSH\;C:\Program Files\Git\cmd;C:\Program Files\MySQL\MySQL Server 5.1\bin;C:\Users\yk5fe\AppData\Roaming\nvm;C:\Program Files\nodejs;C:\Program Files\nodejs\;C:\Program Files (x86)\Windows Kits\10\Windows Performance Toolkit\;C:\Users\yk5fe\AppData\Local\Programs\Python\Python39\Scripts\;C:\Users\yk5fe\AppData\Local\Programs\Python\Python39\;C:\Program Files\Java\jdk-20\bin;C:\ADMINISTRATION\WINDOWS\bin;C:\Program Files\Common Files\Oracle\Java\javapath;C:\WINDOWS\system32;C:\WINDOWS;C:\WINDOWS\System32\Wbem;C:\WINDOWS\System32\WindowsPowerShell\v1.0\;C:\WINDOWS\System32\OpenSSH\;C:\Program Files\Git\cmd;C:\Program Files\MySQL\MySQL Server 5.1\bin;C:\Users\yk5fe\AppData\Roaming\nvm;C:\Program Files\nodejs;C:\Program Files\nodejs\;C:\Program Files (x86)\Windows Kits\10\Windows Performance Toolkit\;C:\Program Files\Java\jdk-20\bin;C:\ADMINISTRATION\WINDOWS\bin;C:\Program Files\Common Files\Oracle\Java\javapath;C:\WINDOWS\system32;C:\WINDOWS;C:\WINDOWS\System32\Wbem;C:\WINDOWS\System32\WindowsPowerShell\v1.0\;C:\WINDOWS\System32\OpenSSH\;C:\Program Files\Git\cmd;C:\Program Files\MySQL\MySQL Server 5.1\bin;C:\Users\yk5fe\AppData\Roaming\nvm;C:\Program Files\nodejs;C:\Program Files\nodejs\;C:\Program Files (x86)\Windows Kits\;C:\Users\yk5fe\AppData\Local\Programs\Microsoft VS Code\bin
USERNAME=yk5fe
OS=Windows_NT
PROCESSOR_IDENTIFIER=Intel64 Family 6 Model 140 Stepping 2, GenuineIntel
TMP=C:\Users\yk5fe\AppData\Local\Temp
TEMP=C:\Users\yk5fe\AppData\Local\Temp


JNI global refs:
JNI global refs: 26, weak refs: 10

JNI global refs memory usage: 843, weak refs: 841


---------------  S Y S T E M  ---------------

OS:
 Windows 11 , 64 bit Build 22621 (10.0.22621.3235)
OS uptime: 1 days 16:28 hours
Hyper-V role detected

CPU: total 8 (initial active 8) (4 cores per cpu, 2 threads per core) family 6 model 140 stepping 2 microcode 0x2c, cx8, cmov, fxsr, ht, mmx, 3dnowpref, sse, sse2, sse3, ssse3, sse4.1, sse4.2, popcnt, lzcnt, tsc, tscinvbit, avx, avx2, aes, erms, clmul, bmi1, bmi2, adx, avx512f, avx512dq, avx512cd, avx512bw, avx512vl, sha, fma, vzeroupper, avx512_vpopcntdq, avx512_vpclmulqdq, avx512_vaes, avx512_vnni, clflush, clflushopt, clwb, avx512_vbmi2, avx512_vbmi, hv

Memory: 4k page, system-wide physical 12037M (580M free)
TotalPageFile size 14437M (AvailPageFile size 33M)
current process WorkingSet (physical memory assigned to process): 444M, peak: 446M
current process commit charge ("private bytes"): 503M, peak: 593M

vm_info: OpenJDK 64-Bit Server VM (17.0.6+0-b2043.56-10027231) for windows-amd64 JRE (17.0.6+0-b2043.56-10027231), built on Apr 28 2023 00:43:19 by "androidbuild" with MS VC++ 16.10 / 16.11 (VS2019)

END.
